Log file open, 01/21/17 14:10:07
LogInit:Display: Running engine for game: TSUNAMI_SMACKDOWN
LogPlatformFile: Not using cached read wrapper
LogInit:Display: RandInit(-42632709) SRandInit(-42632708).
LogTaskGraph: Started task graph with 5 named threads and 6 total threads with 1 sets of task threads.
LogStats: Stats thread started at 1.202277
LogPluginManager: Loaded Plugin Paper2D, From C:/Program Files (x86)/Epic Games/4.14/Engine/Plugins/2D/Paper2D/Paper2D.uplugin
LogPluginManager: Loaded Plugin LightPropagationVolume, From C:/Program Files (x86)/Epic Games/4.14/Engine/Plugins/Blendables/LightPropagationVolume/LightPropagationVolume.uplugin
LogPluginManager: Loaded Plugin BlankPlugin, From C:/Program Files (x86)/Epic Games/4.14/Engine/Plugins/Developer/BlankPlugin/BlankPlugin.uplugin
LogPluginManager: Loaded Plugin CodeLiteSourceCodeAccess, From C:/Program Files (x86)/Epic Games/4.14/Engine/Plugins/Developer/CodeLiteSourceCodeAccess/CodeLiteSourceCodeAccess.uplugin
LogPluginManager: Loaded Plugin GitSourceControl, From C:/Program Files (x86)/Epic Games/4.14/Engine/Plugins/Developer/GitSourceControl/GitSourceControl.uplugin
LogPluginManager: Loaded Plugin KDevelopSourceCodeAccess, From C:/Program Files (x86)/Epic Games/4.14/Engine/Plugins/Developer/KDevelopSourceCodeAccess/KDevelopSourceCodeAccess.uplugin
LogPluginManager: Loaded Plugin NullSourceCodeAccess, From C:/Program Files (x86)/Epic Games/4.14/Engine/Plugins/Developer/NullSourceCodeAccess/NullSourceCodeAccess.uplugin
LogPluginManager: Loaded Plugin OneSkyLocalizationService, From C:/Program Files (x86)/Epic Games/4.14/Engine/Plugins/Developer/OneSkyLocalizationService/OneSkyLocalizationService.uplugin
LogPluginManager: Loaded Plugin PerforceSourceControl, From C:/Program Files (x86)/Epic Games/4.14/Engine/Plugins/Developer/PerforceSourceControl/PerforceSourceControl.uplugin
LogPluginManager: Loaded Plugin SubversionSourceControl, From C:/Program Files (x86)/Epic Games/4.14/Engine/Plugins/Developer/SubversionSourceControl/SubversionSourceControl.uplugin
LogPluginManager: Loaded Plugin UObjectPlugin, From C:/Program Files (x86)/Epic Games/4.14/Engine/Plugins/Developer/UObjectPlugin/UObjectPlugin.uplugin
LogPluginManager: Loaded Plugin VisualStudioSourceCodeAccess, From C:/Program Files (x86)/Epic Games/4.14/Engine/Plugins/Developer/VisualStudioSourceCodeAccess/VisualStudioSourceCodeAccess.uplugin
LogPluginManager: Loaded Plugin XCodeSourceCodeAccess, From C:/Program Files (x86)/Epic Games/4.14/Engine/Plugins/Developer/XCodeSourceCodeAccess/XCodeSourceCodeAccess.uplugin
LogPluginManager: Loaded Plugin AudioCapture, From C:/Program Files (x86)/Epic Games/4.14/Engine/Plugins/Editor/AudioCapture/AudioCapture.uplugin
LogPluginManager: Loaded Plugin EpicSurvey, From C:/Program Files (x86)/Epic Games/4.14/Engine/Plugins/Editor/EpicSurvey/EpicSurvey.uplugin
LogPluginManager: Loaded Plugin MacGraphicsSwitching, From C:/Program Files (x86)/Epic Games/4.14/Engine/Plugins/Editor/MacGraphicsSwitching/MacGraphicsSwitching.uplugin
LogPluginManager: Loaded Plugin MobileLauncherProfileWizard, From C:/Program Files (x86)/Epic Games/4.14/Engine/Plugins/Editor/MobileLauncherProfileWizard/MobileLauncherProfileWizard.uplugin
LogPluginManager: Loaded Plugin PluginBrowser, From C:/Program Files (x86)/Epic Games/4.14/Engine/Plugins/Editor/PluginBrowser/PluginBrowser.uplugin
LogPluginManager: Loaded Plugin SpeedTreeImporter, From C:/Program Files (x86)/Epic Games/4.14/Engine/Plugins/Editor/SpeedTreeImporter/SpeedTreeImporter.uplugin
LogPluginManager: Loaded Plugin SuperSearchEditor, From C:/Program Files (x86)/Epic Games/4.14/Engine/Plugins/Editor/SuperSearchEditor/SuperSearchEditor.uplugin
LogPluginManager: Loaded Plugin AlembicImporter, From C:/Program Files (x86)/Epic Games/4.14/Engine/Plugins/Experimental/AlembicImporter/AlembicImporter.uplugin
LogPluginManager: Loaded Plugin BlueprintStats, From C:/Program Files (x86)/Epic Games/4.14/Engine/Plugins/Experimental/BlueprintStats/BlueprintStats.uplugin
LogPluginManager: Loaded Plugin CharacterAI, From C:/Program Files (x86)/Epic Games/4.14/Engine/Plugins/Experimental/CharacterAI/CharacterAI.uplugin
LogPluginManager: Loaded Plugin CodeEditor, From C:/Program Files (x86)/Epic Games/4.14/Engine/Plugins/Experimental/CodeEditor/CodeEditor.uplugin
LogPluginManager: Loaded Plugin CodeView, From C:/Program Files (x86)/Epic Games/4.14/Engine/Plugins/Experimental/CodeView/CodeView.uplugin
LogPluginManager: Loaded Plugin HTML5Networking, From C:/Program Files (x86)/Epic Games/4.14/Engine/Plugins/Experimental/HTML5Networking/HTML5Networking.uplugin
LogPluginManager: Loaded Plugin OSVR, From C:/Program Files (x86)/Epic Games/4.14/Engine/Plugins/Experimental/OSVR/OSVR.uplugin
LogPluginManager: Loaded Plugin Phya, From C:/Program Files (x86)/Epic Games/4.14/Engine/Plugins/Experimental/Phya/Phya.uplugin
LogPluginManager: Loaded Plugin SignificanceManager, From C:/Program Files (x86)/Epic Games/4.14/Engine/Plugins/Experimental/SignificanceManager/SignificanceManager.uplugin
LogPluginManager: Loaded Plugin SimpleHMD, From C:/Program Files (x86)/Epic Games/4.14/Engine/Plugins/Experimental/SimpleHMD/SimpleHMD.uplugin
LogPluginManager: Loaded Plugin StereoPanorama, From C:/Program Files (x86)/Epic Games/4.14/Engine/Plugins/Experimental/StereoPanorama/StereoPanorama.uplugin
LogPluginManager: Loaded Plugin StructBox, From C:/Program Files (x86)/Epic Games/4.14/Engine/Plugins/Experimental/StructBox/StructBox.uplugin
LogPluginManager: Loaded Plugin AndroidMedia, From C:/Program Files (x86)/Epic Games/4.14/Engine/Plugins/Media/AndroidMedia/AndroidMedia.uplugin
LogPluginManager: Loaded Plugin AvfMedia, From C:/Program Files (x86)/Epic Games/4.14/Engine/Plugins/Media/AvfMedia/AvfMedia.uplugin
LogPluginManager: Loaded Plugin MediaPlayerEditor, From C:/Program Files (x86)/Epic Games/4.14/Engine/Plugins/Media/MediaPlayerEditor/MediaPlayerEditor.uplugin
LogPluginManager: Loaded Plugin WmfMedia, From C:/Program Files (x86)/Epic Games/4.14/Engine/Plugins/Media/WmfMedia/WmfMedia.uplugin
LogPluginManager: Loaded Plugin MessagingDebugger, From C:/Program Files (x86)/Epic Games/4.14/Engine/Plugins/Messaging/MessagingDebugger/MessagingDebugger.uplugin
LogPluginManager: Loaded Plugin TcpMessaging, From C:/Program Files (x86)/Epic Games/4.14/Engine/Plugins/Messaging/TcpMessaging/TcpMessaging.uplugin
LogPluginManager: Loaded Plugin UdpMessaging, From C:/Program Files (x86)/Epic Games/4.14/Engine/Plugins/Messaging/UdpMessaging/UdpMessaging.uplugin
LogPluginManager: Loaded Plugin LevelSequenceEditor, From C:/Program Files (x86)/Epic Games/4.14/Engine/Plugins/MovieScene/LevelSequenceEditor/LevelSequenceEditor.uplugin
LogPluginManager: Loaded Plugin MatineeToLevelSequence, From C:/Program Files (x86)/Epic Games/4.14/Engine/Plugins/MovieScene/MatineeToLevelSequence/MatineeToLevelSequence.uplugin
LogPluginManager: Loaded Plugin NetcodeUnitTest, From C:/Program Files (x86)/Epic Games/4.14/Engine/Plugins/NetcodeUnitTest/NetcodeUnitTest/NetcodeUnitTest.uplugin
LogPluginManager: Loaded Plugin NUTUnrealEngine4, From C:/Program Files (x86)/Epic Games/4.14/Engine/Plugins/NetcodeUnitTest/NUTUnrealEngine4/NUTUnrealEngine4.uplugin
LogPluginManager: Loaded Plugin OnlineSubsystemGameCircle, From C:/Program Files (x86)/Epic Games/4.14/Engine/Plugins/Online/Android/OnlineSubsystemGameCircle/OnlineSubsystemGameCircle.uplugin
LogPluginManager: Loaded Plugin OnlineSubsystemGooglePlay, From C:/Program Files (x86)/Epic Games/4.14/Engine/Plugins/Online/Android/OnlineSubsystemGooglePlay/OnlineSubsystemGooglePlay.uplugin
LogPluginManager: Loaded Plugin OnlineSubsystemIOS, From C:/Program Files (x86)/Epic Games/4.14/Engine/Plugins/Online/IOS/OnlineSubsystemIOS/OnlineSubsystemIOS.uplugin
LogPluginManager: Loaded Plugin OnlineFramework, From C:/Program Files (x86)/Epic Games/4.14/Engine/Plugins/Online/OnlineFramework/OnlineFramework.uplugin
LogPluginManager: Loaded Plugin OnlineSubsystem, From C:/Program Files (x86)/Epic Games/4.14/Engine/Plugins/Online/OnlineSubsystem/OnlineSubsystem.uplugin
LogPluginManager: Loaded Plugin OnlineSubsystemAmazon, From C:/Program Files (x86)/Epic Games/4.14/Engine/Plugins/Online/OnlineSubsystemAmazon/OnlineSubsystemAmazon.uplugin
LogPluginManager: Loaded Plugin OnlineSubsystemFacebook, From C:/Program Files (x86)/Epic Games/4.14/Engine/Plugins/Online/OnlineSubsystemFacebook/OnlineSubsystemFacebook.uplugin
LogPluginManager: Loaded Plugin OnlineSubsystemNull, From C:/Program Files (x86)/Epic Games/4.14/Engine/Plugins/Online/OnlineSubsystemNull/OnlineSubsystemNull.uplugin
LogPluginManager: Loaded Plugin OnlineSubsystemOculus, From C:/Program Files (x86)/Epic Games/4.14/Engine/Plugins/Online/OnlineSubsystemOculus/OnlineSubsystemOculus.uplugin
LogPluginManager: Loaded Plugin OnlineSubsystemSteam, From C:/Program Files (x86)/Epic Games/4.14/Engine/Plugins/Online/OnlineSubsystemSteam/OnlineSubsystemSteam.uplugin
LogPluginManager: Loaded Plugin OnlineSubsystemUtils, From C:/Program Files (x86)/Epic Games/4.14/Engine/Plugins/Online/OnlineSubsystemUtils/OnlineSubsystemUtils.uplugin
LogPluginManager: Loaded Plugin IOSTapJoy, From C:/Program Files (x86)/Epic Games/4.14/Engine/Plugins/Runtime/Advertising/IOSTapJoy/IOSTapJoy.uplugin
LogPluginManager: Loaded Plugin AnalyticsBlueprintLibrary, From C:/Program Files (x86)/Epic Games/4.14/Engine/Plugins/Runtime/Analytics/AnalyticsBlueprintLibrary/AnalyticsBlueprintLibrary.uplugin
LogPluginManager: Loaded Plugin AnalyticsMulticast, From C:/Program Files (x86)/Epic Games/4.14/Engine/Plugins/Runtime/Analytics/AnalyticsMulticast/AnalyticsMulticast.uplugin
LogPluginManager: Loaded Plugin Apsalar, From C:/Program Files (x86)/Epic Games/4.14/Engine/Plugins/Runtime/Analytics/Apsalar/Apsalar.uplugin
LogPluginManager: Loaded Plugin FileLogging, From C:/Program Files (x86)/Epic Games/4.14/Engine/Plugins/Runtime/Analytics/FileLogging/FileLogging.uplugin
LogPluginManager: Loaded Plugin Flurry, From C:/Program Files (x86)/Epic Games/4.14/Engine/Plugins/Runtime/Analytics/Flurry/Flurry.uplugin
LogPluginManager: Loaded Plugin AndroidDeviceProfileSelector, From C:/Program Files (x86)/Epic Games/4.14/Engine/Plugins/Runtime/AndroidDeviceProfileSelector/AndroidDeviceProfileSelector.uplugin
LogPluginManager: Loaded Plugin AndroidMoviePlayer, From C:/Program Files (x86)/Epic Games/4.14/Engine/Plugins/Runtime/AndroidMoviePlayer/AndroidMoviePlayer.uplugin
LogPluginManager: Loaded Plugin AppleMoviePlayer, From C:/Program Files (x86)/Epic Games/4.14/Engine/Plugins/Runtime/AppleMoviePlayer/AppleMoviePlayer.uplugin
LogPluginManager: Loaded Plugin ArchVisCharacter, From C:/Program Files (x86)/Epic Games/4.14/Engine/Plugins/Runtime/ArchVisCharacter/ArchVisCharacter.uplugin
LogPluginManager: Loaded Plugin CableComponent, From C:/Program Files (x86)/Epic Games/4.14/Engine/Plugins/Runtime/CableComponent/CableComponent.uplugin
LogPluginManager: Loaded Plugin CustomMeshComponent, From C:/Program Files (x86)/Epic Games/4.14/Engine/Plugins/Runtime/CustomMeshComponent/CustomMeshComponent.uplugin
LogPluginManager: Loaded Plugin ExampleDeviceProfileSelector, From C:/Program Files (x86)/Epic Games/4.14/Engine/Plugins/Runtime/ExampleDeviceProfileSelector/ExampleDeviceProfileSelector.uplugin
LogPluginManager: Loaded Plugin GearVR, From C:/Program Files (x86)/Epic Games/4.14/Engine/Plugins/Runtime/GearVR/GearVR.uplugin
LogPluginManager: Loaded Plugin GoogleVRController, From C:/Program Files (x86)/Epic Games/4.14/Engine/Plugins/Runtime/GoogleVR/GoogleVRController/GoogleVRController.uplugin
LogPluginManager: Loaded Plugin GoogleVRHMD, From C:/Program Files (x86)/Epic Games/4.14/Engine/Plugins/Runtime/GoogleVR/GoogleVRHMD/GoogleVRHMD.uplugin
LogPluginManager: Loaded Plugin IOSDeviceProfileSelector, From C:/Program Files (x86)/Epic Games/4.14/Engine/Plugins/Runtime/IOSDeviceProfileSelector/IOSDeviceProfileSelector.uplugin
LogPluginManager: Loaded Plugin LeapMotion, From C:/Program Files (x86)/Epic Games/4.14/Engine/Plugins/Runtime/LeapMotion/LeapMotion.uplugin
LogPluginManager: Loaded Plugin LinuxDeviceProfileSelector, From C:/Program Files (x86)/Epic Games/4.14/Engine/Plugins/Runtime/LinuxDeviceProfileSelector/LinuxDeviceProfileSelector.uplugin
LogPluginManager: Loaded Plugin MIDIDevice, From C:/Program Files (x86)/Epic Games/4.14/Engine/Plugins/Runtime/MIDIDevice/MIDIDevice.uplugin
LogPluginManager: Loaded Plugin MobilePatchingUtils, From C:/Program Files (x86)/Epic Games/4.14/Engine/Plugins/Runtime/MobilePatchingUtils/MobilePatchingUtils.uplugin
LogPluginManager: Loaded Plugin Ansel, From C:/Program Files (x86)/Epic Games/4.14/Engine/Plugins/Runtime/Nvidia/Ansel/Ansel.uplugin
LogPluginManager: Loaded Plugin OculusAudio, From C:/Program Files (x86)/Epic Games/4.14/Engine/Plugins/Runtime/OculusAudio/OculusAudio.uplugin
LogPluginManager: Loaded Plugin OculusInput, From C:/Program Files (x86)/Epic Games/4.14/Engine/Plugins/Runtime/OculusInput/OculusInput.uplugin
LogPluginManager: Loaded Plugin OculusLibrary, From C:/Program Files (x86)/Epic Games/4.14/Engine/Plugins/Runtime/OculusLibrary/OculusLibrary.uplugin
LogPluginManager: Loaded Plugin OculusRift, From C:/Program Files (x86)/Epic Games/4.14/Engine/Plugins/Runtime/OculusRift/OculusRift.uplugin
LogPluginManager: Loaded Plugin Oodle, From C:/Program Files (x86)/Epic Games/4.14/Engine/Plugins/Runtime/PacketHandlers/CompressionComponents/Oodle/Oodle.uplugin
LogPluginManager: Loaded Plugin ProceduralMeshComponent, From C:/Program Files (x86)/Epic Games/4.14/Engine/Plugins/Runtime/ProceduralMeshComponent/ProceduralMeshComponent.uplugin
LogPluginManager: Loaded Plugin SoundMod, From C:/Program Files (x86)/Epic Games/4.14/Engine/Plugins/Runtime/SoundMod/SoundMod.uplugin
LogPluginManager: Loaded Plugin SoundVisualizations, From C:/Program Files (x86)/Epic Games/4.14/Engine/Plugins/Runtime/SoundVisualizations/SoundVisualizations.uplugin
LogPluginManager: Loaded Plugin SteamController, From C:/Program Files (x86)/Epic Games/4.14/Engine/Plugins/Runtime/Steam/SteamController/SteamController.uplugin
LogPluginManager: Loaded Plugin SteamVR, From C:/Program Files (x86)/Epic Games/4.14/Engine/Plugins/Runtime/Steam/SteamVR/SteamVR.uplugin
LogPluginManager: Loaded Plugin WebBrowserWidget, From C:/Program Files (x86)/Epic Games/4.14/Engine/Plugins/Runtime/WebBrowserWidget/WebBrowserWidget.uplugin
LogPluginManager: Loaded Plugin WindowsDeviceProfileSelector, From C:/Program Files (x86)/Epic Games/4.14/Engine/Plugins/Runtime/WindowsDeviceProfileSelector/WindowsDeviceProfileSelector.uplugin
LogPluginManager: Loaded Plugin WindowsMoviePlayer, From C:/Program Files (x86)/Epic Games/4.14/Engine/Plugins/Runtime/WindowsMoviePlayer/WindowsMoviePlayer.uplugin
LogPluginManager: Loaded Plugin ScriptPlugin, From C:/Program Files (x86)/Epic Games/4.14/Engine/Plugins/ScriptPlugin/ScriptPlugin.uplugin
LogPluginManager: Loaded Plugin SlateRemote, From C:/Program Files (x86)/Epic Games/4.14/Engine/Plugins/Slate/SlateRemote/SlateRemote.uplugin
LogPluginManager: Loaded Plugin EditorTests, From C:/Program Files (x86)/Epic Games/4.14/Engine/Plugins/Tests/EditorTests/EditorTests.uplugin
LogPluginManager: Loaded Plugin FbxAutomationTestBuilder, From C:/Program Files (x86)/Epic Games/4.14/Engine/Plugins/Tests/FbxAutomationTestBuilder/FbxAutomationTestBuilder.uplugin
LogPluginManager: Loaded Plugin FunctionalTestingEditor, From C:/Program Files (x86)/Epic Games/4.14/Engine/Plugins/Tests/FunctionalTestingEditor/FunctionalTestingEditor.uplugin
LogPluginManager: Loaded Plugin RuntimeTests, From C:/Program Files (x86)/Epic Games/4.14/Engine/Plugins/Tests/RuntimeTests/RuntimeTests.uplugin
LogPluginManager: Loaded Plugin ScreenshotTools, From C:/Program Files (x86)/Epic Games/4.14/Engine/Plugins/Tests/ScreenshotTools/ScreenshotTools.uplugin
LogInit: Using libcurl 7.47.1
LogInit:  - built for x86_64-pc-win32
LogInit:  - supports SSL with OpenSSL/1.0.2g
LogInit:  - supports HTTP deflate (compression) using libz 1.2.8
LogInit:  - other features:
LogInit:      CURL_VERSION_SSL
LogInit:      CURL_VERSION_LIBZ
LogInit:      CURL_VERSION_IPV6
LogInit:      CURL_VERSION_ASYNCHDNS
LogInit:      CURL_VERSION_LARGEFILE
LogInit:      CURL_VERSION_IDN
LogInit:  CurlRequestOptions (configurable via config and command line):
LogInit:  - bVerifyPeer = false  - Libcurl will NOT verify peer certificate
LogInit:  - bUseHttpProxy = false  - Libcurl will NOT use HTTP proxy
LogInit:  - bDontReuseConnections = false  - Libcurl will reuse connections
LogInit:  - CertBundlePath = nullptr  - Libcurl will use whatever was configured at build time.
LogInit: Build: ++UE4+Release-4.14-CL-3249277
LogInit: Engine Version: 4.14.3-3249277+++UE4+Release-4.14
LogInit: Compatible Engine Version: 4.14.0-3195953+++UE4+Release-4.14
LogInit: Net CL: 3195953
LogDevObjectVersion: Number of dev versions registered: 13
LogDevObjectVersion:   Dev-Blueprints (B0D832E4-1F89-4F0D-ACCF-7EB736FD4AA2): 7
LogDevObjectVersion:   Dev-Build (E1C64328-A22C-4D53-A36C-8E866417BD8C): 0
LogDevObjectVersion:   Dev-Core (375EC13C-06E4-48FB-B500-84F0262A717E): 1
LogDevObjectVersion:   Dev-Editor (E4B068ED-F494-42E9-A231-DA0B2E46BB41): 8
LogDevObjectVersion:   Dev-Framework (CFFC743F-43B0-4480-9391-14DF171D2073): 17
LogDevObjectVersion:   Dev-Mobile (B02B49B5-BB20-44E9-A304-32B752E40360): 0
LogDevObjectVersion:   Dev-Networking (A4E4105C-59A1-49B5-A7C5-40C4547EDFEE): 0
LogDevObjectVersion:   Dev-Online (39C831C9-5AE6-47DC-9A44-9C173E1C8E7C): 0
LogDevObjectVersion:   Dev-Physics (78F01B33-EBEA-4F98-B9B4-84EACCB95AA2): 0
LogDevObjectVersion:   Dev-Platform (6631380F-2D4D-43E0-8009-CF276956A95A): 0
LogDevObjectVersion:   Dev-Rendering (12F88B9F-8875-4AFC-A67C-D90C383ABD29): 12
LogDevObjectVersion:   Dev-Sequencer (7B5AE74C-D270-4C10-A958-57980B212A5A): 1
LogDevObjectVersion:   Dev-VR (D7296918-1DD6-4BDD-9DE2-64A83CC13884): 0
LogInit: Compiled (64-bit): Jan  6 2017 10:49:43
LogInit: Compiled with Visual C++: 19.00.23026.00
LogInit: Build Configuration: Development
LogInit: Branch Name: ++UE4+Release-4.14
LogInit: Command line:  
LogInit: Base directory: C:/Program Files (x86)/Epic Games/4.14/Engine/Binaries/Win64/
LogInit: Installed Engine Build: 1
LogInit: Presizing for max 8388607 objects, including 0 objects not considered by GC, pre-allocating 0 bytes for permanent pool.
LogInit: Object subsystem initialized
[2017.01.21-22.10.09:274][  0]LogInit: Selected Device Profile: [Windows]
[2017.01.21-22.10.09:274][  0]LogInit: Applying CVar settings loaded from the selected device profile: [Windows]
[2017.01.21-22.10.09:345][  0]LogInit: Computer: TJANDRAPC
[2017.01.21-22.10.09:345][  0]LogInit: User: Daniel
[2017.01.21-22.10.09:345][  0]LogInit: CPU Page size=65536, Cores=2
[2017.01.21-22.10.09:345][  0]LogInit: High frequency timer resolution =2.533198 MHz
[2017.01.21-22.10.09:347][  0]LogMemory: Memory total: Physical=7.9GB (8GB approx)
[2017.01.21-22.10.09:347][  0]LogMemory: Platform Memory Stats for Windows
[2017.01.21-22.10.09:347][  0]LogMemory: Process Physical Memory: 263.82 MB used, 263.82 MB peak
[2017.01.21-22.10.09:347][  0]LogMemory: Process Virtual Memory: 262.33 MB used, 262.33 MB peak
[2017.01.21-22.10.09:347][  0]LogMemory: Physical Memory: 3852.08 MB used,  4232.20 MB free, 8084.27 MB total
[2017.01.21-22.10.09:347][  0]LogMemory: Virtual Memory: 674.54 MB used,  4232.20 MB free, 134217728.00 MB total
[2017.01.21-22.10.11:448][  0]LogTextLocalizationManager: No specific translations for ('en-US') exist, so ('en') translations will be used.
[2017.01.21-22.10.18:628][  0]LogD3D11RHI: D3D11 adapters:
[2017.01.21-22.10.18:921][  0]LogD3D11RHI:    0. 'NVIDIA GeForce GT 820M' (Feature Level 11_0)
[2017.01.21-22.10.18:921][  0]LogD3D11RHI:       1999/0/4042 MB DedicatedVideo/DedicatedSystem/SharedSystem, Outputs:2, VendorId:0x10de
[2017.01.21-22.10.18:934][  0]LogD3D11RHI:    1. 'Intel(R) HD Graphics Family' (Feature Level 11_0)
[2017.01.21-22.10.18:934][  0]LogD3D11RHI:       112/0/2048 MB DedicatedVideo/DedicatedSystem/SharedSystem, Outputs:0, VendorId:0x8086
[2017.01.21-22.10.18:938][  0]LogD3D11RHI:    2. 'Microsoft Basic Render Driver' (Feature Level 11_0)
[2017.01.21-22.10.18:938][  0]LogD3D11RHI:       0/0/4042 MB DedicatedVideo/DedicatedSystem/SharedSystem, Outputs:0, VendorId:0x1414
[2017.01.21-22.10.18:938][  0]LogD3D11RHI: Chosen D3D11 Adapter: 0
[2017.01.21-22.10.18:948][  0]LogD3D11RHI: Creating new Direct3DDevice
[2017.01.21-22.10.18:948][  0]LogD3D11RHI:     GPU DeviceId: 0x1140 (for the marketing name, search the web for "GPU Device Id")
[2017.01.21-22.10.18:948][  0]LogWindows: EnumDisplayDevices:
[2017.01.21-22.10.18:949][  0]LogWindows:    0. 'Intel(R) HD Graphics Family' (P:1 D:1)
[2017.01.21-22.10.18:950][  0]LogWindows:    1. 'Intel(R) HD Graphics Family' (P:0 D:1)
[2017.01.21-22.10.18:950][  0]LogWindows:    2. 'Intel(R) HD Graphics Family' (P:0 D:0)
[2017.01.21-22.10.18:951][  0]LogWindows: DebugString: PrimaryIsNotTheChoosenAdapter PrimaryIsNotTheChoosenAdapter PrimaryIsNotTheChoosenAdapter FoundDriverCount:0 
[2017.01.21-22.10.18:951][  0]LogD3D11RHI:     Adapter Name: NVIDIA GeForce GT 820M
[2017.01.21-22.10.18:951][  0]LogD3D11RHI:   Driver Version: Unknown (internal:Unknown, unified:Unknown)
[2017.01.21-22.10.18:951][  0]LogD3D11RHI:      Driver Date: Unknown
[2017.01.21-22.10.18:951][  0]LogRHI: Texture pool is 1361 MB (70% of 1945 MB)
[2017.01.21-22.10.18:982][  0]LogD3D11RHI:Warning: Timestamp queries are currently disabled on this hardware due to instability. Realtime GPU stats will not be available. You can override this behaviour by setting r.NVIDIATimestampWorkaround to 0
[2017.01.21-22.10.18:982][  0]LogD3D11RHI: Async texture creation enabled
[2017.01.21-22.10.19:031][  0]LogD3D11RHI: GPU Timing Frequency: 1000.000000 (Debug: 2 1)
[2017.01.21-22.10.19:033][  0]LogShaderCompilers: Guid format shader working directory is -14 characters bigger than the processId version (../../../../TSUNAMI SMACKDOWN/GGJ-2017-Wave/TSUNAMI_SMACKDOWN/Intermediate/Shaders/WorkingDirectory/9308/).
[2017.01.21-22.10.19:033][  0]LogShaderCompilers: Cleaned the shader compiler working directory 'C:/Users/Daniel/AppData/Local/Temp/UnrealShaderWorkingDir/96480AA94000C92BD261C58013DE4EAA/'.
[2017.01.21-22.10.19:033][  0]LogShaderCompilers:Display: Using Local Shader Compiler.
[2017.01.21-22.10.26:800][  0]LogTemp:Display: Loaded TP AllDesktopTargetPlatform
[2017.01.21-22.10.27:041][  0]LogTemp:Display: Loaded TP MacClientTargetPlatform
[2017.01.21-22.10.27:190][  0]LogTemp:Display: Loaded TP MacNoEditorTargetPlatform
[2017.01.21-22.10.27:343][  0]LogTemp:Display: Loaded TP MacServerTargetPlatform
[2017.01.21-22.10.27:489][  0]LogTemp:Display: Loaded TP MacTargetPlatform
[2017.01.21-22.10.27:678][  0]LogTemp:Display: Loaded TP WindowsClientTargetPlatform
[2017.01.21-22.10.27:821][  0]LogTemp:Display: Loaded TP WindowsNoEditorTargetPlatform
[2017.01.21-22.10.27:994][  0]LogTemp:Display: Loaded TP WindowsServerTargetPlatform
[2017.01.21-22.10.28:185][  0]LogTemp:Display: Loaded TP WindowsTargetPlatform
[2017.01.21-22.10.28:417][  0]LogTemp:Display: Loaded TP AndroidTargetPlatform
[2017.01.21-22.10.28:589][  0]LogTemp:Display: Loaded TP Android_ASTCTargetPlatform
[2017.01.21-22.10.28:899][  0]LogTemp:Display: Loaded TP Android_ATCTargetPlatform
[2017.01.21-22.10.29:117][  0]LogTemp:Display: Loaded TP Android_DXTTargetPlatform
[2017.01.21-22.10.29:321][  0]LogTemp:Display: Loaded TP Android_ETC1TargetPlatform
[2017.01.21-22.10.29:658][  0]LogTemp:Display: Loaded TP Android_ETC2TargetPlatform
[2017.01.21-22.10.29:955][  0]LogTemp:Display: Loaded TP Android_MultiTargetPlatform
[2017.01.21-22.10.29:955][  0]LogTemp:Display: Loaded TP Android_PVRTCTargetPlatform
[2017.01.21-22.10.30:123][  0]LogTemp:Display: Loaded TP HTML5TargetPlatform
[2017.01.21-22.10.30:793][  0]LogTemp:Display: Loaded TP IOSTargetPlatform
[2017.01.21-22.10.30:958][  0]LogTemp:Display: Loaded TP TVOSTargetPlatform
[2017.01.21-22.10.31:175][  0]LogTemp:Display: Loaded TP LinuxClientTargetPlatform
[2017.01.21-22.10.31:563][  0]LogTemp:Display: Loaded TP LinuxNoEditorTargetPlatform
[2017.01.21-22.10.31:786][  0]LogTemp:Display: Loaded TP LinuxServerTargetPlatform
[2017.01.21-22.10.32:037][  0]LogTemp:Display: Loaded TP LinuxTargetPlatform
[2017.01.21-22.10.32:037][  0]LogTargetPlatformManager:Display: Building Assets For Windows
[2017.01.21-22.10.36:082][  0]LogDerivedDataCache:Display: Max Cache Size: 512 MB
[2017.01.21-22.10.37:234][  0]LogDerivedDataCache: Loaded boot cache 1.13s 50MB C:/Users/Daniel/AppData/Local/UnrealEngine/4.14/DerivedDataCache/Boot.ddc.
[2017.01.21-22.10.37:235][  0]LogDerivedDataCache:Display: Loaded Boot cache: C:/Users/Daniel/AppData/Local/UnrealEngine/4.14/DerivedDataCache/Boot.ddc
[2017.01.21-22.10.37:235][  0]LogDerivedDataCache: FDerivedDataBackendGraph:  Pak pak cache file ../../../../TSUNAMI SMACKDOWN/GGJ-2017-Wave/TSUNAMI_SMACKDOWN/DerivedDataCache/DDC.ddp not found, will not use a pak cache.
[2017.01.21-22.10.37:235][  0]LogDerivedDataCache: Unable to find inner node Pak for hierarchical cache Hierarchy.
[2017.01.21-22.10.37:235][  0]LogDerivedDataCache: FDerivedDataBackendGraph:  CompressedPak pak cache file ../../../../TSUNAMI SMACKDOWN/GGJ-2017-Wave/TSUNAMI_SMACKDOWN/DerivedDataCache/Compressed.ddp not found, will not use a pak cache.
[2017.01.21-22.10.37:235][  0]LogDerivedDataCache: Unable to find inner node CompressedPak for hierarchical cache Hierarchy.
[2017.01.21-22.10.37:355][  0]LogDerivedDataCache:Display: Pak cache opened for reading ../../../Engine/DerivedDataCache/Compressed.ddp.
[2017.01.21-22.10.37:540][  0]LogDerivedDataCache: Using Local data cache path C:/Users/Daniel/AppData/Local/UnrealEngine/Common/DerivedDataCache: Writable
[2017.01.21-22.10.45:496][  0]LogInit: Selected Device Profile: [Windows]
[2017.01.21-22.10.45:624][  0]LogContentStreaming: Texture pool size is 0.00 MB
[2017.01.21-22.10.47:236][  0]LogMeshUtilities: Using QuadricMeshReduction for automatic static mesh reduction
[2017.01.21-22.10.47:706][  0]LogSimplygon: Simplygon DLL not present - disabling.
[2017.01.21-22.10.47:958][  0]LogMeshUtilities: Using SimplygonSwarm for distributed automatic mesh merging
[2017.01.21-22.10.47:958][  0]LogMeshUtilities: No automatic skeletal mesh reduction module available
[2017.01.21-22.10.47:958][  0]LogMeshUtilities: No automatic mesh merging module available
[2017.01.21-22.10.56:700][  0]LogNetVersion: GetLocalNetworkVersion: CL: 3195953, ProjectName: tsunami_smackdown, ProjectVersion: , EngineNetworkVersion: 2, GameNetworkVersion: 0, NetworkChecksum: 218061758
[2017.01.21-22.10.57:236][  0]LogAssetRegistry: FAssetRegistry took 0.0219 seconds to start up
[2017.01.21-22.10.57:465][  0]LogPackageLocalizationCache: Processed 3 localized package path(s) for 2 prioritized culture(s) in 0.184132 seconds
[2017.01.21-22.10.57:471][  0]LogUObjectArray: 31946 objects as part of root set at end of initial load.
[2017.01.21-22.10.57:471][  0]LogUObjectAllocator: 6935840 out of 0 bytes used by permanent object pool.
[2017.01.21-22.10.57:471][  0]LogUObjectArray: CloseDisregardForGC: 0/0 objects in disregard for GC pool
[2017.01.21-22.10.57:634][  0]LogInit: WinSock: version 1.1 (2.2), MaxSocks=32767, MaxUdp=65467
[2017.01.21-22.11.06:813][  0]LogSlate: Using Freetype 2.6.0
[2017.01.21-22.11.07:027][  0]LogSlate: SlateFontCache - WITH_FREETYPE: 1, WITH_HARFBUZZ: 1
[2017.01.21-22.11.07:027][  0]LogSlate: SlateFontCache - WITH_FREETYPE: 1, WITH_HARFBUZZ: 1
[2017.01.21-22.11.58:976][  0]LogTcpMessaging: Initializing TcpMessaging bridge
[2017.01.21-22.11.59:257][  0]LogUdpMessaging: Initializing bridge on interface 0.0.0.0:0 to multicast group 230.0.0.1:6666.
[2017.01.21-22.12.01:523][  0]LogMaterial: Uniform references updated for custom material expression Custom.
[2017.01.21-22.12.03:771][  0]SourceControl: Info Source control is disabled
[2017.01.21-22.12.47:902][  0]LogEngine: Initializing Engine...
[2017.01.21-22.12.47:903][  0]LogHMD: Failed to initialize OpenVR with code 110
[2017.01.21-22.12.49:877][  0]LogAIModule: Creating AISystem for world Untitled
[2017.01.21-22.12.49:943][  0]LogInit: XAudio2 using 'Speakers (Conexant SmartAudio HD)' : 2 channels at 48 kHz using 32 bits per sample (channel mask 0x3)
[2017.01.21-22.12.49:978][  0]LogInit: FAudioDevice initialized.
[2017.01.21-22.12.50:043][  0]LogDerivedDataCache: Saved boot cache 0.07s 50MB C:/Users/Daniel/AppData/Local/UnrealEngine/4.14/DerivedDataCache/Boot.ddc.
[2017.01.21-22.12.50:052][  0]LogInit: Texture streaming: Enabled
[2017.01.21-22.12.51:087][  0]LogInit: Transaction tracking system initialized
[2017.01.21-22.12.52:549][  0]BlueprintLog: New page: Editor Load
[2017.01.21-22.12.57:997][  0]LocalizationService: Info Localization service is disabled
[2017.01.21-22.13.01:174][  0]LogConsoleResponse:Display: 
[2017.01.21-22.13.05:657][  0]LogCook:Display: Max memory allowance for cook 16384mb min free memory 0mb
[2017.01.21-22.13.05:657][  0]LogCook:Display: Mobile HDR setting 1
[2017.01.21-22.13.06:455][  0]LogFileCache: Scanning file cache for directory 'C:/Program Files (x86)/Epic Games/TSUNAMI SMACKDOWN/GGJ-2017-Wave/TSUNAMI_SMACKDOWN/Content/' took 0.02s
[2017.01.21-22.13.22:451][  0]Cmd: MAP LOAD FILE="../../../../TSUNAMI SMACKDOWN/GGJ-2017-Wave/TSUNAMI_SMACKDOWN/Content/2DSideScrollerBP/Maps/2DSideScrollerExampleMap.umap" TEMPLATE=0 SHOWPROGRESS=1 FEATURELEVEL=3
[2017.01.21-22.13.22:452][  0]LightingResults: New page: Lighting Build
[2017.01.21-22.13.22:532][  0]MapCheck: New page: Map Check
[2017.01.21-22.13.22:532][  0]LightingResults: New page: Lighting Build
[2017.01.21-22.13.23:895][  0]LogBlueprint:Warning: [Compiler 2DSideScrollerCharacter] Warning InputAction Event references unknown Action 'Jump' for  K2Node_InputAction_67
[2017.01.21-22.13.23:899][  0]LogBlueprint:Warning: [Compiler 2DSideScrollerCharacter] Warning [0205.09] Compile of 2DSideScrollerCharacter successful, but with 1 Warning(s) [in 11 ms] (/Game/2DSideScrollerBP/Blueprints/2DSideScrollerCharacter.2DSideScrollerCharacter)
[2017.01.21-22.13.23:899][  0]LogBlueprint:Warning: [Compiler 2DSideScrollerCharacter] Warning [0205.09] Compile of 2DSideScrollerCharacter successful, but with 2 Warning(s) [in 0 ms] (/Game/2DSideScrollerBP/Blueprints/2DSideScrollerCharacter.2DSideScrollerCharacter)
[2017.01.21-22.13.23:899][  0]LogBlueprint:Warning: [Compiler 2DSideScrollerCharacter] Warning [0205.09] Compile of 2DSideScrollerCharacter successful, but with 3 Warning(s) [in 0 ms] (/Game/2DSideScrollerBP/Blueprints/2DSideScrollerCharacter.2DSideScrollerCharacter)
[2017.01.21-22.13.23:907][  0]LogBlueprint:Warning: [Compiler 2DSideScrollerCharacter] Warning InputAction Event references unknown Action 'Jump' for  K2Node_InputAction_67
[2017.01.21-22.13.23:911][  0]LogBlueprint:Warning: [Compiler 2DSideScrollerCharacter] Warning [0205.10] Compile of 2DSideScrollerCharacter successful, but with 1 Warning(s) [in 9 ms] (/Game/2DSideScrollerBP/Blueprints/2DSideScrollerCharacter.2DSideScrollerCharacter)
[2017.01.21-22.13.23:911][  0]LogBlueprint:Warning: [Compiler 2DSideScrollerCharacter] Warning [0205.10] Compile of 2DSideScrollerCharacter successful, but with 2 Warning(s) [in 0 ms] (/Game/2DSideScrollerBP/Blueprints/2DSideScrollerCharacter.2DSideScrollerCharacter)
[2017.01.21-22.13.23:911][  0]LogBlueprint:Warning: [Compiler 2DSideScrollerCharacter] Warning [0205.10] Compile of 2DSideScrollerCharacter successful, but with 3 Warning(s) [in 0 ms] (/Game/2DSideScrollerBP/Blueprints/2DSideScrollerCharacter.2DSideScrollerCharacter)
[2017.01.21-22.13.26:060][  0]LogAIModule: Creating AISystem for world 2DSideScrollerExampleMap
[2017.01.21-22.13.26:067][  0]LogEditorServer: Finished looking for orphan Actors (0.000 secs)
[2017.01.21-22.13.26:068][  0]Cmd: MAP CHECKDEP NOCLEARLOG
[2017.01.21-22.13.26:176][  0]MapCheck: Info Map check complete: 0 Error(s), 0 Warning(s), took 108.562ms to complete.
[2017.01.21-22.13.26:176][  0]LogFileHelpers: Loading map '2DSideScrollerExampleMap' took 3.725
[2017.01.21-22.13.26:896][  0]LogCollectionManager: Loaded 0 collections in 0.002682 seconds
[2017.01.21-22.13.27:058][  0]LogFileCache: Scanning file cache for directory 'C:/Program Files (x86)/Epic Games/TSUNAMI SMACKDOWN/GGJ-2017-Wave/TSUNAMI_SMACKDOWN/Saved/Collections/' took 0.01s
[2017.01.21-22.13.27:058][  0]LogFileCache: Scanning file cache for directory 'C:/Program Files (x86)/Epic Games/TSUNAMI SMACKDOWN/GGJ-2017-Wave/TSUNAMI_SMACKDOWN/Content/Developers/Daniel/Collections/' took 0.01s
[2017.01.21-22.13.27:058][  0]LogFileCache: Scanning file cache for directory 'C:/Program Files (x86)/Epic Games/TSUNAMI SMACKDOWN/GGJ-2017-Wave/TSUNAMI_SMACKDOWN/Content/Collections/' took 0.01s
[2017.01.21-22.13.27:058][  0]LogCollectionManager: Rebuilt the GUID cache for 0 collections in 0.000004 seconds
[2017.01.21-22.13.27:069][  0]LogContentBrowser: Native class hierarchy populated in 0.0100 seconds. Added 2190 classes and 428 folders.
[2017.01.21-22.13.27:154][  0]LogStats: UGameplayTagsManager::ConstructGameplayTagTree: Construct from data asset -  0.000 s
[2017.01.21-22.13.27:154][  0]LogStats: UGameplayTagsManager::ConstructGameplayTagTree: GameplayTagTreeChangedEvent.Broadcast -  0.000 s
[2017.01.21-22.13.27:155][  0]LogContentBrowser: Native class hierarchy updated for 'GameplayTags' in 0.0007 seconds. Added 13 classes and 0 folders.
[2017.01.21-22.13.27:283][  0]LogContentBrowser: Native class hierarchy updated for 'WidgetCarousel' in 0.0005 seconds. Added 0 classes and 0 folders.
[2017.01.21-22.13.29:728][  0]LogContentBrowser: Native class hierarchy updated for 'AddContentDialog' in 0.0008 seconds. Added 0 classes and 0 folders.
[2017.01.21-22.13.30:121][  0]LogContentBrowser: Native class hierarchy updated for 'SceneOutliner' in 0.0011 seconds. Added 1 classes and 2 folders.
[2017.01.21-22.13.30:245][  0]LogCrashTracker: Crashtracker disabled due to settings.
[2017.01.21-22.13.30:256][  0]LogUObjectGlobals:Warning: Failed to find object 'Class None.'
[2017.01.21-22.13.30:700][  0]LogContentBrowser: Native class hierarchy updated for 'HierarchicalLODOutliner' in 0.0007 seconds. Added 1 classes and 2 folders.
[2017.01.21-22.13.30:700][  0]LogLoad: (Engine Initialization) Total time: 211.89 seconds
[2017.01.21-22.13.30:700][  0]LogLoad: (Engine Initialization) Total Blueprint compile time: 0.43 seconds
[2017.01.21-22.13.30:700][  0]LogExternalProfiler: Found external profiler: VSPerf
[2017.01.21-22.13.30:700][  0]LogExternalProfiler: Using external profiler: VSPerf
[2017.01.21-22.13.31:042][  0]LogOcInput: OculusInput pre-init called
[2017.01.21-22.13.31:068][  0]SourceControl: Info On branch dtjandra
[2017.01.21-22.13.31:068][  0]SourceControl: Info Changes to be committed:
[2017.01.21-22.13.31:068][  0]SourceControl: Info   (use "git reset HEAD <file>..." to unstage)
[2017.01.21-22.13.31:068][  0]SourceControl: Info 	new file:   TSUNAMI_SMACKDOWN/Content/2DSideScrollerBP/Blueprints/NewBlueprint.uasset
[2017.01.21-22.13.31:068][  0]SourceControl: Info 	new file:   TSUNAMI_SMACKDOWN/Content/2DSideScrollerBP/Blueprints/Rhyth.uasset
[2017.01.21-22.13.31:068][  0]SourceControl: Info 	new file:   TSUNAMI_SMACKDOWN/Content/2DSideScrollerBP/Maps/Rhythm.umap
[2017.01.21-22.13.31:068][  0]SourceControl: Info Changes not staged for commit:
[2017.01.21-22.13.31:068][  0]SourceControl: Info   (use "git add <file>..." to update what will be committed)
[2017.01.21-22.13.31:068][  0]SourceControl: Info   (use "git checkout -- <file>..." to discard changes in working directory)
[2017.01.21-22.13.31:068][  0]SourceControl: Info 	modified:   TSUNAMI_SMACKDOWN/Config/DefaultInput.ini
[2017.01.21-22.13.31:068][  0]SourceControl: Info 	modified:   TSUNAMI_SMACKDOWN/Content/2DSideScrollerBP/Blueprints/2DSideScrollerCharacter.uasset
[2017.01.21-22.13.31:068][  0]SourceControl: Info 	modified:   TSUNAMI_SMACKDOWN/Content/2DSideScrollerBP/Blueprints/Rhyth.uasset
[2017.01.21-22.13.31:068][  0]SourceControl: Info 	modified:   TSUNAMI_SMACKDOWN/Content/2DSideScrollerBP/Maps/2DSideScrollerExampleMap.umap
[2017.01.21-22.13.31:068][  0]SourceControl: Info 	modified:   TSUNAMI_SMACKDOWN/Content/2DSideScrollerBP/Maps/Rhythm.umap
[2017.01.21-22.13.31:069][  0]SourceControl: Info 	modified:   TSUNAMI_SMACKDOWN/Intermediate/CachedAssetRegistry.bin
[2017.01.21-22.13.31:069][  0]SourceControl: Info 	modified:   TSUNAMI_SMACKDOWN/Intermediate/Config/CoalescedSourceConfigs/Input.ini
[2017.01.21-22.13.31:069][  0]SourceControl: Info 	modified:   TSUNAMI_SMACKDOWN/Saved/AutoScreenshot.png
[2017.01.21-22.13.31:069][  0]SourceControl: Info 	modified:   TSUNAMI_SMACKDOWN/Saved/Autosaves/PackageRestoreData.json
[2017.01.21-22.13.31:069][  0]SourceControl: Info 	modified:   TSUNAMI_SMACKDOWN/Saved/Config/Windows/Editor.ini
[2017.01.21-22.13.31:069][  0]SourceControl: Info 	modified:   TSUNAMI_SMACKDOWN/Saved/Config/Windows/EditorPerProjectUserSettings.ini
[2017.01.21-22.13.31:069][  0]SourceControl: Info 	modified:   TSUNAMI_SMACKDOWN/Saved/Config/Windows/Engine.ini
[2017.01.21-22.13.31:069][  0]SourceControl: Info 	modified:   TSUNAMI_SMACKDOWN/Saved/Logs/TSUNAMI_SMACKDOWN.log
[2017.01.21-22.13.31:069][  0]SourceControl: Info 	modified:   TSUNAMI_SMACKDOWN/Saved/Logs/TSUNAMI_SMACKDOWN_2.log
[2017.01.21-22.13.31:069][  0]SourceControl: Info 	modified:   TSUNAMI_SMACKDOWN/Saved/Logs/cef3.log
[2017.01.21-22.13.31:069][  0]SourceControl: Info Untracked files:
[2017.01.21-22.13.31:069][  0]SourceControl: Info   (use "git add <file>..." to include in what will be committed)
[2017.01.21-22.13.31:069][  0]SourceControl: Info 	TSUNAMI_SMACKDOWN/Saved/Autosaves/Game/2DSideScrollerBP/Blueprints/NewBlueprint_Auto2.uasset
[2017.01.21-22.13.31:069][  0]SourceControl: Info 	TSUNAMI_SMACKDOWN/Saved/Autosaves/Game/2DSideScrollerBP/Blueprints/NewBlueprint_Auto3.uasset
[2017.01.21-22.13.31:069][  0]SourceControl: Info 	TSUNAMI_SMACKDOWN/Saved/Autosaves/Game/2DSideScrollerBP/Blueprints/Rhyth_Auto3.uasset
[2017.01.21-22.13.31:069][  0]SourceControl: Info 	TSUNAMI_SMACKDOWN/Saved/Autosaves/Game/2DSideScrollerBP/Maps/Rhythm_Auto2.umap
[2017.01.21-22.13.31:069][  0]SourceControl: Info 	TSUNAMI_SMACKDOWN/Saved/Backup/2DSideScrollerCharacter_2017-01-21-01-58-20.uasset
[2017.01.21-22.13.31:069][  0]SourceControl: Info 	TSUNAMI_SMACKDOWN/Saved/Backup/2DSideScrollerExampleMap_2017-01-21-01-58-21.umap
[2017.01.21-22.13.31:069][  0]SourceControl: Info 	TSUNAMI_SMACKDOWN/Saved/Backup/Rhyth_2017-01-21-02-40-29.uasset
[2017.01.21-22.13.31:069][  0]SourceControl: Info 	TSUNAMI_SMACKDOWN/Saved/Backup/Rhyth_2017-01-21-03-43-04.uasset
[2017.01.21-22.13.31:069][  0]SourceControl: Info 	TSUNAMI_SMACKDOWN/Saved/Backup/Rhythm_2017-01-21-02-07-36.umap
[2017.01.21-22.13.31:069][  0]SourceControl: Info 	TSUNAMI_SMACKDOWN/Saved/Backup/Rhythm_2017-01-21-02-30-28.umap
[2017.01.21-22.13.31:069][  0]SourceControl: Info 	TSUNAMI_SMACKDOWN/Saved/Backup/Rhythm_2017-01-21-03-42-50.umap
[2017.01.21-22.13.31:069][  0]SourceControl: Info 	TSUNAMI_SMACKDOWN/Saved/Config/WorldState/1640671126.json
[2017.01.21-22.13.31:070][  0]SourceControl: Info 	TSUNAMI_SMACKDOWN/Saved/Logs/TSUNAMI_SMACKDOWN-backup-2017.01.21-14.10.07.log
[2017.01.21-22.13.31:070][  0]SourceControl: Info 	TSUNAMI_SMACKDOWN/Saved/Logs/UE4CC-Windows-A523CF34403077622FBFB984095D9CFB/
[2017.01.21-22.13.31:071][  0]LogContentStreaming: Texture pool size now 1000 MB
[2017.01.21-22.13.31:691][  0]LogRenderer: Reallocating scene render targets to support 804x368 NumSamples 1 (Frame:2).
[2017.01.21-22.13.32:527][  3]LogAssetRegistry: Asset discovery search completed in 155.3130 seconds
[2017.01.21-22.13.32:527][  3]LogCollectionManager: Rebuilt the object cache for 0 collections in 0.000001 seconds (found 0 objects)
[2017.01.21-22.13.32:527][  3]LogCollectionManager: Fixed up redirectors for 0 collections in 0.000064 seconds (updated 0 objects)
[2017.01.21-22.14.08:770][744]LogAIModule: Creating AISystem for world Rhythm
[2017.01.21-22.14.08:800][744]Cmd: MAP LOAD FILE="../../../../TSUNAMI SMACKDOWN/GGJ-2017-Wave/TSUNAMI_SMACKDOWN/Content/2DSideScrollerBP/Maps/Rhythm.umap" TEMPLATE=0 SHOWPROGRESS=1 FEATURELEVEL=3
[2017.01.21-22.14.08:800][744]LightingResults: New page: Lighting Build
[2017.01.21-22.14.08:801][744]LoadErrors: New page: Loading map: Rhythm.umap
[2017.01.21-22.14.08:802][744]MapCheck: New page: Map Check
[2017.01.21-22.14.08:802][744]LightingResults: New page: Lighting Build
[2017.01.21-22.14.08:824][744]LogEditorServer: Finished looking for orphan Actors (0.000 secs)
[2017.01.21-22.14.08:839][744]Cmd: MAP CHECKDEP NOCLEARLOG
[2017.01.21-22.14.08:944][744]MapCheck: Info Map check complete: 0 Error(s), 0 Warning(s), took 104.921ms to complete.
[2017.01.21-22.14.08:944][744]LogFileHelpers: Loading map 'Rhythm' took 0.148
[2017.01.21-22.14.22:242][ 75]LogContentBrowser: Native class hierarchy updated for 'BlueprintGraph' in 0.0011 seconds. Added 111 classes and 0 folders.
[2017.01.21-22.19.41:997][267]LogRenderer: Reallocating scene render targets to support 804x580 NumSamples 1 (Frame:5788).
[2017.01.21-22.19.56:377][958]LogActorFactory: Actor Factory created Cube
[2017.01.21-22.20.44:547][614]LogRenderer: Reallocating scene render targets to support 836x580 NumSamples 1 (Frame:10575).
[2017.01.21-22.24.29:115][528]LogFileHelpers: Editor autosave (incl. sublevels) for '/Game/2DSideScrollerBP/Maps/Rhythm' took 0.052
[2017.01.21-22.24.29:120][528]OBJ SavePackage: Generating thumbnails for [1] asset(s) in package [/Game/2DSideScrollerBP/Blueprints/Beat] ([1] browsable assets)...
[2017.01.21-22.24.29:208][528]OBJ SavePackage:     Rendered thumbnail for [Blueprint /Game/2DSideScrollerBP/Blueprints/Beat.Beat]
[2017.01.21-22.24.29:208][528]OBJ SavePackage: Finished generating thumbnails for package [/Game/2DSideScrollerBP/Blueprints/Beat]
[2017.01.21-22.24.29:230][528]LogSavePackage: Save=20.06ms
[2017.01.21-22.24.29:230][528]LogSavePackage: Moving '../../../../TSUNAMI SMACKDOWN/GGJ-2017-Wave/TSUNAMI_SMACKDOWN/Saved/Beat_Auto11FE25B3643A0C1DCF10332BBF9E81367.tmp' to '../../../../TSUNAMI SMACKDOWN/GGJ-2017-Wave/TSUNAMI_SMACKDOWN/Saved/Autosaves/Game/2DSideScrollerBP/Blueprints/Beat_Auto1.uasset'
[2017.01.21-22.24.29:232][528]LogSavePackage:Display: Finished SavePackage ../../../../TSUNAMI SMACKDOWN/GGJ-2017-Wave/TSUNAMI_SMACKDOWN/Saved/Autosaves/Game/2DSideScrollerBP/Blueprints/Beat_Auto1.uasset
[2017.01.21-22.24.29:232][528]LogFileHelpers: Auto-saving content packages took 0.115
[2017.01.21-22.34.29:993][555]LogFileHelpers: Editor autosave (incl. sublevels) for '/Game/2DSideScrollerBP/Maps/Rhythm' took 0.047
[2017.01.21-22.34.29:996][555]OBJ SavePackage: Generating thumbnails for [0] asset(s) in package [/Game/2DSideScrollerBP/Blueprints/BeatSpawn] ([1] browsable assets)...
[2017.01.21-22.34.29:996][555]OBJ SavePackage: Finished generating thumbnails for package [/Game/2DSideScrollerBP/Blueprints/BeatSpawn]
[2017.01.21-22.34.30:021][555]LogSavePackage: Save=21.79ms
[2017.01.21-22.34.30:021][555]LogSavePackage: Moving '../../../../TSUNAMI SMACKDOWN/GGJ-2017-Wave/TSUNAMI_SMACKDOWN/Saved/BeatSpawn_Auto265976D6443BED6E34DB54F8AA4188BEC.tmp' to '../../../../TSUNAMI SMACKDOWN/GGJ-2017-Wave/TSUNAMI_SMACKDOWN/Saved/Autosaves/Game/2DSideScrollerBP/Blueprints/BeatSpawn_Auto2.uasset'
[2017.01.21-22.34.30:023][555]LogSavePackage:Display: Finished SavePackage ../../../../TSUNAMI SMACKDOWN/GGJ-2017-Wave/TSUNAMI_SMACKDOWN/Saved/Autosaves/Game/2DSideScrollerBP/Blueprints/BeatSpawn_Auto2.uasset
[2017.01.21-22.34.30:023][555]LogFileHelpers: Auto-saving content packages took 0.029
[2017.01.21-22.42.39:780][610]LogSlate:Warning: Prevented a slow task dialog from being summoned while a context menu was open
[2017.01.21-22.45.50:410][899]LogFileHelpers: Editor autosave (incl. sublevels) for '/Game/2DSideScrollerBP/Maps/Rhythm' took 0.045
[2017.01.21-22.45.50:413][899]OBJ SavePackage: Generating thumbnails for [0] asset(s) in package [/Game/2DSideScrollerBP/Blueprints/BeatSpawn] ([1] browsable assets)...
[2017.01.21-22.45.50:413][899]OBJ SavePackage: Finished generating thumbnails for package [/Game/2DSideScrollerBP/Blueprints/BeatSpawn]
[2017.01.21-22.45.50:428][899]LogSavePackage: Save=13.23ms
[2017.01.21-22.45.50:428][899]LogSavePackage: Moving '../../../../TSUNAMI SMACKDOWN/GGJ-2017-Wave/TSUNAMI_SMACKDOWN/Saved/BeatSpawn_Auto3DB4F7E984ADB4A060BA5F2964DE1622A.tmp' to '../../../../TSUNAMI SMACKDOWN/GGJ-2017-Wave/TSUNAMI_SMACKDOWN/Saved/Autosaves/Game/2DSideScrollerBP/Blueprints/BeatSpawn_Auto3.uasset'
[2017.01.21-22.45.50:431][899]LogSavePackage:Display: Finished SavePackage ../../../../TSUNAMI SMACKDOWN/GGJ-2017-Wave/TSUNAMI_SMACKDOWN/Saved/Autosaves/Game/2DSideScrollerBP/Blueprints/BeatSpawn_Auto3.uasset
[2017.01.21-22.45.50:432][899]LogFileHelpers: Auto-saving content packages took 0.020
[2017.01.21-22.47.43:536][854]LogSavePackage: Save=10.77ms
[2017.01.21-22.47.43:536][854]LogSavePackage: Moving '../../../../TSUNAMI SMACKDOWN/GGJ-2017-Wave/TSUNAMI_SMACKDOWN/Saved/BeatSpawn142E0B1D4F4C8639E44CF584DAE04D56.tmp' to '../../../../TSUNAMI SMACKDOWN/GGJ-2017-Wave/TSUNAMI_SMACKDOWN/Content/2DSideScrollerBP/Blueprints/BeatSpawn.uasset'
[2017.01.21-22.47.43:541][854]LogSavePackage:Display: Finished SavePackage ../../../../TSUNAMI SMACKDOWN/GGJ-2017-Wave/TSUNAMI_SMACKDOWN/Content/2DSideScrollerBP/Blueprints/BeatSpawn.uasset
[2017.01.21-22.48.01:077][910]LogEditor: Attempting to add actor of class 'CameraRig_Crane' to level at -140.00,0.00,-10.00
[2017.01.21-22.48.01:945][980]LogEditor: Attempting to add actor of class 'CameraRig_Crane' to level at 10.00,10.00,-70.00
[2017.01.21-22.48.06:747][374]Cmd: TRANSACTION UNDO
[2017.01.21-22.48.06:747][374]LogEditorTransaction: Undo Create Actors
[2017.01.21-22.48.09:520][583]LogEditor: Attempting to add actor of class 'CineCameraActor' to level at -250.00,0.00,-50.00
[2017.01.21-22.48.10:354][645]LogEditor: Attempting to add actor of class 'CineCameraActor' to level at 20.00,10.00,-40.00
[2017.01.21-22.48.14:712][892]LogTemp: Repeting last play command: Selected Viewport
[2017.01.21-22.48.14:739][892]BlueprintLog: New page: Pre-Play auto-recompile
[2017.01.21-22.48.14:739][892]LogPlayLevel: [PlayLevel] Compiling Beat before play...
[2017.01.21-22.48.14:751][892]LogPlayLevel: [PlayLevel]   Compiling BeatSpawn as a dependent...
[2017.01.21-22.48.14:757][892]LogBlueprint:Error: [Compiler BeatSpawn] Error The current value of the ' SpawnTransform ' pin is invalid: 'Spawn Transform' must have an input wired into it ("by ref" params expect a valid input to operate on).
[2017.01.21-22.48.14:758][892]LogBlueprint:Error: [Compiler BeatSpawn] Error The current value of the ' SpawnTransform ' pin is invalid: 'Spawn Transform' must have an input wired into it ("by ref" params expect a valid input to operate on).
[2017.01.21-22.48.15:131][892]LogTexture:Display: Building textures: BadBlueprintSprite (BGRA8)
[2017.01.21-22.48.15:246][892]LogPlayLevel: PlayLevel: Blueprint regeneration took 507 ms (2 blueprints)
[2017.01.21-22.48.15:246][892]BlueprintLog: Info Blueprint BeatSpawn failed to compile
[2017.01.21-22.49.33:274][250]LogActorComponent: UnregisterComponent: (/Engine/Transient.EditorFloorComp) Not registered. Aborting.
[2017.01.21-22.50.10:035][694]BlueprintLog: New page: Compile BeatSpawn
[2017.01.21-22.50.15:131][141]LogEditorViewport: Clicking on Actor (LMB): CineCameraActor (CineCameraActor1)
[2017.01.21-22.50.17:492][298]LogEditorViewport: Clicking on Actor (LMB): CineCameraActor (CineCameraActor1)
[2017.01.21-22.50.42:026][833]Cmd: TRANSACTION UNDO
[2017.01.21-22.50.42:026][833]LogEditorTransaction: Undo Set actor rotation
[2017.01.21-22.51.29:964][652]LogEditorViewport: Clicking on Actor (LMB): CineCameraActor (CineCameraActor1)
[2017.01.21-22.51.30:710][695]LogEditorViewport: Clicking on Actor (LMB): CineCameraActor (CineCameraActor1)
[2017.01.21-22.52.00:809][656]LogEditorViewport: Clicking on Actor (LMB): CineCameraActor (CineCameraActor1)
[2017.01.21-22.52.02:627][755]LogEditorViewport: Clicking on Actor (LMB): CineCameraActor (CineCameraActor1)
[2017.01.21-22.52.57:293][135]LogEditorViewport: Clicking on Actor (LMB): CineCameraActor (CineCameraActor1)
[2017.01.21-22.52.57:786][162]LogEditorViewport: Clicking on Actor (context menu): CineCameraActor (CineCameraActor1)
[2017.01.21-22.53.06:967][715]LogEditorViewport: Clicking on Actor (LMB): BeatSpawn_C (BeatSpawn)
[2017.01.21-22.53.08:718][844]LogEditorViewport: Clicking on Actor (LMB): CineCameraActor (CineCameraActor1)
[2017.01.21-22.53.16:861][357]LogEditorViewport: Clicking on Actor (LMB): BeatSpawn_C (BeatSpawn)
[2017.01.21-22.53.20:808][669]MapCheck: New page: Map Check
[2017.01.21-22.53.20:833][669]Cmd: MAP REBUILD ALLVISIBLE
[2017.01.21-22.53.20:834][669]LogEditorServer: Rebuildmap Clear paths rebuilt
[2017.01.21-22.53.21:045][669]LightingResults: New page: Lighting Build - Jan 21, 2017, 6:53:21 AM
[2017.01.21-22.53.21:460][669]LogSwarmInterface: [OpenConnection] Registering TCP channel ...
[2017.01.21-22.53.23:233][669]LogSwarmInterface: [OpenConnection] Connecting to agent ...
[2017.01.21-22.53.23:434][669]LogSwarmInterface: [TryOpenConnection] Testing the Agent
[2017.01.21-22.53.27:412][669]LogSwarmInterface:Error: [TryOpenConnection] Waiting for the agent to start up ...
[2017.01.21-22.53.27:550][669]LogSwarmInterface:Error: System.Net.Sockets.SocketException (0x80004005): No connection could be made because the target machine actively refused it 127.0.0.1:8008

Server stack trace: 
   at System.Net.Sockets.Socket.DoConnect(EndPoint endPointSnapshot, SocketAddress socketAddress)
   at System.Net.Sockets.Socket.Connect(EndPoint remoteEP)
   at System.Runtime.Remoting.Channels.RemoteConnection.CreateNewSocket(EndPoint ipEndPoint)
   at System.Runtime.Remoting.Channels.SocketCache.GetSocket(String machinePortAndSid, Boolean openNew)
   at System.Runtime.Remoting.Channels.Tcp.TcpClientTransportSink.SendRequestWithRetry(IMessage msg, ITransportHeaders requestHeaders, Stream requestStream)
   at System.Runtime.Remoting.Channels.Tcp.TcpClientTransportSink.AsyncProcessRequest(IClientChannelSinkStack sinkStack, IMessage msg, ITransportHeaders headers, Stream stream)
   at System.Runtime.Remoting.Channels.BinaryClientFormatterSink.AsyncProcessMessage(IMessage msg, IMessageSink replySink)

Exception rethrown at [0]: 
   at System.Runtime.Remoting.Proxies.RealProxy.HandleReturnMessage(IMessage reqMsg, IMessage retMsg)
   at System.Runtime.Remoting.Proxies.RealProxy.PrivateInvoke(MessageData& msgData, Int32 type)
   at NSwarm.IAgentInterfaceWrapper.MethodDelegate.EndInvoke(Hashtable& OutParameters, IAsyncResult result)
   at NSwarm.FSwarmInterface.TryOpenConnection(FConnectionCallback CallbackFunc, IntPtr CallbackData, ELogFlags LoggingFlags)
[2017.01.21-22.53.33:189][669]LogSwarmInterface: [TryOpenConnection] Opening Connection to Agent
[2017.01.21-22.53.33:189][669]LogSwarmInterface: [TryOpenConnection] Local Process ID is 9308
[2017.01.21-22.53.37:032][669]LogStaticLightingSystem:Warning: No importance volume found, so the scene bounding box was used.  You can optimize your scene's quality and lighting build times by adding importance volumes.
[2017.01.21-22.53.37:032][669]LogStaticLightingSystem: Running Lightmass w/ ImmediateImport mode ENABLED
[2017.01.21-22.53.37:032][669]LogStaticLightingSystem: Running Lightmass w/ ImmediateProcess mode ENABLED
[2017.01.21-22.53.37:032][669]LogStaticLightingSystem: Running Lightmass w/ Sorting mode ENABLED
[2017.01.21-22.53.37:032][669]LogStaticLightingSystem: Running Lightmass w/ Mapping paddings ENABLED
[2017.01.21-22.53.37:032][669]LogStaticLightingSystem: Running Lightmass w/ Mapping debug paddings DISABLED
[2017.01.21-22.53.38:159][669]Cmd: MAP CHECK DONTDISPLAYDIALOG
[2017.01.21-22.53.38:159][669]MapCheck: New page: Rhythm - Jan 21, 2017, 6:53:38 AM
[2017.01.21-22.53.38:360][669]MapCheck: Info Map check complete: 0 Error(s), 0 Warning(s), took 201.496ms to complete.
[2017.01.21-22.53.38:383][669]LogEditorBuildUtils: Build time 0:17
[2017.01.21-22.53.38:404][669]LogMaterial: Missing cached shader map for material FLightmassMaterialRenderer WorldGridMaterial, compiling. Is special engine material.
[2017.01.21-22.53.38:418][669]LogMaterial: Missing cached shader map for material FLightmassMaterialRenderer WorldGridMaterial, compiling. Is special engine material.
[2017.01.21-22.53.48:836][755]Job is a success!
[2017.01.21-22.54.02:528][763]LogTemp: Repeting last play command: Selected Viewport
[2017.01.21-22.54.02:549][763]LogPlayLevel: PlayLevel: No blueprints needed recompiling
[2017.01.21-22.54.02:549][763]PIE: New page: PIE session: Rhythm (Jan 21, 2017, 6:54:02 AM)
[2017.01.21-22.54.02:550][763]LogPlayLevel: Creating play world package: /Game/2DSideScrollerBP/Maps/UEDPIE_0_Rhythm
[2017.01.21-22.54.02:551][763]LogPlayLevel: PIE: StaticDuplicateObject took: (0.001543s)
[2017.01.21-22.54.02:552][763]LogAIModule: Creating AISystem for world Rhythm
[2017.01.21-22.54.02:552][763]LogPlayLevel: PIE: World Init took: (0.001111s)
[2017.01.21-22.54.02:553][763]LogPlayLevel: PIE: Created PIE world by copying editor world from /Game/2DSideScrollerBP/Maps/Rhythm.Rhythm to /Game/2DSideScrollerBP/Maps/UEDPIE_0_Rhythm.Rhythm (0.002956s)
[2017.01.21-22.54.02:599][763]LogInit: XAudio2 using 'Speakers (Conexant SmartAudio HD)' : 2 channels at 48 kHz using 32 bits per sample (channel mask 0x3)
[2017.01.21-22.54.02:609][763]LogInit: FAudioDevice initialized.
[2017.01.21-22.54.02:828][763]LogLoad: Game class is '2DSideScrollerGameMode_C'
[2017.01.21-22.54.02:831][763]LogWorld: Bringing World /Game/2DSideScrollerBP/Maps/UEDPIE_0_Rhythm.Rhythm up for play (max tick rate 0) at 2017.01.21-14.54.02
[2017.01.21-22.54.02:831][763]LogWorld: Bringing up level for play took: 0.001688
[2017.01.21-22.54.02:910][763]LogTexture:Display: Building textures: VirtualJoystick_Background (BGRA8)
[2017.01.21-22.54.02:918][763]LogTexture:Display: Building textures: VirtualJoystick_Thumb (BGRA8)
[2017.01.21-22.54.03:029][763]LogContentBrowser: Native class hierarchy updated for 'MovieSceneCapture' in 0.0012 seconds. Added 11 classes and 0 folders.
[2017.01.21-22.54.03:033][763]PIE: Info Play in editor start time for /Game/2DSideScrollerBP/Maps/UEDPIE_0_Rhythm 1.144
[2017.01.21-22.54.10:592][279]LogEditorViewport: Clicking on Actor (LMB): BeatSpawn_C (BeatSpawn)
[2017.01.21-22.55.25:155][723]DumpUnbuiltLightIteractions
[2017.01.21-22.55.25:155][723]Lights with unbuilt interactions: 0
[2017.01.21-22.55.25:155][723]
[2017.01.21-22.55.25:155][723]Primitives with unbuilt interactions: 0
[2017.01.21-22.55.25:168][724]Cmd: MAP CHECK NOTIFYRESULTS
[2017.01.21-22.55.25:168][724]MapCheck: New page: Rhythm - Jan 21, 2017, 6:55:25 AM
[2017.01.21-22.55.25:344][724]MapCheck: Info Map check complete: 0 Error(s), 0 Warning(s), took 176.39ms to complete.
[2017.01.21-22.56.22:310][294]LogSavePackage: Save=19.83ms
[2017.01.21-22.56.22:310][294]LogSavePackage: Moving '../../../../TSUNAMI SMACKDOWN/GGJ-2017-Wave/TSUNAMI_SMACKDOWN/Saved/Rhythm_Auto49DD4F11442EF15E74399EFAA7AD7E49B.tmp' to '../../../../TSUNAMI SMACKDOWN/GGJ-2017-Wave/TSUNAMI_SMACKDOWN/Saved/Autosaves/Game/2DSideScrollerBP/Maps/Rhythm_Auto4.umap'
[2017.01.21-22.56.22:334][294]LogSavePackage:Display: Finished SavePackage ../../../../TSUNAMI SMACKDOWN/GGJ-2017-Wave/TSUNAMI_SMACKDOWN/Saved/Autosaves/Game/2DSideScrollerBP/Maps/Rhythm_Auto4.umap
[2017.01.21-22.56.22:336][294]LogFileHelpers: Editor autosave (incl. sublevels) for '/Game/2DSideScrollerBP/Maps/Rhythm' took 0.107
[2017.01.21-22.56.22:336][294]LogFileHelpers: Editor autosave (incl. sublevels) for all levels took 0.107
[2017.01.21-22.56.22:340][294]OBJ SavePackage: Generating thumbnails for [1] asset(s) in package [/Game/2DSideScrollerBP/Blueprints/Beat] ([1] browsable assets)...
[2017.01.21-22.56.22:452][294]OBJ SavePackage:     Rendered thumbnail for [Blueprint /Game/2DSideScrollerBP/Blueprints/Beat.Beat]
[2017.01.21-22.56.22:452][294]OBJ SavePackage: Finished generating thumbnails for package [/Game/2DSideScrollerBP/Blueprints/Beat]
[2017.01.21-22.56.22:502][294]LogSavePackage: Save=46.94ms
[2017.01.21-22.56.22:502][294]LogSavePackage: Moving '../../../../TSUNAMI SMACKDOWN/GGJ-2017-Wave/TSUNAMI_SMACKDOWN/Saved/Beat_Auto48F1F2982470642E6BA08D383720A4813.tmp' to '../../../../TSUNAMI SMACKDOWN/GGJ-2017-Wave/TSUNAMI_SMACKDOWN/Saved/Autosaves/Game/2DSideScrollerBP/Blueprints/Beat_Auto4.uasset'
[2017.01.21-22.56.22:504][294]LogSavePackage:Display: Finished SavePackage ../../../../TSUNAMI SMACKDOWN/GGJ-2017-Wave/TSUNAMI_SMACKDOWN/Saved/Autosaves/Game/2DSideScrollerBP/Blueprints/Beat_Auto4.uasset
[2017.01.21-22.56.22:504][294]OBJ SavePackage: Generating thumbnails for [0] asset(s) in package [/Game/2DSideScrollerBP/Blueprints/BeatSpawn] ([1] browsable assets)...
[2017.01.21-22.56.22:504][294]OBJ SavePackage: Finished generating thumbnails for package [/Game/2DSideScrollerBP/Blueprints/BeatSpawn]
[2017.01.21-22.56.22:519][294]LogSavePackage: Save=8.61ms
[2017.01.21-22.56.22:519][294]LogSavePackage: Moving '../../../../TSUNAMI SMACKDOWN/GGJ-2017-Wave/TSUNAMI_SMACKDOWN/Saved/BeatSpawn_Auto41A70EA014DE82DB09E2D38885E34345E.tmp' to '../../../../TSUNAMI SMACKDOWN/GGJ-2017-Wave/TSUNAMI_SMACKDOWN/Saved/Autosaves/Game/2DSideScrollerBP/Blueprints/BeatSpawn_Auto4.uasset'
[2017.01.21-22.56.22:522][294]LogSavePackage:Display: Finished SavePackage ../../../../TSUNAMI SMACKDOWN/GGJ-2017-Wave/TSUNAMI_SMACKDOWN/Saved/Autosaves/Game/2DSideScrollerBP/Blueprints/BeatSpawn_Auto4.uasset
[2017.01.21-22.56.22:522][294]LogFileHelpers: Auto-saving content packages took 0.184
[2017.01.21-22.59.10:017][252]LogEditorViewport: Clicking on Actor (LMB): BeatSpawn_C (BeatSpawn)
[2017.01.21-22.59.11:671][391]LogEditorViewport: Clicking on Actor (LMB): PaperSpriteActor (Background_Sprite)
[2017.01.21-22.59.19:465][772]LogD3D11RHI: Timed out while waiting for GPU to catch up. (0.5 s)
[2017.01.21-22.59.19:965][772]LogD3D11RHI: Timed out while waiting for GPU to catch up. (0.5 s)
[2017.01.21-22.59.20:469][773]LogD3D11RHI: Timed out while waiting for GPU to catch up. (0.5 s)
[2017.01.21-22.59.20:969][773]LogD3D11RHI: Timed out while waiting for GPU to catch up. (0.5 s)
[2017.01.21-22.59.21:469][773]LogD3D11RHI: Timed out while waiting for GPU to catch up. (0.5 s)
[2017.01.21-22.59.21:970][773]LogD3D11RHI: Timed out while waiting for GPU to catch up. (0.5 s)
[2017.01.21-22.59.22:147][774]LogD3D11RHI:Error: Result failed 
 at D:\Build\++UE4+Release-4.14+Compile\Sync\Engine\Source\Runtime\Windows\D3D11RHI\Private\D3D11Viewport.cpp:275 
 with error DXGI_ERROR_DEVICE_REMOVED DXGI_ERROR_DEVICE_HUNG
[2017.01.21-22.59.22:148][774]LogWindows: Windows GetLastError: The operation completed successfully. (0)
[2017.01.21-22.59.35:708][774]LogCrashTracker: 


[2017.01.21-22.59.35:715][774]LogWindows: Windows GetLastError: The operation completed successfully. (0)
[2017.01.21-22.59.35:715][774]LogCrashTracker: 


[2017.01.21-22.59.35:715][774]LogWindows:Error: === Critical error: ===
[2017.01.21-22.59.35:715][774]LogWindows:Error: 
[2017.01.21-22.59.35:715][774]LogWindows:Error: Fatal error: [File:D:\Build\++UE4+Release-4.14+Compile\Sync\Engine\Source\Runtime\RenderCore\Private\RenderingThread.cpp] [Line: 791] 
[2017.01.21-22.59.35:715][774]LogWindows:Error: Rendering thread exception:
[2017.01.21-22.59.35:715][774]LogWindows:Error: Fatal error: [File:D:\Build\++UE4+Release-4.14+Compile\Sync\Engine\Source\Runtime\Windows\D3D11RHI\Private\D3D11Util.cpp] [Line: 176] 
[2017.01.21-22.59.35:715][774]LogWindows:Error: Unreal Engine is exiting due to D3D device being lost. (Error: 0x887A0006 - 'HUNG')
[2017.01.21-22.59.35:715][774]LogWindows:Error: 
[2017.01.21-22.59.35:715][774]LogWindows:Error: 
[2017.01.21-22.59.35:715][774]LogWindows:Error: KERNELBASE.dll
[2017.01.21-22.59.35:715][774]LogWindows:Error: UE4Editor-Core.dll
[2017.01.21-22.59.35:715][774]LogWindows:Error: UE4Editor-Core.dll
[2017.01.21-22.59.35:715][774]LogWindows:Error: UE4Editor-Core.dll
[2017.01.21-22.59.35:715][774]LogWindows:Error: UE4Editor-D3D11RHI.dll
[2017.01.21-22.59.35:715][774]LogWindows:Error: UE4Editor-D3D11RHI.dll
[2017.01.21-22.59.35:716][774]LogWindows:Error: UE4Editor-D3D11RHI.dll
[2017.01.21-22.59.35:716][774]LogWindows:Error: UE4Editor-D3D11RHI.dll
[2017.01.21-22.59.35:716][774]LogWindows:Error: UE4Editor-D3D11RHI.dll
[2017.01.21-22.59.35:716][774]LogWindows:Error: UE4Editor-RHI.dll
[2017.01.21-22.59.35:716][774]LogWindows:Error: UE4Editor-SlateRHIRenderer.dll
[2017.01.21-22.59.35:716][774]LogWindows:Error: UE4Editor-SlateRHIRenderer.dll
[2017.01.21-22.59.35:716][774]LogWindows:Error: UE4Editor-Core.dll
[2017.01.21-22.59.35:716][774]LogWindows:Error: UE4Editor-Core.dll
[2017.01.21-22.59.35:716][774]LogWindows:Error: UE4Editor-RenderCore.dll
[2017.01.21-22.59.35:716][774]LogWindows:Error: UE4Editor-RenderCore.dll
[2017.01.21-22.59.35:716][774]LogWindows:Error: UE4Editor-Core.dll
[2017.01.21-22.59.35:716][774]LogWindows:Error: UE4Editor-Core.dll
[2017.01.21-22.59.35:716][774]LogWindows:Error: KERNEL32.DLL
[2017.01.21-22.59.35:716][774]LogWindows:Error: ntdll.dll
[2017.01.21-22.59.35:716][774]LogWindows:Error: ntdll.dll
[2017.01.21-22.59.35:716][774]LogWindows:Error: 
[2017.01.21-22.59.35:716][774]LogWindows:Error: 
[2017.01.21-22.59.35:716][774]LogWindows:Error: 
[2017.01.21-22.59.35:716][774]LogWindows:Error: 
[2017.01.21-22.59.35:769][774]LogExit: Executing StaticShutdownAfterError
[2017.01.21-22.59.35:795][774]LogWindows: FPlatformMisc::RequestExit(1)
[2017.01.21-22.59.35:795][774]Log file closed, 01/21/17 14:59:35
