Log file open, 01/21/17 01:24:13
LogInit:Display: Running engine for game: TSUNAMI_SMACKDOWN
LogPlatformFile: Not using cached read wrapper
LogInit:Display: RandInit(-508323101) SRandInit(-508323101).
LogTaskGraph: Started task graph with 5 named threads and 6 total threads with 1 sets of task threads.
LogStats: Stats thread started at 0.119407
LogPluginManager: Loaded Plugin Paper2D, From C:/Program Files (x86)/Epic Games/4.14/Engine/Plugins/2D/Paper2D/Paper2D.uplugin
LogPluginManager: Loaded Plugin LightPropagationVolume, From C:/Program Files (x86)/Epic Games/4.14/Engine/Plugins/Blendables/LightPropagationVolume/LightPropagationVolume.uplugin
LogPluginManager: Loaded Plugin BlankPlugin, From C:/Program Files (x86)/Epic Games/4.14/Engine/Plugins/Developer/BlankPlugin/BlankPlugin.uplugin
LogPluginManager: Loaded Plugin CodeLiteSourceCodeAccess, From C:/Program Files (x86)/Epic Games/4.14/Engine/Plugins/Developer/CodeLiteSourceCodeAccess/CodeLiteSourceCodeAccess.uplugin
LogPluginManager: Loaded Plugin GitSourceControl, From C:/Program Files (x86)/Epic Games/4.14/Engine/Plugins/Developer/GitSourceControl/GitSourceControl.uplugin
LogPluginManager: Loaded Plugin KDevelopSourceCodeAccess, From C:/Program Files (x86)/Epic Games/4.14/Engine/Plugins/Developer/KDevelopSourceCodeAccess/KDevelopSourceCodeAccess.uplugin
LogPluginManager: Loaded Plugin NullSourceCodeAccess, From C:/Program Files (x86)/Epic Games/4.14/Engine/Plugins/Developer/NullSourceCodeAccess/NullSourceCodeAccess.uplugin
LogPluginManager: Loaded Plugin OneSkyLocalizationService, From C:/Program Files (x86)/Epic Games/4.14/Engine/Plugins/Developer/OneSkyLocalizationService/OneSkyLocalizationService.uplugin
LogPluginManager: Loaded Plugin PerforceSourceControl, From C:/Program Files (x86)/Epic Games/4.14/Engine/Plugins/Developer/PerforceSourceControl/PerforceSourceControl.uplugin
LogPluginManager: Loaded Plugin SubversionSourceControl, From C:/Program Files (x86)/Epic Games/4.14/Engine/Plugins/Developer/SubversionSourceControl/SubversionSourceControl.uplugin
LogPluginManager: Loaded Plugin UObjectPlugin, From C:/Program Files (x86)/Epic Games/4.14/Engine/Plugins/Developer/UObjectPlugin/UObjectPlugin.uplugin
LogPluginManager: Loaded Plugin VisualStudioSourceCodeAccess, From C:/Program Files (x86)/Epic Games/4.14/Engine/Plugins/Developer/VisualStudioSourceCodeAccess/VisualStudioSourceCodeAccess.uplugin
LogPluginManager: Loaded Plugin XCodeSourceCodeAccess, From C:/Program Files (x86)/Epic Games/4.14/Engine/Plugins/Developer/XCodeSourceCodeAccess/XCodeSourceCodeAccess.uplugin
LogPluginManager: Loaded Plugin AudioCapture, From C:/Program Files (x86)/Epic Games/4.14/Engine/Plugins/Editor/AudioCapture/AudioCapture.uplugin
LogPluginManager: Loaded Plugin EpicSurvey, From C:/Program Files (x86)/Epic Games/4.14/Engine/Plugins/Editor/EpicSurvey/EpicSurvey.uplugin
LogPluginManager: Loaded Plugin MacGraphicsSwitching, From C:/Program Files (x86)/Epic Games/4.14/Engine/Plugins/Editor/MacGraphicsSwitching/MacGraphicsSwitching.uplugin
LogPluginManager: Loaded Plugin MobileLauncherProfileWizard, From C:/Program Files (x86)/Epic Games/4.14/Engine/Plugins/Editor/MobileLauncherProfileWizard/MobileLauncherProfileWizard.uplugin
LogPluginManager: Loaded Plugin PluginBrowser, From C:/Program Files (x86)/Epic Games/4.14/Engine/Plugins/Editor/PluginBrowser/PluginBrowser.uplugin
LogPluginManager: Loaded Plugin SpeedTreeImporter, From C:/Program Files (x86)/Epic Games/4.14/Engine/Plugins/Editor/SpeedTreeImporter/SpeedTreeImporter.uplugin
LogPluginManager: Loaded Plugin SuperSearchEditor, From C:/Program Files (x86)/Epic Games/4.14/Engine/Plugins/Editor/SuperSearchEditor/SuperSearchEditor.uplugin
LogPluginManager: Loaded Plugin AlembicImporter, From C:/Program Files (x86)/Epic Games/4.14/Engine/Plugins/Experimental/AlembicImporter/AlembicImporter.uplugin
LogPluginManager: Loaded Plugin BlueprintStats, From C:/Program Files (x86)/Epic Games/4.14/Engine/Plugins/Experimental/BlueprintStats/BlueprintStats.uplugin
LogPluginManager: Loaded Plugin CharacterAI, From C:/Program Files (x86)/Epic Games/4.14/Engine/Plugins/Experimental/CharacterAI/CharacterAI.uplugin
LogPluginManager: Loaded Plugin CodeEditor, From C:/Program Files (x86)/Epic Games/4.14/Engine/Plugins/Experimental/CodeEditor/CodeEditor.uplugin
LogPluginManager: Loaded Plugin CodeView, From C:/Program Files (x86)/Epic Games/4.14/Engine/Plugins/Experimental/CodeView/CodeView.uplugin
LogPluginManager: Loaded Plugin HTML5Networking, From C:/Program Files (x86)/Epic Games/4.14/Engine/Plugins/Experimental/HTML5Networking/HTML5Networking.uplugin
LogPluginManager: Loaded Plugin OSVR, From C:/Program Files (x86)/Epic Games/4.14/Engine/Plugins/Experimental/OSVR/OSVR.uplugin
LogPluginManager: Loaded Plugin Phya, From C:/Program Files (x86)/Epic Games/4.14/Engine/Plugins/Experimental/Phya/Phya.uplugin
LogPluginManager: Loaded Plugin SignificanceManager, From C:/Program Files (x86)/Epic Games/4.14/Engine/Plugins/Experimental/SignificanceManager/SignificanceManager.uplugin
LogPluginManager: Loaded Plugin SimpleHMD, From C:/Program Files (x86)/Epic Games/4.14/Engine/Plugins/Experimental/SimpleHMD/SimpleHMD.uplugin
LogPluginManager: Loaded Plugin StereoPanorama, From C:/Program Files (x86)/Epic Games/4.14/Engine/Plugins/Experimental/StereoPanorama/StereoPanorama.uplugin
LogPluginManager: Loaded Plugin StructBox, From C:/Program Files (x86)/Epic Games/4.14/Engine/Plugins/Experimental/StructBox/StructBox.uplugin
LogPluginManager: Loaded Plugin AndroidMedia, From C:/Program Files (x86)/Epic Games/4.14/Engine/Plugins/Media/AndroidMedia/AndroidMedia.uplugin
LogPluginManager: Loaded Plugin AvfMedia, From C:/Program Files (x86)/Epic Games/4.14/Engine/Plugins/Media/AvfMedia/AvfMedia.uplugin
LogPluginManager: Loaded Plugin MediaPlayerEditor, From C:/Program Files (x86)/Epic Games/4.14/Engine/Plugins/Media/MediaPlayerEditor/MediaPlayerEditor.uplugin
LogPluginManager: Loaded Plugin WmfMedia, From C:/Program Files (x86)/Epic Games/4.14/Engine/Plugins/Media/WmfMedia/WmfMedia.uplugin
LogPluginManager: Loaded Plugin MessagingDebugger, From C:/Program Files (x86)/Epic Games/4.14/Engine/Plugins/Messaging/MessagingDebugger/MessagingDebugger.uplugin
LogPluginManager: Loaded Plugin TcpMessaging, From C:/Program Files (x86)/Epic Games/4.14/Engine/Plugins/Messaging/TcpMessaging/TcpMessaging.uplugin
LogPluginManager: Loaded Plugin UdpMessaging, From C:/Program Files (x86)/Epic Games/4.14/Engine/Plugins/Messaging/UdpMessaging/UdpMessaging.uplugin
LogPluginManager: Loaded Plugin LevelSequenceEditor, From C:/Program Files (x86)/Epic Games/4.14/Engine/Plugins/MovieScene/LevelSequenceEditor/LevelSequenceEditor.uplugin
LogPluginManager: Loaded Plugin MatineeToLevelSequence, From C:/Program Files (x86)/Epic Games/4.14/Engine/Plugins/MovieScene/MatineeToLevelSequence/MatineeToLevelSequence.uplugin
LogPluginManager: Loaded Plugin NetcodeUnitTest, From C:/Program Files (x86)/Epic Games/4.14/Engine/Plugins/NetcodeUnitTest/NetcodeUnitTest/NetcodeUnitTest.uplugin
LogPluginManager: Loaded Plugin NUTUnrealEngine4, From C:/Program Files (x86)/Epic Games/4.14/Engine/Plugins/NetcodeUnitTest/NUTUnrealEngine4/NUTUnrealEngine4.uplugin
LogPluginManager: Loaded Plugin OnlineSubsystemGameCircle, From C:/Program Files (x86)/Epic Games/4.14/Engine/Plugins/Online/Android/OnlineSubsystemGameCircle/OnlineSubsystemGameCircle.uplugin
LogPluginManager: Loaded Plugin OnlineSubsystemGooglePlay, From C:/Program Files (x86)/Epic Games/4.14/Engine/Plugins/Online/Android/OnlineSubsystemGooglePlay/OnlineSubsystemGooglePlay.uplugin
LogPluginManager: Loaded Plugin OnlineSubsystemIOS, From C:/Program Files (x86)/Epic Games/4.14/Engine/Plugins/Online/IOS/OnlineSubsystemIOS/OnlineSubsystemIOS.uplugin
LogPluginManager: Loaded Plugin OnlineFramework, From C:/Program Files (x86)/Epic Games/4.14/Engine/Plugins/Online/OnlineFramework/OnlineFramework.uplugin
LogPluginManager: Loaded Plugin OnlineSubsystem, From C:/Program Files (x86)/Epic Games/4.14/Engine/Plugins/Online/OnlineSubsystem/OnlineSubsystem.uplugin
LogPluginManager: Loaded Plugin OnlineSubsystemAmazon, From C:/Program Files (x86)/Epic Games/4.14/Engine/Plugins/Online/OnlineSubsystemAmazon/OnlineSubsystemAmazon.uplugin
LogPluginManager: Loaded Plugin OnlineSubsystemFacebook, From C:/Program Files (x86)/Epic Games/4.14/Engine/Plugins/Online/OnlineSubsystemFacebook/OnlineSubsystemFacebook.uplugin
LogPluginManager: Loaded Plugin OnlineSubsystemNull, From C:/Program Files (x86)/Epic Games/4.14/Engine/Plugins/Online/OnlineSubsystemNull/OnlineSubsystemNull.uplugin
LogPluginManager: Loaded Plugin OnlineSubsystemOculus, From C:/Program Files (x86)/Epic Games/4.14/Engine/Plugins/Online/OnlineSubsystemOculus/OnlineSubsystemOculus.uplugin
LogPluginManager: Loaded Plugin OnlineSubsystemSteam, From C:/Program Files (x86)/Epic Games/4.14/Engine/Plugins/Online/OnlineSubsystemSteam/OnlineSubsystemSteam.uplugin
LogPluginManager: Loaded Plugin OnlineSubsystemUtils, From C:/Program Files (x86)/Epic Games/4.14/Engine/Plugins/Online/OnlineSubsystemUtils/OnlineSubsystemUtils.uplugin
LogPluginManager: Loaded Plugin IOSTapJoy, From C:/Program Files (x86)/Epic Games/4.14/Engine/Plugins/Runtime/Advertising/IOSTapJoy/IOSTapJoy.uplugin
LogPluginManager: Loaded Plugin AnalyticsBlueprintLibrary, From C:/Program Files (x86)/Epic Games/4.14/Engine/Plugins/Runtime/Analytics/AnalyticsBlueprintLibrary/AnalyticsBlueprintLibrary.uplugin
LogPluginManager: Loaded Plugin AnalyticsMulticast, From C:/Program Files (x86)/Epic Games/4.14/Engine/Plugins/Runtime/Analytics/AnalyticsMulticast/AnalyticsMulticast.uplugin
LogPluginManager: Loaded Plugin Apsalar, From C:/Program Files (x86)/Epic Games/4.14/Engine/Plugins/Runtime/Analytics/Apsalar/Apsalar.uplugin
LogPluginManager: Loaded Plugin FileLogging, From C:/Program Files (x86)/Epic Games/4.14/Engine/Plugins/Runtime/Analytics/FileLogging/FileLogging.uplugin
LogPluginManager: Loaded Plugin Flurry, From C:/Program Files (x86)/Epic Games/4.14/Engine/Plugins/Runtime/Analytics/Flurry/Flurry.uplugin
LogPluginManager: Loaded Plugin AndroidDeviceProfileSelector, From C:/Program Files (x86)/Epic Games/4.14/Engine/Plugins/Runtime/AndroidDeviceProfileSelector/AndroidDeviceProfileSelector.uplugin
LogPluginManager: Loaded Plugin AndroidMoviePlayer, From C:/Program Files (x86)/Epic Games/4.14/Engine/Plugins/Runtime/AndroidMoviePlayer/AndroidMoviePlayer.uplugin
LogPluginManager: Loaded Plugin AppleMoviePlayer, From C:/Program Files (x86)/Epic Games/4.14/Engine/Plugins/Runtime/AppleMoviePlayer/AppleMoviePlayer.uplugin
LogPluginManager: Loaded Plugin ArchVisCharacter, From C:/Program Files (x86)/Epic Games/4.14/Engine/Plugins/Runtime/ArchVisCharacter/ArchVisCharacter.uplugin
LogPluginManager: Loaded Plugin CableComponent, From C:/Program Files (x86)/Epic Games/4.14/Engine/Plugins/Runtime/CableComponent/CableComponent.uplugin
LogPluginManager: Loaded Plugin CustomMeshComponent, From C:/Program Files (x86)/Epic Games/4.14/Engine/Plugins/Runtime/CustomMeshComponent/CustomMeshComponent.uplugin
LogPluginManager: Loaded Plugin ExampleDeviceProfileSelector, From C:/Program Files (x86)/Epic Games/4.14/Engine/Plugins/Runtime/ExampleDeviceProfileSelector/ExampleDeviceProfileSelector.uplugin
LogPluginManager: Loaded Plugin GearVR, From C:/Program Files (x86)/Epic Games/4.14/Engine/Plugins/Runtime/GearVR/GearVR.uplugin
LogPluginManager: Loaded Plugin GoogleVRController, From C:/Program Files (x86)/Epic Games/4.14/Engine/Plugins/Runtime/GoogleVR/GoogleVRController/GoogleVRController.uplugin
LogPluginManager: Loaded Plugin GoogleVRHMD, From C:/Program Files (x86)/Epic Games/4.14/Engine/Plugins/Runtime/GoogleVR/GoogleVRHMD/GoogleVRHMD.uplugin
LogPluginManager: Loaded Plugin IOSDeviceProfileSelector, From C:/Program Files (x86)/Epic Games/4.14/Engine/Plugins/Runtime/IOSDeviceProfileSelector/IOSDeviceProfileSelector.uplugin
LogPluginManager: Loaded Plugin LeapMotion, From C:/Program Files (x86)/Epic Games/4.14/Engine/Plugins/Runtime/LeapMotion/LeapMotion.uplugin
LogPluginManager: Loaded Plugin LinuxDeviceProfileSelector, From C:/Program Files (x86)/Epic Games/4.14/Engine/Plugins/Runtime/LinuxDeviceProfileSelector/LinuxDeviceProfileSelector.uplugin
LogPluginManager: Loaded Plugin MIDIDevice, From C:/Program Files (x86)/Epic Games/4.14/Engine/Plugins/Runtime/MIDIDevice/MIDIDevice.uplugin
LogPluginManager: Loaded Plugin MobilePatchingUtils, From C:/Program Files (x86)/Epic Games/4.14/Engine/Plugins/Runtime/MobilePatchingUtils/MobilePatchingUtils.uplugin
LogPluginManager: Loaded Plugin Ansel, From C:/Program Files (x86)/Epic Games/4.14/Engine/Plugins/Runtime/Nvidia/Ansel/Ansel.uplugin
LogPluginManager: Loaded Plugin OculusAudio, From C:/Program Files (x86)/Epic Games/4.14/Engine/Plugins/Runtime/OculusAudio/OculusAudio.uplugin
LogPluginManager: Loaded Plugin OculusInput, From C:/Program Files (x86)/Epic Games/4.14/Engine/Plugins/Runtime/OculusInput/OculusInput.uplugin
LogPluginManager: Loaded Plugin OculusLibrary, From C:/Program Files (x86)/Epic Games/4.14/Engine/Plugins/Runtime/OculusLibrary/OculusLibrary.uplugin
LogPluginManager: Loaded Plugin OculusRift, From C:/Program Files (x86)/Epic Games/4.14/Engine/Plugins/Runtime/OculusRift/OculusRift.uplugin
LogPluginManager: Loaded Plugin Oodle, From C:/Program Files (x86)/Epic Games/4.14/Engine/Plugins/Runtime/PacketHandlers/CompressionComponents/Oodle/Oodle.uplugin
LogPluginManager: Loaded Plugin ProceduralMeshComponent, From C:/Program Files (x86)/Epic Games/4.14/Engine/Plugins/Runtime/ProceduralMeshComponent/ProceduralMeshComponent.uplugin
LogPluginManager: Loaded Plugin SoundMod, From C:/Program Files (x86)/Epic Games/4.14/Engine/Plugins/Runtime/SoundMod/SoundMod.uplugin
LogPluginManager: Loaded Plugin SoundVisualizations, From C:/Program Files (x86)/Epic Games/4.14/Engine/Plugins/Runtime/SoundVisualizations/SoundVisualizations.uplugin
LogPluginManager: Loaded Plugin SteamController, From C:/Program Files (x86)/Epic Games/4.14/Engine/Plugins/Runtime/Steam/SteamController/SteamController.uplugin
LogPluginManager: Loaded Plugin SteamVR, From C:/Program Files (x86)/Epic Games/4.14/Engine/Plugins/Runtime/Steam/SteamVR/SteamVR.uplugin
LogPluginManager: Loaded Plugin WebBrowserWidget, From C:/Program Files (x86)/Epic Games/4.14/Engine/Plugins/Runtime/WebBrowserWidget/WebBrowserWidget.uplugin
LogPluginManager: Loaded Plugin WindowsDeviceProfileSelector, From C:/Program Files (x86)/Epic Games/4.14/Engine/Plugins/Runtime/WindowsDeviceProfileSelector/WindowsDeviceProfileSelector.uplugin
LogPluginManager: Loaded Plugin WindowsMoviePlayer, From C:/Program Files (x86)/Epic Games/4.14/Engine/Plugins/Runtime/WindowsMoviePlayer/WindowsMoviePlayer.uplugin
LogPluginManager: Loaded Plugin ScriptPlugin, From C:/Program Files (x86)/Epic Games/4.14/Engine/Plugins/ScriptPlugin/ScriptPlugin.uplugin
LogPluginManager: Loaded Plugin SlateRemote, From C:/Program Files (x86)/Epic Games/4.14/Engine/Plugins/Slate/SlateRemote/SlateRemote.uplugin
LogPluginManager: Loaded Plugin EditorTests, From C:/Program Files (x86)/Epic Games/4.14/Engine/Plugins/Tests/EditorTests/EditorTests.uplugin
LogPluginManager: Loaded Plugin FbxAutomationTestBuilder, From C:/Program Files (x86)/Epic Games/4.14/Engine/Plugins/Tests/FbxAutomationTestBuilder/FbxAutomationTestBuilder.uplugin
LogPluginManager: Loaded Plugin FunctionalTestingEditor, From C:/Program Files (x86)/Epic Games/4.14/Engine/Plugins/Tests/FunctionalTestingEditor/FunctionalTestingEditor.uplugin
LogPluginManager: Loaded Plugin RuntimeTests, From C:/Program Files (x86)/Epic Games/4.14/Engine/Plugins/Tests/RuntimeTests/RuntimeTests.uplugin
LogPluginManager: Loaded Plugin ScreenshotTools, From C:/Program Files (x86)/Epic Games/4.14/Engine/Plugins/Tests/ScreenshotTools/ScreenshotTools.uplugin
LogInit: Using libcurl 7.47.1
LogInit:  - built for x86_64-pc-win32
LogInit:  - supports SSL with OpenSSL/1.0.2g
LogInit:  - supports HTTP deflate (compression) using libz 1.2.8
LogInit:  - other features:
LogInit:      CURL_VERSION_SSL
LogInit:      CURL_VERSION_LIBZ
LogInit:      CURL_VERSION_IPV6
LogInit:      CURL_VERSION_ASYNCHDNS
LogInit:      CURL_VERSION_LARGEFILE
LogInit:      CURL_VERSION_IDN
LogInit:  CurlRequestOptions (configurable via config and command line):
LogInit:  - bVerifyPeer = false  - Libcurl will NOT verify peer certificate
LogInit:  - bUseHttpProxy = false  - Libcurl will NOT use HTTP proxy
LogInit:  - bDontReuseConnections = false  - Libcurl will reuse connections
LogInit:  - CertBundlePath = nullptr  - Libcurl will use whatever was configured at build time.
LogInit: Build: ++UE4+Release-4.14-CL-3249277
LogInit: Engine Version: 4.14.3-3249277+++UE4+Release-4.14
LogInit: Compatible Engine Version: 4.14.0-3195953+++UE4+Release-4.14
LogInit: Net CL: 3195953
LogDevObjectVersion: Number of dev versions registered: 13
LogDevObjectVersion:   Dev-Blueprints (B0D832E4-1F89-4F0D-ACCF-7EB736FD4AA2): 7
LogDevObjectVersion:   Dev-Build (E1C64328-A22C-4D53-A36C-8E866417BD8C): 0
LogDevObjectVersion:   Dev-Core (375EC13C-06E4-48FB-B500-84F0262A717E): 1
LogDevObjectVersion:   Dev-Editor (E4B068ED-F494-42E9-A231-DA0B2E46BB41): 8
LogDevObjectVersion:   Dev-Framework (CFFC743F-43B0-4480-9391-14DF171D2073): 17
LogDevObjectVersion:   Dev-Mobile (B02B49B5-BB20-44E9-A304-32B752E40360): 0
LogDevObjectVersion:   Dev-Networking (A4E4105C-59A1-49B5-A7C5-40C4547EDFEE): 0
LogDevObjectVersion:   Dev-Online (39C831C9-5AE6-47DC-9A44-9C173E1C8E7C): 0
LogDevObjectVersion:   Dev-Physics (78F01B33-EBEA-4F98-B9B4-84EACCB95AA2): 0
LogDevObjectVersion:   Dev-Platform (6631380F-2D4D-43E0-8009-CF276956A95A): 0
LogDevObjectVersion:   Dev-Rendering (12F88B9F-8875-4AFC-A67C-D90C383ABD29): 12
LogDevObjectVersion:   Dev-Sequencer (7B5AE74C-D270-4C10-A958-57980B212A5A): 1
LogDevObjectVersion:   Dev-VR (D7296918-1DD6-4BDD-9DE2-64A83CC13884): 0
LogInit: Compiled (64-bit): Jan  6 2017 10:49:43
LogInit: Compiled with Visual C++: 19.00.23026.00
LogInit: Build Configuration: Development
LogInit: Branch Name: ++UE4+Release-4.14
LogInit: Command line:  
LogInit: Base directory: C:/Program Files (x86)/Epic Games/4.14/Engine/Binaries/Win64/
LogInit: Installed Engine Build: 1
LogInit: Presizing for max 8388607 objects, including 0 objects not considered by GC, pre-allocating 0 bytes for permanent pool.
LogInit: Object subsystem initialized
[2017.01.21-09.24.14:825][  0]LogInit: Selected Device Profile: [Windows]
[2017.01.21-09.24.14:825][  0]LogInit: Applying CVar settings loaded from the selected device profile: [Windows]
[2017.01.21-09.24.14:908][  0]LogInit: Computer: TJANDRAPC
[2017.01.21-09.24.14:908][  0]LogInit: User: Daniel
[2017.01.21-09.24.14:908][  0]LogInit: CPU Page size=65536, Cores=2
[2017.01.21-09.24.14:908][  0]LogInit: High frequency timer resolution =2.533198 MHz
[2017.01.21-09.24.14:908][  0]LogMemory: Memory total: Physical=7.9GB (8GB approx)
[2017.01.21-09.24.14:908][  0]LogMemory: Platform Memory Stats for Windows
[2017.01.21-09.24.14:908][  0]LogMemory: Process Physical Memory: 263.62 MB used, 263.62 MB peak
[2017.01.21-09.24.14:908][  0]LogMemory: Process Virtual Memory: 262.46 MB used, 262.46 MB peak
[2017.01.21-09.24.14:908][  0]LogMemory: Physical Memory: 6731.51 MB used,  1352.76 MB free, 8084.27 MB total
[2017.01.21-09.24.14:908][  0]LogMemory: Virtual Memory: 674.54 MB used,  1352.76 MB free, 134217728.00 MB total
[2017.01.21-09.24.16:245][  0]LogTextLocalizationManager: No specific translations for ('en-US') exist, so ('en') translations will be used.
[2017.01.21-09.24.26:761][  0]LogD3D11RHI: D3D11 adapters:
[2017.01.21-09.24.27:025][  0]LogD3D11RHI:    0. 'NVIDIA GeForce GT 820M' (Feature Level 11_0)
[2017.01.21-09.24.27:025][  0]LogD3D11RHI:       1999/0/4042 MB DedicatedVideo/DedicatedSystem/SharedSystem, Outputs:2, VendorId:0x10de
[2017.01.21-09.24.27:100][  0]LogD3D11RHI:    1. 'Intel(R) HD Graphics Family' (Feature Level 11_0)
[2017.01.21-09.24.27:100][  0]LogD3D11RHI:       112/0/2048 MB DedicatedVideo/DedicatedSystem/SharedSystem, Outputs:0, VendorId:0x8086
[2017.01.21-09.24.27:102][  0]LogD3D11RHI:    2. 'Microsoft Basic Render Driver' (Feature Level 11_0)
[2017.01.21-09.24.27:102][  0]LogD3D11RHI:       0/0/4042 MB DedicatedVideo/DedicatedSystem/SharedSystem, Outputs:0, VendorId:0x1414
[2017.01.21-09.24.27:102][  0]LogD3D11RHI: Chosen D3D11 Adapter: 0
[2017.01.21-09.24.27:110][  0]LogD3D11RHI: Creating new Direct3DDevice
[2017.01.21-09.24.27:110][  0]LogD3D11RHI:     GPU DeviceId: 0x1140 (for the marketing name, search the web for "GPU Device Id")
[2017.01.21-09.24.27:110][  0]LogWindows: EnumDisplayDevices:
[2017.01.21-09.24.27:110][  0]LogWindows:    0. 'Intel(R) HD Graphics Family' (P:1 D:1)
[2017.01.21-09.24.27:111][  0]LogWindows:    1. 'Intel(R) HD Graphics Family' (P:0 D:1)
[2017.01.21-09.24.27:111][  0]LogWindows:    2. 'Intel(R) HD Graphics Family' (P:0 D:0)
[2017.01.21-09.24.27:111][  0]LogWindows: DebugString: PrimaryIsNotTheChoosenAdapter PrimaryIsNotTheChoosenAdapter PrimaryIsNotTheChoosenAdapter FoundDriverCount:0 
[2017.01.21-09.24.27:111][  0]LogD3D11RHI:     Adapter Name: NVIDIA GeForce GT 820M
[2017.01.21-09.24.27:112][  0]LogD3D11RHI:   Driver Version: Unknown (internal:Unknown, unified:Unknown)
[2017.01.21-09.24.27:112][  0]LogD3D11RHI:      Driver Date: Unknown
[2017.01.21-09.24.27:112][  0]LogRHI: Texture pool is 1361 MB (70% of 1945 MB)
[2017.01.21-09.24.27:134][  0]LogD3D11RHI:Warning: Timestamp queries are currently disabled on this hardware due to instability. Realtime GPU stats will not be available. You can override this behaviour by setting r.NVIDIATimestampWorkaround to 0
[2017.01.21-09.24.27:134][  0]LogD3D11RHI: Async texture creation enabled
[2017.01.21-09.24.27:153][  0]LogD3D11RHI: GPU Timing Frequency: 1000.000000 (Debug: 2 2)
[2017.01.21-09.24.27:154][  0]LogShaderCompilers: Guid format shader working directory is -15 characters bigger than the processId version (../../../../TSUNAMI SMACKDOWN/GGJ-2017-Wave/TSUNAMI_SMACKDOWN/Intermediate/Shaders/WorkingDirectory/15100/).
[2017.01.21-09.24.27:154][  0]LogShaderCompilers: Cleaned the shader compiler working directory 'C:/Users/Daniel/AppData/Local/Temp/UnrealShaderWorkingDir/3EFA1B084AF85E72396A85B6935A6BE0/'.
[2017.01.21-09.24.27:154][  0]LogShaderCompilers:Display: Using Local Shader Compiler.
[2017.01.21-09.24.36:091][  0]LogTemp:Display: Loaded TP AllDesktopTargetPlatform
[2017.01.21-09.24.36:240][  0]LogTemp:Display: Loaded TP MacClientTargetPlatform
[2017.01.21-09.24.36:372][  0]LogTemp:Display: Loaded TP MacNoEditorTargetPlatform
[2017.01.21-09.24.36:531][  0]LogTemp:Display: Loaded TP MacServerTargetPlatform
[2017.01.21-09.24.36:713][  0]LogTemp:Display: Loaded TP MacTargetPlatform
[2017.01.21-09.24.36:824][  0]LogTemp:Display: Loaded TP WindowsClientTargetPlatform
[2017.01.21-09.24.36:939][  0]LogTemp:Display: Loaded TP WindowsNoEditorTargetPlatform
[2017.01.21-09.24.37:083][  0]LogTemp:Display: Loaded TP WindowsServerTargetPlatform
[2017.01.21-09.24.37:187][  0]LogTemp:Display: Loaded TP WindowsTargetPlatform
[2017.01.21-09.24.37:325][  0]LogTemp:Display: Loaded TP AndroidTargetPlatform
[2017.01.21-09.24.37:543][  0]LogTemp:Display: Loaded TP Android_ASTCTargetPlatform
[2017.01.21-09.24.37:676][  0]LogTemp:Display: Loaded TP Android_ATCTargetPlatform
[2017.01.21-09.24.37:842][  0]LogTemp:Display: Loaded TP Android_DXTTargetPlatform
[2017.01.21-09.24.37:984][  0]LogTemp:Display: Loaded TP Android_ETC1TargetPlatform
[2017.01.21-09.24.38:105][  0]LogTemp:Display: Loaded TP Android_ETC2TargetPlatform
[2017.01.21-09.24.38:341][  0]LogTemp:Display: Loaded TP Android_MultiTargetPlatform
[2017.01.21-09.24.38:341][  0]LogTemp:Display: Loaded TP Android_PVRTCTargetPlatform
[2017.01.21-09.24.38:453][  0]LogTemp:Display: Loaded TP HTML5TargetPlatform
[2017.01.21-09.24.38:718][  0]LogTemp:Display: Loaded TP IOSTargetPlatform
[2017.01.21-09.24.38:779][  0]LogTemp:Display: Loaded TP TVOSTargetPlatform
[2017.01.21-09.24.38:893][  0]LogTemp:Display: Loaded TP LinuxClientTargetPlatform
[2017.01.21-09.24.39:002][  0]LogTemp:Display: Loaded TP LinuxNoEditorTargetPlatform
[2017.01.21-09.24.39:121][  0]LogTemp:Display: Loaded TP LinuxServerTargetPlatform
[2017.01.21-09.24.39:254][  0]LogTemp:Display: Loaded TP LinuxTargetPlatform
[2017.01.21-09.24.39:254][  0]LogTargetPlatformManager:Display: Building Assets For Windows
[2017.01.21-09.24.41:437][  0]LogDerivedDataCache:Display: Max Cache Size: 512 MB
[2017.01.21-09.24.42:758][  0]LogDerivedDataCache: Loaded boot cache 1.32s 50MB C:/Users/Daniel/AppData/Local/UnrealEngine/4.14/DerivedDataCache/Boot.ddc.
[2017.01.21-09.24.42:758][  0]LogDerivedDataCache:Display: Loaded Boot cache: C:/Users/Daniel/AppData/Local/UnrealEngine/4.14/DerivedDataCache/Boot.ddc
[2017.01.21-09.24.42:758][  0]LogDerivedDataCache: FDerivedDataBackendGraph:  Pak pak cache file ../../../../TSUNAMI SMACKDOWN/GGJ-2017-Wave/TSUNAMI_SMACKDOWN/DerivedDataCache/DDC.ddp not found, will not use a pak cache.
[2017.01.21-09.24.42:758][  0]LogDerivedDataCache: Unable to find inner node Pak for hierarchical cache Hierarchy.
[2017.01.21-09.24.42:758][  0]LogDerivedDataCache: FDerivedDataBackendGraph:  CompressedPak pak cache file ../../../../TSUNAMI SMACKDOWN/GGJ-2017-Wave/TSUNAMI_SMACKDOWN/DerivedDataCache/Compressed.ddp not found, will not use a pak cache.
[2017.01.21-09.24.42:758][  0]LogDerivedDataCache: Unable to find inner node CompressedPak for hierarchical cache Hierarchy.
[2017.01.21-09.24.42:798][  0]LogDerivedDataCache:Display: Pak cache opened for reading ../../../Engine/DerivedDataCache/Compressed.ddp.
[2017.01.21-09.24.42:810][  0]LogDerivedDataCache: Using Local data cache path C:/Users/Daniel/AppData/Local/UnrealEngine/Common/DerivedDataCache: Writable
[2017.01.21-09.24.47:551][  0]LogInit: Selected Device Profile: [Windows]
[2017.01.21-09.24.47:592][  0]LogContentStreaming: Texture pool size is 0.00 MB
[2017.01.21-09.24.48:411][  0]LogMeshUtilities: Using QuadricMeshReduction for automatic static mesh reduction
[2017.01.21-09.24.48:636][  0]LogSimplygon: Simplygon DLL not present - disabling.
[2017.01.21-09.24.48:786][  0]LogMeshUtilities: Using SimplygonSwarm for distributed automatic mesh merging
[2017.01.21-09.24.48:786][  0]LogMeshUtilities: No automatic skeletal mesh reduction module available
[2017.01.21-09.24.48:786][  0]LogMeshUtilities: No automatic mesh merging module available
[2017.01.21-09.24.49:801][  0]LogNetVersion: GetLocalNetworkVersion: CL: 3195953, ProjectName: tsunami_smackdown, ProjectVersion: , EngineNetworkVersion: 2, GameNetworkVersion: 0, NetworkChecksum: 218061758
[2017.01.21-09.24.49:996][  0]LogAssetRegistry: FAssetRegistry took 0.0218 seconds to start up
[2017.01.21-09.24.50:118][  0]LogPackageLocalizationCache: Processed 3 localized package path(s) for 2 prioritized culture(s) in 0.064566 seconds
[2017.01.21-09.24.50:125][  0]LogUObjectArray: 31946 objects as part of root set at end of initial load.
[2017.01.21-09.24.50:125][  0]LogUObjectAllocator: 6935840 out of 0 bytes used by permanent object pool.
[2017.01.21-09.24.50:125][  0]LogUObjectArray: CloseDisregardForGC: 0/0 objects in disregard for GC pool
[2017.01.21-09.24.50:337][  0]LogInit: WinSock: version 1.1 (2.2), MaxSocks=32767, MaxUdp=65467
[2017.01.21-09.24.54:315][  0]LogSlate: Using Freetype 2.6.0
[2017.01.21-09.24.54:404][  0]LogSlate: SlateFontCache - WITH_FREETYPE: 1, WITH_HARFBUZZ: 1
[2017.01.21-09.24.54:404][  0]LogSlate: SlateFontCache - WITH_FREETYPE: 1, WITH_HARFBUZZ: 1
[2017.01.21-09.25.25:523][  0]LogTcpMessaging: Initializing TcpMessaging bridge
[2017.01.21-09.25.25:620][  0]LogUdpMessaging: Initializing bridge on interface 0.0.0.0:0 to multicast group 230.0.0.1:6666.
[2017.01.21-09.25.26:640][  0]LogMaterial: Uniform references updated for custom material expression Custom.
[2017.01.21-09.25.27:581][  0]SourceControl: Info Source control is disabled
[2017.01.21-09.26.07:674][  0]LogEngine: Initializing Engine...
[2017.01.21-09.26.07:674][  0]LogHMD: Failed to initialize OpenVR with code 110
[2017.01.21-09.26.08:194][  0]LogAIModule: Creating AISystem for world Untitled
[2017.01.21-09.26.08:218][  0]LogInit: XAudio2 using 'Speakers (Conexant SmartAudio HD)' : 2 channels at 48 kHz using 32 bits per sample (channel mask 0x3)
[2017.01.21-09.26.08:229][  0]LogInit: FAudioDevice initialized.
[2017.01.21-09.26.08:268][  0]LogDerivedDataCache: Saved boot cache 0.04s 50MB C:/Users/Daniel/AppData/Local/UnrealEngine/4.14/DerivedDataCache/Boot.ddc.
[2017.01.21-09.26.08:279][  0]LogInit: Texture streaming: Enabled
[2017.01.21-09.26.09:018][  0]LogInit: Transaction tracking system initialized
[2017.01.21-09.26.10:013][  0]BlueprintLog: New page: Editor Load
[2017.01.21-09.26.12:994][  0]LocalizationService: Info Localization service is disabled
[2017.01.21-09.26.15:214][  0]LogConsoleResponse:Display: 
[2017.01.21-09.26.16:331][  0]LogCook:Display: Max memory allowance for cook 16384mb min free memory 0mb
[2017.01.21-09.26.16:331][  0]LogCook:Display: Mobile HDR setting 1
[2017.01.21-09.26.17:201][  0]LogFileCache: Scanning file cache for directory 'C:/Program Files (x86)/Epic Games/TSUNAMI SMACKDOWN/GGJ-2017-Wave/TSUNAMI_SMACKDOWN/Content/' took 0.02s
[2017.01.21-09.26.30:759][  0]Cmd: MAP LOAD FILE="../../../../TSUNAMI SMACKDOWN/GGJ-2017-Wave/TSUNAMI_SMACKDOWN/Content/2DSideScrollerBP/Maps/2DSideScrollerExampleMap.umap" TEMPLATE=0 SHOWPROGRESS=1 FEATURELEVEL=3
[2017.01.21-09.26.30:760][  0]LightingResults: New page: Lighting Build
[2017.01.21-09.26.30:868][  0]MapCheck: New page: Map Check
[2017.01.21-09.26.30:868][  0]LightingResults: New page: Lighting Build
[2017.01.21-09.26.32:476][  0]LogAIModule: Creating AISystem for world 2DSideScrollerExampleMap
[2017.01.21-09.26.32:483][  0]LogEditorServer: Finished looking for orphan Actors (0.000 secs)
[2017.01.21-09.26.32:483][  0]Cmd: MAP CHECKDEP NOCLEARLOG
[2017.01.21-09.26.32:611][  0]MapCheck: Info Map check complete: 0 Error(s), 0 Warning(s), took 127.829ms to complete.
[2017.01.21-09.26.32:611][  0]LogFileHelpers: Loading map '2DSideScrollerExampleMap' took 1.852
[2017.01.21-09.26.32:671][  0]LogWindowsTextInputMethodSystem:Display: IME system now deactivated.
[2017.01.21-09.26.32:910][  0]LogCollectionManager: Loaded 0 collections in 0.031993 seconds
[2017.01.21-09.26.33:045][  0]LogFileCache: Scanning file cache for directory 'C:/Program Files (x86)/Epic Games/TSUNAMI SMACKDOWN/GGJ-2017-Wave/TSUNAMI_SMACKDOWN/Saved/Collections/' took 0.01s
[2017.01.21-09.26.33:045][  0]LogFileCache: Scanning file cache for directory 'C:/Program Files (x86)/Epic Games/TSUNAMI SMACKDOWN/GGJ-2017-Wave/TSUNAMI_SMACKDOWN/Content/Developers/Daniel/Collections/' took 0.01s
[2017.01.21-09.26.33:045][  0]LogFileCache: Scanning file cache for directory 'C:/Program Files (x86)/Epic Games/TSUNAMI SMACKDOWN/GGJ-2017-Wave/TSUNAMI_SMACKDOWN/Content/Collections/' took 0.01s
[2017.01.21-09.26.33:045][  0]LogCollectionManager: Rebuilt the GUID cache for 0 collections in 0.000002 seconds
[2017.01.21-09.26.33:055][  0]LogContentBrowser: Native class hierarchy populated in 0.0095 seconds. Added 2190 classes and 428 folders.
[2017.01.21-09.26.33:155][  0]LogStats: UGameplayTagsManager::ConstructGameplayTagTree: Construct from data asset -  0.000 s
[2017.01.21-09.26.33:155][  0]LogStats: UGameplayTagsManager::ConstructGameplayTagTree: GameplayTagTreeChangedEvent.Broadcast -  0.000 s
[2017.01.21-09.26.33:156][  0]LogContentBrowser: Native class hierarchy updated for 'GameplayTags' in 0.0007 seconds. Added 13 classes and 0 folders.
[2017.01.21-09.26.33:300][  0]LogContentBrowser: Native class hierarchy updated for 'WidgetCarousel' in 0.0006 seconds. Added 0 classes and 0 folders.
[2017.01.21-09.26.34:381][  0]LogContentBrowser: Native class hierarchy updated for 'AddContentDialog' in 0.0008 seconds. Added 0 classes and 0 folders.
[2017.01.21-09.26.34:538][  0]LogContentBrowser: Native class hierarchy updated for 'SceneOutliner' in 0.0009 seconds. Added 1 classes and 2 folders.
[2017.01.21-09.26.34:636][  0]LogCrashTracker: Crashtracker disabled due to settings.
[2017.01.21-09.26.34:644][  0]LogUObjectGlobals:Warning: Failed to find object 'Class None.'
[2017.01.21-09.26.34:814][  0]LogContentBrowser: Native class hierarchy updated for 'HierarchicalLODOutliner' in 0.0007 seconds. Added 1 classes and 2 folders.
[2017.01.21-09.26.34:814][  0]LogLoad: (Engine Initialization) Total time: 147.50 seconds
[2017.01.21-09.26.34:814][  0]LogLoad: (Engine Initialization) Total Blueprint compile time: 0.25 seconds
[2017.01.21-09.26.34:814][  0]LogExternalProfiler: Found external profiler: VSPerf
[2017.01.21-09.26.34:814][  0]LogExternalProfiler: Using external profiler: VSPerf
[2017.01.21-09.26.34:833][  0]LogOcInput: OculusInput pre-init called
[2017.01.21-09.26.34:851][  0]LogContentStreaming: Texture pool size now 1000 MB
[2017.01.21-09.26.35:278][  0]LogRenderer: Reallocating scene render targets to support 804x368 NumSamples 1 (Frame:2).
[2017.01.21-09.26.35:394][  1]LogAssetRegistry: Asset discovery search completed in 105.4202 seconds
[2017.01.21-09.26.35:394][  1]LogCollectionManager: Rebuilt the object cache for 0 collections in 0.000001 seconds (found 0 objects)
[2017.01.21-09.26.35:394][  1]LogCollectionManager: Fixed up redirectors for 0 collections in 0.000033 seconds (updated 0 objects)
[2017.01.21-09.26.35:741][  7]SourceControl: Info On branch dtjandra
[2017.01.21-09.26.35:741][  7]SourceControl: Info Changes not staged for commit:
[2017.01.21-09.26.35:741][  7]SourceControl: Info   (use "git add <file>..." to update what will be committed)
[2017.01.21-09.26.35:741][  7]SourceControl: Info   (use "git checkout -- <file>..." to discard changes in working directory)
[2017.01.21-09.26.35:741][  7]SourceControl: Info 	modified:   TSUNAMI_SMACKDOWN/Content/2DSideScrollerBP/Maps/2DSideScrollerExampleMap.umap
[2017.01.21-09.26.35:741][  7]SourceControl: Info 	modified:   TSUNAMI_SMACKDOWN/Intermediate/CachedAssetRegistry.bin
[2017.01.21-09.26.35:741][  7]SourceControl: Info 	modified:   TSUNAMI_SMACKDOWN/Intermediate/Config/CoalescedSourceConfigs/Compat.ini
[2017.01.21-09.26.35:741][  7]SourceControl: Info 	modified:   TSUNAMI_SMACKDOWN/Intermediate/Config/CoalescedSourceConfigs/DeviceProfiles.ini
[2017.01.21-09.26.35:741][  7]SourceControl: Info 	modified:   TSUNAMI_SMACKDOWN/Intermediate/Config/CoalescedSourceConfigs/Editor.ini
[2017.01.21-09.26.35:741][  7]SourceControl: Info 	modified:   TSUNAMI_SMACKDOWN/Intermediate/Config/CoalescedSourceConfigs/EditorKeyBindings.ini
[2017.01.21-09.26.35:741][  7]SourceControl: Info 	modified:   TSUNAMI_SMACKDOWN/Intermediate/Config/CoalescedSourceConfigs/EditorPerProjectUserSettings.ini
[2017.01.21-09.26.35:741][  7]SourceControl: Info 	modified:   TSUNAMI_SMACKDOWN/Intermediate/Config/CoalescedSourceConfigs/EditorSettings.ini
[2017.01.21-09.26.35:741][  7]SourceControl: Info 	modified:   TSUNAMI_SMACKDOWN/Intermediate/Config/CoalescedSourceConfigs/Engine.ini
[2017.01.21-09.26.35:741][  7]SourceControl: Info 	modified:   TSUNAMI_SMACKDOWN/Intermediate/Config/CoalescedSourceConfigs/Game.ini
[2017.01.21-09.26.35:741][  7]SourceControl: Info 	modified:   TSUNAMI_SMACKDOWN/Intermediate/Config/CoalescedSourceConfigs/Hardware.ini
[2017.01.21-09.26.35:741][  7]SourceControl: Info 	modified:   TSUNAMI_SMACKDOWN/Intermediate/Config/CoalescedSourceConfigs/Input.ini
[2017.01.21-09.26.35:741][  7]SourceControl: Info 	modified:   TSUNAMI_SMACKDOWN/Intermediate/Config/CoalescedSourceConfigs/Lightmass.ini
[2017.01.21-09.26.35:741][  7]SourceControl: Info 	modified:   TSUNAMI_SMACKDOWN/Intermediate/Config/CoalescedSourceConfigs/Scalability.ini
[2017.01.21-09.26.35:741][  7]SourceControl: Info 	modified:   TSUNAMI_SMACKDOWN/Saved/AutoScreenshot.png
[2017.01.21-09.26.35:741][  7]SourceControl: Info 	modified:   TSUNAMI_SMACKDOWN/Saved/Config/Windows/Compat.ini
[2017.01.21-09.26.35:741][  7]SourceControl: Info 	modified:   TSUNAMI_SMACKDOWN/Saved/Config/Windows/DeviceProfiles.ini
[2017.01.21-09.26.35:741][  7]SourceControl: Info 	modified:   TSUNAMI_SMACKDOWN/Saved/Config/Windows/Editor.ini
[2017.01.21-09.26.35:741][  7]SourceControl: Info 	modified:   TSUNAMI_SMACKDOWN/Saved/Config/Windows/EditorPerProjectUserSettings.ini
[2017.01.21-09.26.35:741][  7]SourceControl: Info 	modified:   TSUNAMI_SMACKDOWN/Saved/Config/Windows/Engine.ini
[2017.01.21-09.26.35:741][  7]SourceControl: Info 	modified:   TSUNAMI_SMACKDOWN/Saved/Config/Windows/Game.ini
[2017.01.21-09.26.35:741][  7]SourceControl: Info 	modified:   TSUNAMI_SMACKDOWN/Saved/Config/Windows/GameUserSettings.ini
[2017.01.21-09.26.35:741][  7]SourceControl: Info 	modified:   TSUNAMI_SMACKDOWN/Saved/Config/Windows/GameplayTags.ini
[2017.01.21-09.26.35:741][  7]SourceControl: Info 	modified:   TSUNAMI_SMACKDOWN/Saved/Config/Windows/Hardware.ini
[2017.01.21-09.26.35:741][  7]SourceControl: Info 	modified:   TSUNAMI_SMACKDOWN/Saved/Config/Windows/Input.ini
[2017.01.21-09.26.35:741][  7]SourceControl: Info 	modified:   TSUNAMI_SMACKDOWN/Saved/Config/Windows/InternationalizationExport.ini
[2017.01.21-09.26.35:741][  7]SourceControl: Info 	modified:   TSUNAMI_SMACKDOWN/Saved/Config/Windows/Lightmass.ini
[2017.01.21-09.26.35:742][  7]SourceControl: Info 	modified:   TSUNAMI_SMACKDOWN/Saved/Config/Windows/LocalizationServiceSettings.ini
[2017.01.21-09.26.35:742][  7]SourceControl: Info 	modified:   TSUNAMI_SMACKDOWN/Saved/Config/Windows/Scalability.ini
[2017.01.21-09.26.35:742][  7]SourceControl: Info 	modified:   TSUNAMI_SMACKDOWN/Saved/Config/Windows/SourceControlSettings.ini
[2017.01.21-09.26.35:742][  7]SourceControl: Info 	modified:   TSUNAMI_SMACKDOWN/Saved/Config/Windows/TemplateDefs.ini
[2017.01.21-09.26.35:742][  7]SourceControl: Info 	modified:   TSUNAMI_SMACKDOWN/Saved/Config/Windows/TranslationPickerSettings.ini
[2017.01.21-09.26.35:742][  7]SourceControl: Info 	modified:   TSUNAMI_SMACKDOWN/Saved/Logs/TSUNAMI_SMACKDOWN.log
[2017.01.21-09.26.35:742][  7]SourceControl: Info Untracked files:
[2017.01.21-09.26.35:742][  7]SourceControl: Info   (use "git add <file>..." to include in what will be committed)
[2017.01.21-09.26.35:742][  7]SourceControl: Info 	TSUNAMI_SMACKDOWN/Saved/Autosaves/Game/
[2017.01.21-09.26.35:742][  7]SourceControl: Info 	TSUNAMI_SMACKDOWN/Saved/Backup/2DSideScrollerExampleMap_2017-01-21-00-39-36.umap
[2017.01.21-09.26.35:742][  7]SourceControl: Info 	TSUNAMI_SMACKDOWN/Saved/Backup/2DSideScrollerExampleMap_2017-01-21-00-50-38.umap
[2017.01.21-09.26.35:742][  7]SourceControl: Info 	TSUNAMI_SMACKDOWN/Saved/Backup/2DSideScrollerExampleMap_2017-01-21-01-24-00.umap
[2017.01.21-09.26.35:742][  7]SourceControl: Info 	TSUNAMI_SMACKDOWN/Saved/Backup/2DSideScrollerExampleMap_BuiltData_2017-01-21-00-39-39.uasset
[2017.01.21-09.26.35:742][  7]SourceControl: Info 	TSUNAMI_SMACKDOWN/Saved/Logs/TSUNAMI_SMACKDOWN-backup-2017.01.21-00.15.59.log
[2017.01.21-09.26.35:742][  7]SourceControl: Info 	TSUNAMI_SMACKDOWN/Saved/Logs/TSUNAMI_SMACKDOWN-backup-2017.01.21-00.37.59.log
[2017.01.21-09.26.35:742][  7]SourceControl: Info 	TSUNAMI_SMACKDOWN/Saved/Logs/TSUNAMI_SMACKDOWN_2.log
[2017.01.21-09.26.35:742][  7]SourceControl: Info 	TSUNAMI_SMACKDOWN/Saved/Logs/UE4CC-Windows-580C19054CD688A75823B38DF2FAEE2B/
[2017.01.21-09.26.35:742][  7]SourceControl: Info 	TSUNAMI_SMACKDOWN/Saved/Logs/UE4CC-Windows-580C19054CD688A75823B38DF2FAEE2B_0000/
[2017.01.21-09.26.35:742][  7]SourceControl: Info 	TSUNAMI_SMACKDOWN/Saved/Logs/UE4CC-Windows-9980BE4946E505676DA10584C353C8A5/
[2017.01.21-09.26.35:742][  7]SourceControl: Info 	TSUNAMI_SMACKDOWN/Saved/Logs/UE4CC-Windows-F04B2D894A5E12F77E9E9291047A2D28/
[2017.01.21-09.26.35:742][  7]SourceControl: Info no changes added to commit (use "git add" and/or "git commit -a")
[2017.01.21-09.26.47:161][663]LogRenderer: Reallocating scene render targets to support 1016x368 NumSamples 1 (Frame:561).
[2017.01.21-09.29.53:306][229]Cmd: MODE SCALEGRID=0
[2017.01.21-09.29.54:760][289]Cmd: MODE SCALEGRID=1
[2017.01.21-09.31.33:013][740]LogContentBrowser: Native class hierarchy updated for 'WebBrowser' in 0.0019 seconds. Added 0 classes and 0 folders.
[2017.01.21-09.31.43:733][974]LogTemp: Repeting last play command: Selected Viewport
[2017.01.21-09.31.43:815][974]LogBlueprintUserMessages: Early PlayInEditor Detection: Level '/Game/2DSideScrollerBP/Maps/2DSideScrollerExampleMap.2DSideScrollerExampleMap:PersistentLevel' has LevelScriptBlueprint '/Game/2DSideScrollerBP/Maps/2DSideScrollerExampleMap.2DSideScrollerExampleMap:PersistentLevel.2DSideScrollerExampleMap' with GeneratedClass '/Game/2DSideScrollerBP/Maps/2DSideScrollerExampleMap.2DSideScrollerExampleMap_C' with ClassGeneratedBy '/Game/2DSideScrollerBP/Maps/2DSideScrollerExampleMap.2DSideScrollerExampleMap:PersistentLevel.2DSideScrollerExampleMap'
[2017.01.21-09.31.43:941][974]LogPlayLevel: PlayLevel: No blueprints needed recompiling
[2017.01.21-09.31.44:881][974]PIE: New page: PIE session: 2DSideScrollerExampleMap (Jan 20, 2017, 5:31:44 PM)
[2017.01.21-09.31.44:918][974]LogPlayLevel: Creating play world package: /Game/2DSideScrollerBP/Maps/UEDPIE_0_2DSideScrollerExampleMap
[2017.01.21-09.31.45:389][974]LogPlayLevel: PIE: StaticDuplicateObject took: (0.470551s)
[2017.01.21-09.31.45:390][974]LogAIModule: Creating AISystem for world 2DSideScrollerExampleMap
[2017.01.21-09.31.45:462][974]LogPlayLevel: PIE: World Init took: (0.072954s)
[2017.01.21-09.31.45:463][974]LogPlayLevel: PIE: Created PIE world by copying editor world from /Game/2DSideScrollerBP/Maps/2DSideScrollerExampleMap.2DSideScrollerExampleMap to /Game/2DSideScrollerBP/Maps/UEDPIE_0_2DSideScrollerExampleMap.2DSideScrollerExampleMap (0.544970s)
[2017.01.21-09.31.45:533][974]LogInit: XAudio2 using 'Speakers (Conexant SmartAudio HD)' : 2 channels at 48 kHz using 32 bits per sample (channel mask 0x3)
[2017.01.21-09.31.45:540][974]LogInit: FAudioDevice initialized.
[2017.01.21-09.31.46:360][974]LogLoad: Game class is '2DSideScrollerGameMode_C'
[2017.01.21-09.31.46:632][974]LogWorld: Bringing World /Game/2DSideScrollerBP/Maps/UEDPIE_0_2DSideScrollerExampleMap.2DSideScrollerExampleMap up for play (max tick rate 60) at 2017.01.21-01.31.46
[2017.01.21-09.31.46:694][974]LogWorld: Bringing up level for play took: 0.086568
[2017.01.21-09.31.47:152][974]LogContentBrowser: Native class hierarchy updated for 'MovieSceneCapture' in 0.0013 seconds. Added 11 classes and 0 folders.
[2017.01.21-09.31.47:250][974]PIE: Info Play in editor start time for /Game/2DSideScrollerBP/Maps/UEDPIE_0_2DSideScrollerExampleMap 4.35
[2017.01.21-09.31.47:250][974]LogBlueprintUserMessages: Late PlayInEditor Detection: Level '/Game/2DSideScrollerBP/Maps/2DSideScrollerExampleMap.2DSideScrollerExampleMap:PersistentLevel' has LevelScriptBlueprint '/Game/2DSideScrollerBP/Maps/2DSideScrollerExampleMap.2DSideScrollerExampleMap:PersistentLevel.2DSideScrollerExampleMap' with GeneratedClass '/Game/2DSideScrollerBP/Maps/2DSideScrollerExampleMap.2DSideScrollerExampleMap_C' with ClassGeneratedBy '/Game/2DSideScrollerBP/Maps/2DSideScrollerExampleMap.2DSideScrollerExampleMap:PersistentLevel.2DSideScrollerExampleMap'
[2017.01.21-09.31.54:251][335]LogBlueprintUserMessages: Early EndPlayMap Detection: Level '/Game/2DSideScrollerBP/Maps/2DSideScrollerExampleMap.2DSideScrollerExampleMap:PersistentLevel' has LevelScriptBlueprint '/Game/2DSideScrollerBP/Maps/2DSideScrollerExampleMap.2DSideScrollerExampleMap:PersistentLevel.2DSideScrollerExampleMap' with GeneratedClass '/Game/2DSideScrollerBP/Maps/2DSideScrollerExampleMap.2DSideScrollerExampleMap_C' with ClassGeneratedBy '/Game/2DSideScrollerBP/Maps/2DSideScrollerExampleMap.2DSideScrollerExampleMap:PersistentLevel.2DSideScrollerExampleMap'
[2017.01.21-09.31.54:433][335]LogBlueprintUserMessages: Late EndPlayMap Detection: Level '/Game/2DSideScrollerBP/Maps/2DSideScrollerExampleMap.2DSideScrollerExampleMap:PersistentLevel' has LevelScriptBlueprint '/Game/2DSideScrollerBP/Maps/2DSideScrollerExampleMap.2DSideScrollerExampleMap:PersistentLevel.2DSideScrollerExampleMap' with GeneratedClass '/Game/2DSideScrollerBP/Maps/2DSideScrollerExampleMap.2DSideScrollerExampleMap_C' with ClassGeneratedBy '/Game/2DSideScrollerBP/Maps/2DSideScrollerExampleMap.2DSideScrollerExampleMap:PersistentLevel.2DSideScrollerExampleMap'
[2017.01.21-09.31.55:541][392]Cmd: SELECT NONE
[2017.01.21-09.31.56:341][437]LogTemp: Repeting last play command: Selected Viewport
[2017.01.21-09.31.56:354][437]LogBlueprintUserMessages: Early PlayInEditor Detection: Level '/Game/2DSideScrollerBP/Maps/2DSideScrollerExampleMap.2DSideScrollerExampleMap:PersistentLevel' has LevelScriptBlueprint '/Game/2DSideScrollerBP/Maps/2DSideScrollerExampleMap.2DSideScrollerExampleMap:PersistentLevel.2DSideScrollerExampleMap' with GeneratedClass '/Game/2DSideScrollerBP/Maps/2DSideScrollerExampleMap.2DSideScrollerExampleMap_C' with ClassGeneratedBy '/Game/2DSideScrollerBP/Maps/2DSideScrollerExampleMap.2DSideScrollerExampleMap:PersistentLevel.2DSideScrollerExampleMap'
[2017.01.21-09.31.56:354][437]LogPlayLevel: PlayLevel: No blueprints needed recompiling
[2017.01.21-09.31.56:354][437]PIE: New page: PIE session: 2DSideScrollerExampleMap (Jan 20, 2017, 5:31:56 PM)
[2017.01.21-09.31.56:354][437]LogPlayLevel: Creating play world package: /Game/2DSideScrollerBP/Maps/UEDPIE_0_2DSideScrollerExampleMap
[2017.01.21-09.31.56:357][437]LogPlayLevel: PIE: StaticDuplicateObject took: (0.003003s)
[2017.01.21-09.31.56:358][437]LogAIModule: Creating AISystem for world 2DSideScrollerExampleMap
[2017.01.21-09.31.56:358][437]LogPlayLevel: PIE: World Init took: (0.000827s)
[2017.01.21-09.31.56:358][437]LogPlayLevel: PIE: Created PIE world by copying editor world from /Game/2DSideScrollerBP/Maps/2DSideScrollerExampleMap.2DSideScrollerExampleMap to /Game/2DSideScrollerBP/Maps/UEDPIE_0_2DSideScrollerExampleMap.2DSideScrollerExampleMap (0.004051s)
[2017.01.21-09.31.56:393][437]LogInit: XAudio2 using 'Speakers (Conexant SmartAudio HD)' : 2 channels at 48 kHz using 32 bits per sample (channel mask 0x3)
[2017.01.21-09.31.56:400][437]LogInit: FAudioDevice initialized.
[2017.01.21-09.31.56:460][437]LogLoad: Game class is '2DSideScrollerGameMode_C'
[2017.01.21-09.31.56:462][437]LogWorld: Bringing World /Game/2DSideScrollerBP/Maps/UEDPIE_0_2DSideScrollerExampleMap.2DSideScrollerExampleMap up for play (max tick rate 60) at 2017.01.21-01.31.56
[2017.01.21-09.31.56:463][437]LogWorld: Bringing up level for play took: 0.001812
[2017.01.21-09.31.56:463][437]PIE: Info Play in editor start time for /Game/2DSideScrollerBP/Maps/UEDPIE_0_2DSideScrollerExampleMap -0.436
[2017.01.21-09.31.56:464][437]LogBlueprintUserMessages: Late PlayInEditor Detection: Level '/Game/2DSideScrollerBP/Maps/2DSideScrollerExampleMap.2DSideScrollerExampleMap:PersistentLevel' has LevelScriptBlueprint '/Game/2DSideScrollerBP/Maps/2DSideScrollerExampleMap.2DSideScrollerExampleMap:PersistentLevel.2DSideScrollerExampleMap' with GeneratedClass '/Game/2DSideScrollerBP/Maps/2DSideScrollerExampleMap.2DSideScrollerExampleMap_C' with ClassGeneratedBy '/Game/2DSideScrollerBP/Maps/2DSideScrollerExampleMap.2DSideScrollerExampleMap:PersistentLevel.2DSideScrollerExampleMap'
[2017.01.21-09.32.01:238][723]LogBlueprintUserMessages: Early EndPlayMap Detection: Level '/Game/2DSideScrollerBP/Maps/2DSideScrollerExampleMap.2DSideScrollerExampleMap:PersistentLevel' has LevelScriptBlueprint '/Game/2DSideScrollerBP/Maps/2DSideScrollerExampleMap.2DSideScrollerExampleMap:PersistentLevel.2DSideScrollerExampleMap' with GeneratedClass '/Game/2DSideScrollerBP/Maps/2DSideScrollerExampleMap.2DSideScrollerExampleMap_C' with ClassGeneratedBy '/Game/2DSideScrollerBP/Maps/2DSideScrollerExampleMap.2DSideScrollerExampleMap:PersistentLevel.2DSideScrollerExampleMap'
[2017.01.21-09.32.01:275][723]LogBlueprintUserMessages: Late EndPlayMap Detection: Level '/Game/2DSideScrollerBP/Maps/2DSideScrollerExampleMap.2DSideScrollerExampleMap:PersistentLevel' has LevelScriptBlueprint '/Game/2DSideScrollerBP/Maps/2DSideScrollerExampleMap.2DSideScrollerExampleMap:PersistentLevel.2DSideScrollerExampleMap' with GeneratedClass '/Game/2DSideScrollerBP/Maps/2DSideScrollerExampleMap.2DSideScrollerExampleMap_C' with ClassGeneratedBy '/Game/2DSideScrollerBP/Maps/2DSideScrollerExampleMap.2DSideScrollerExampleMap:PersistentLevel.2DSideScrollerExampleMap'
[2017.01.21-09.32.02:522][794]LogTemp: Repeting last play command: Selected Viewport
[2017.01.21-09.32.02:534][794]LogBlueprintUserMessages: Early PlayInEditor Detection: Level '/Game/2DSideScrollerBP/Maps/2DSideScrollerExampleMap.2DSideScrollerExampleMap:PersistentLevel' has LevelScriptBlueprint '/Game/2DSideScrollerBP/Maps/2DSideScrollerExampleMap.2DSideScrollerExampleMap:PersistentLevel.2DSideScrollerExampleMap' with GeneratedClass '/Game/2DSideScrollerBP/Maps/2DSideScrollerExampleMap.2DSideScrollerExampleMap_C' with ClassGeneratedBy '/Game/2DSideScrollerBP/Maps/2DSideScrollerExampleMap.2DSideScrollerExampleMap:PersistentLevel.2DSideScrollerExampleMap'
[2017.01.21-09.32.02:534][794]LogPlayLevel: PlayLevel: No blueprints needed recompiling
[2017.01.21-09.32.02:534][794]PIE: New page: PIE session: 2DSideScrollerExampleMap (Jan 20, 2017, 5:32:02 PM)
[2017.01.21-09.32.02:534][794]LogPlayLevel: Creating play world package: /Game/2DSideScrollerBP/Maps/UEDPIE_0_2DSideScrollerExampleMap
[2017.01.21-09.32.02:539][794]LogPlayLevel: PIE: StaticDuplicateObject took: (0.004526s)
[2017.01.21-09.32.02:539][794]LogAIModule: Creating AISystem for world 2DSideScrollerExampleMap
[2017.01.21-09.32.02:540][794]LogPlayLevel: PIE: World Init took: (0.000717s)
[2017.01.21-09.32.02:540][794]LogPlayLevel: PIE: Created PIE world by copying editor world from /Game/2DSideScrollerBP/Maps/2DSideScrollerExampleMap.2DSideScrollerExampleMap to /Game/2DSideScrollerBP/Maps/UEDPIE_0_2DSideScrollerExampleMap.2DSideScrollerExampleMap (0.005573s)
[2017.01.21-09.32.02:578][794]LogInit: XAudio2 using 'Speakers (Conexant SmartAudio HD)' : 2 channels at 48 kHz using 32 bits per sample (channel mask 0x3)
[2017.01.21-09.32.02:584][794]LogInit: FAudioDevice initialized.
[2017.01.21-09.32.02:618][794]LogLoad: Game class is '2DSideScrollerGameMode_C'
[2017.01.21-09.32.02:620][794]LogWorld: Bringing World /Game/2DSideScrollerBP/Maps/UEDPIE_0_2DSideScrollerExampleMap.2DSideScrollerExampleMap up for play (max tick rate 60) at 2017.01.21-01.32.02
[2017.01.21-09.32.02:620][794]LogWorld: Bringing up level for play took: 0.001731
[2017.01.21-09.32.02:621][794]PIE: Info Play in editor start time for /Game/2DSideScrollerBP/Maps/UEDPIE_0_2DSideScrollerExampleMap -0.278
[2017.01.21-09.32.02:621][794]LogBlueprintUserMessages: Late PlayInEditor Detection: Level '/Game/2DSideScrollerBP/Maps/2DSideScrollerExampleMap.2DSideScrollerExampleMap:PersistentLevel' has LevelScriptBlueprint '/Game/2DSideScrollerBP/Maps/2DSideScrollerExampleMap.2DSideScrollerExampleMap:PersistentLevel.2DSideScrollerExampleMap' with GeneratedClass '/Game/2DSideScrollerBP/Maps/2DSideScrollerExampleMap.2DSideScrollerExampleMap_C' with ClassGeneratedBy '/Game/2DSideScrollerBP/Maps/2DSideScrollerExampleMap.2DSideScrollerExampleMap:PersistentLevel.2DSideScrollerExampleMap'
[2017.01.21-09.32.03:480][845]LogBlueprintUserMessages: Early EndPlayMap Detection: Level '/Game/2DSideScrollerBP/Maps/2DSideScrollerExampleMap.2DSideScrollerExampleMap:PersistentLevel' has LevelScriptBlueprint '/Game/2DSideScrollerBP/Maps/2DSideScrollerExampleMap.2DSideScrollerExampleMap:PersistentLevel.2DSideScrollerExampleMap' with GeneratedClass '/Game/2DSideScrollerBP/Maps/2DSideScrollerExampleMap.2DSideScrollerExampleMap_C' with ClassGeneratedBy '/Game/2DSideScrollerBP/Maps/2DSideScrollerExampleMap.2DSideScrollerExampleMap:PersistentLevel.2DSideScrollerExampleMap'
[2017.01.21-09.32.03:512][845]LogBlueprintUserMessages: Late EndPlayMap Detection: Level '/Game/2DSideScrollerBP/Maps/2DSideScrollerExampleMap.2DSideScrollerExampleMap:PersistentLevel' has LevelScriptBlueprint '/Game/2DSideScrollerBP/Maps/2DSideScrollerExampleMap.2DSideScrollerExampleMap:PersistentLevel.2DSideScrollerExampleMap' with GeneratedClass '/Game/2DSideScrollerBP/Maps/2DSideScrollerExampleMap.2DSideScrollerExampleMap_C' with ClassGeneratedBy '/Game/2DSideScrollerBP/Maps/2DSideScrollerExampleMap.2DSideScrollerExampleMap:PersistentLevel.2DSideScrollerExampleMap'
[2017.01.21-09.32.05:095][927]LogTemp: Repeting last play command: Selected Viewport
[2017.01.21-09.32.05:111][927]LogBlueprintUserMessages: Early PlayInEditor Detection: Level '/Game/2DSideScrollerBP/Maps/2DSideScrollerExampleMap.2DSideScrollerExampleMap:PersistentLevel' has LevelScriptBlueprint '/Game/2DSideScrollerBP/Maps/2DSideScrollerExampleMap.2DSideScrollerExampleMap:PersistentLevel.2DSideScrollerExampleMap' with GeneratedClass '/Game/2DSideScrollerBP/Maps/2DSideScrollerExampleMap.2DSideScrollerExampleMap_C' with ClassGeneratedBy '/Game/2DSideScrollerBP/Maps/2DSideScrollerExampleMap.2DSideScrollerExampleMap:PersistentLevel.2DSideScrollerExampleMap'
[2017.01.21-09.32.05:111][927]LogPlayLevel: PlayLevel: No blueprints needed recompiling
[2017.01.21-09.32.05:111][927]PIE: New page: PIE session: 2DSideScrollerExampleMap (Jan 20, 2017, 5:32:05 PM)
[2017.01.21-09.32.05:112][927]LogPlayLevel: Creating play world package: /Game/2DSideScrollerBP/Maps/UEDPIE_0_2DSideScrollerExampleMap
[2017.01.21-09.32.05:120][927]LogPlayLevel: PIE: StaticDuplicateObject took: (0.008456s)
[2017.01.21-09.32.05:120][927]LogAIModule: Creating AISystem for world 2DSideScrollerExampleMap
[2017.01.21-09.32.05:121][927]LogPlayLevel: PIE: World Init took: (0.000668s)
[2017.01.21-09.32.05:121][927]LogPlayLevel: PIE: Created PIE world by copying editor world from /Game/2DSideScrollerBP/Maps/2DSideScrollerExampleMap.2DSideScrollerExampleMap to /Game/2DSideScrollerBP/Maps/UEDPIE_0_2DSideScrollerExampleMap.2DSideScrollerExampleMap (0.009420s)
[2017.01.21-09.32.05:162][927]LogInit: XAudio2 using 'Speakers (Conexant SmartAudio HD)' : 2 channels at 48 kHz using 32 bits per sample (channel mask 0x3)
[2017.01.21-09.32.05:173][927]LogInit: FAudioDevice initialized.
[2017.01.21-09.32.05:213][927]LogLoad: Game class is '2DSideScrollerGameMode_C'
[2017.01.21-09.32.05:216][927]LogWorld: Bringing World /Game/2DSideScrollerBP/Maps/UEDPIE_0_2DSideScrollerExampleMap.2DSideScrollerExampleMap up for play (max tick rate 60) at 2017.01.21-01.32.05
[2017.01.21-09.32.05:217][927]LogWorld: Bringing up level for play took: 0.002627
[2017.01.21-09.32.05:218][927]PIE: Info Play in editor start time for /Game/2DSideScrollerBP/Maps/UEDPIE_0_2DSideScrollerExampleMap 0.318
[2017.01.21-09.32.05:218][927]LogBlueprintUserMessages: Late PlayInEditor Detection: Level '/Game/2DSideScrollerBP/Maps/2DSideScrollerExampleMap.2DSideScrollerExampleMap:PersistentLevel' has LevelScriptBlueprint '/Game/2DSideScrollerBP/Maps/2DSideScrollerExampleMap.2DSideScrollerExampleMap:PersistentLevel.2DSideScrollerExampleMap' with GeneratedClass '/Game/2DSideScrollerBP/Maps/2DSideScrollerExampleMap.2DSideScrollerExampleMap_C' with ClassGeneratedBy '/Game/2DSideScrollerBP/Maps/2DSideScrollerExampleMap.2DSideScrollerExampleMap:PersistentLevel.2DSideScrollerExampleMap'
[2017.01.21-09.32.05:924][967]LogBlueprintUserMessages: Early EndPlayMap Detection: Level '/Game/2DSideScrollerBP/Maps/2DSideScrollerExampleMap.2DSideScrollerExampleMap:PersistentLevel' has LevelScriptBlueprint '/Game/2DSideScrollerBP/Maps/2DSideScrollerExampleMap.2DSideScrollerExampleMap:PersistentLevel.2DSideScrollerExampleMap' with GeneratedClass '/Game/2DSideScrollerBP/Maps/2DSideScrollerExampleMap.2DSideScrollerExampleMap_C' with ClassGeneratedBy '/Game/2DSideScrollerBP/Maps/2DSideScrollerExampleMap.2DSideScrollerExampleMap:PersistentLevel.2DSideScrollerExampleMap'
[2017.01.21-09.32.05:967][967]LogBlueprintUserMessages: Late EndPlayMap Detection: Level '/Game/2DSideScrollerBP/Maps/2DSideScrollerExampleMap.2DSideScrollerExampleMap:PersistentLevel' has LevelScriptBlueprint '/Game/2DSideScrollerBP/Maps/2DSideScrollerExampleMap.2DSideScrollerExampleMap:PersistentLevel.2DSideScrollerExampleMap' with GeneratedClass '/Game/2DSideScrollerBP/Maps/2DSideScrollerExampleMap.2DSideScrollerExampleMap_C' with ClassGeneratedBy '/Game/2DSideScrollerBP/Maps/2DSideScrollerExampleMap.2DSideScrollerExampleMap:PersistentLevel.2DSideScrollerExampleMap'
[2017.01.21-09.32.11:204][232]LogEditorViewport: Clicking on Actor (LMB): PaperSpriteActor (Background_Sprite)
[2017.01.21-09.32.12:070][260]LogEditorViewport: Clicking on Actor (LMB): 2DSideScrollerCharacter_C (2DSideScrollerCharacter)
[2017.01.21-09.32.17:540][503]LogTemp: Repeting last play command: Selected Viewport
[2017.01.21-09.32.17:558][503]LogBlueprintUserMessages: Early PlayInEditor Detection: Level '/Game/2DSideScrollerBP/Maps/2DSideScrollerExampleMap.2DSideScrollerExampleMap:PersistentLevel' has LevelScriptBlueprint '/Game/2DSideScrollerBP/Maps/2DSideScrollerExampleMap.2DSideScrollerExampleMap:PersistentLevel.2DSideScrollerExampleMap' with GeneratedClass '/Game/2DSideScrollerBP/Maps/2DSideScrollerExampleMap.2DSideScrollerExampleMap_C' with ClassGeneratedBy '/Game/2DSideScrollerBP/Maps/2DSideScrollerExampleMap.2DSideScrollerExampleMap:PersistentLevel.2DSideScrollerExampleMap'
[2017.01.21-09.32.17:558][503]LogPlayLevel: PlayLevel: No blueprints needed recompiling
[2017.01.21-09.32.17:558][503]PIE: New page: PIE session: 2DSideScrollerExampleMap (Jan 20, 2017, 5:32:17 PM)
[2017.01.21-09.32.17:558][503]LogPlayLevel: Creating play world package: /Game/2DSideScrollerBP/Maps/UEDPIE_0_2DSideScrollerExampleMap
[2017.01.21-09.32.17:565][503]LogPlayLevel: PIE: StaticDuplicateObject took: (0.007218s)
[2017.01.21-09.32.17:566][503]LogAIModule: Creating AISystem for world 2DSideScrollerExampleMap
[2017.01.21-09.32.17:566][503]LogPlayLevel: PIE: World Init took: (0.000870s)
[2017.01.21-09.32.17:567][503]LogPlayLevel: PIE: Created PIE world by copying editor world from /Game/2DSideScrollerBP/Maps/2DSideScrollerExampleMap.2DSideScrollerExampleMap to /Game/2DSideScrollerBP/Maps/UEDPIE_0_2DSideScrollerExampleMap.2DSideScrollerExampleMap (0.008434s)
[2017.01.21-09.32.17:642][503]LogInit: XAudio2 using 'Speakers (Conexant SmartAudio HD)' : 2 channels at 48 kHz using 32 bits per sample (channel mask 0x3)
[2017.01.21-09.32.17:649][503]LogInit: FAudioDevice initialized.
[2017.01.21-09.32.17:686][503]LogLoad: Game class is '2DSideScrollerGameMode_C'
[2017.01.21-09.32.17:689][503]LogWorld: Bringing World /Game/2DSideScrollerBP/Maps/UEDPIE_0_2DSideScrollerExampleMap.2DSideScrollerExampleMap up for play (max tick rate 60) at 2017.01.21-01.32.17
[2017.01.21-09.32.17:690][503]LogWorld: Bringing up level for play took: 0.002960
[2017.01.21-09.32.17:691][503]PIE: Info Play in editor start time for /Game/2DSideScrollerBP/Maps/UEDPIE_0_2DSideScrollerExampleMap 0.791
[2017.01.21-09.32.17:691][503]LogBlueprintUserMessages: Late PlayInEditor Detection: Level '/Game/2DSideScrollerBP/Maps/2DSideScrollerExampleMap.2DSideScrollerExampleMap:PersistentLevel' has LevelScriptBlueprint '/Game/2DSideScrollerBP/Maps/2DSideScrollerExampleMap.2DSideScrollerExampleMap:PersistentLevel.2DSideScrollerExampleMap' with GeneratedClass '/Game/2DSideScrollerBP/Maps/2DSideScrollerExampleMap.2DSideScrollerExampleMap_C' with ClassGeneratedBy '/Game/2DSideScrollerBP/Maps/2DSideScrollerExampleMap.2DSideScrollerExampleMap:PersistentLevel.2DSideScrollerExampleMap'
[2017.01.21-09.32.18:659][557]LogBlueprintUserMessages: Early EndPlayMap Detection: Level '/Game/2DSideScrollerBP/Maps/2DSideScrollerExampleMap.2DSideScrollerExampleMap:PersistentLevel' has LevelScriptBlueprint '/Game/2DSideScrollerBP/Maps/2DSideScrollerExampleMap.2DSideScrollerExampleMap:PersistentLevel.2DSideScrollerExampleMap' with GeneratedClass '/Game/2DSideScrollerBP/Maps/2DSideScrollerExampleMap.2DSideScrollerExampleMap_C' with ClassGeneratedBy '/Game/2DSideScrollerBP/Maps/2DSideScrollerExampleMap.2DSideScrollerExampleMap:PersistentLevel.2DSideScrollerExampleMap'
[2017.01.21-09.32.18:742][557]LogBlueprintUserMessages: Late EndPlayMap Detection: Level '/Game/2DSideScrollerBP/Maps/2DSideScrollerExampleMap.2DSideScrollerExampleMap:PersistentLevel' has LevelScriptBlueprint '/Game/2DSideScrollerBP/Maps/2DSideScrollerExampleMap.2DSideScrollerExampleMap:PersistentLevel.2DSideScrollerExampleMap' with GeneratedClass '/Game/2DSideScrollerBP/Maps/2DSideScrollerExampleMap.2DSideScrollerExampleMap_C' with ClassGeneratedBy '/Game/2DSideScrollerBP/Maps/2DSideScrollerExampleMap.2DSideScrollerExampleMap:PersistentLevel.2DSideScrollerExampleMap'
[2017.01.21-09.32.22:436][727]LogTemp: Repeting last play command: Selected Viewport
[2017.01.21-09.32.22:450][727]LogBlueprintUserMessages: Early PlayInEditor Detection: Level '/Game/2DSideScrollerBP/Maps/2DSideScrollerExampleMap.2DSideScrollerExampleMap:PersistentLevel' has LevelScriptBlueprint '/Game/2DSideScrollerBP/Maps/2DSideScrollerExampleMap.2DSideScrollerExampleMap:PersistentLevel.2DSideScrollerExampleMap' with GeneratedClass '/Game/2DSideScrollerBP/Maps/2DSideScrollerExampleMap.2DSideScrollerExampleMap_C' with ClassGeneratedBy '/Game/2DSideScrollerBP/Maps/2DSideScrollerExampleMap.2DSideScrollerExampleMap:PersistentLevel.2DSideScrollerExampleMap'
[2017.01.21-09.32.22:450][727]LogPlayLevel: PlayLevel: No blueprints needed recompiling
[2017.01.21-09.32.22:450][727]PIE: New page: PIE session: 2DSideScrollerExampleMap (Jan 20, 2017, 5:32:22 PM)
[2017.01.21-09.32.22:451][727]LogPlayLevel: Creating play world package: /Game/2DSideScrollerBP/Maps/UEDPIE_0_2DSideScrollerExampleMap
[2017.01.21-09.32.22:455][727]LogPlayLevel: PIE: StaticDuplicateObject took: (0.004111s)
[2017.01.21-09.32.22:456][727]LogAIModule: Creating AISystem for world 2DSideScrollerExampleMap
[2017.01.21-09.32.22:458][727]LogPlayLevel: PIE: World Init took: (0.003547s)
[2017.01.21-09.32.22:459][727]LogPlayLevel: PIE: Created PIE world by copying editor world from /Game/2DSideScrollerBP/Maps/2DSideScrollerExampleMap.2DSideScrollerExampleMap to /Game/2DSideScrollerBP/Maps/UEDPIE_0_2DSideScrollerExampleMap.2DSideScrollerExampleMap (0.007975s)
[2017.01.21-09.32.22:514][727]LogInit: XAudio2 using 'Speakers (Conexant SmartAudio HD)' : 2 channels at 48 kHz using 32 bits per sample (channel mask 0x3)
[2017.01.21-09.32.22:521][727]LogInit: FAudioDevice initialized.
[2017.01.21-09.32.22:556][727]LogLoad: Game class is '2DSideScrollerGameMode_C'
[2017.01.21-09.32.22:559][727]LogWorld: Bringing World /Game/2DSideScrollerBP/Maps/UEDPIE_0_2DSideScrollerExampleMap.2DSideScrollerExampleMap up for play (max tick rate 60) at 2017.01.21-01.32.22
[2017.01.21-09.32.22:559][727]LogWorld: Bringing up level for play took: 0.002483
[2017.01.21-09.32.22:589][727]PIE: Info Play in editor start time for /Game/2DSideScrollerBP/Maps/UEDPIE_0_2DSideScrollerExampleMap -0.311
[2017.01.21-09.32.22:589][727]LogBlueprintUserMessages: Late PlayInEditor Detection: Level '/Game/2DSideScrollerBP/Maps/2DSideScrollerExampleMap.2DSideScrollerExampleMap:PersistentLevel' has LevelScriptBlueprint '/Game/2DSideScrollerBP/Maps/2DSideScrollerExampleMap.2DSideScrollerExampleMap:PersistentLevel.2DSideScrollerExampleMap' with GeneratedClass '/Game/2DSideScrollerBP/Maps/2DSideScrollerExampleMap.2DSideScrollerExampleMap_C' with ClassGeneratedBy '/Game/2DSideScrollerBP/Maps/2DSideScrollerExampleMap.2DSideScrollerExampleMap:PersistentLevel.2DSideScrollerExampleMap'
[2017.01.21-09.32.25:591][903]LogBlueprintUserMessages: Early EndPlayMap Detection: Level '/Game/2DSideScrollerBP/Maps/2DSideScrollerExampleMap.2DSideScrollerExampleMap:PersistentLevel' has LevelScriptBlueprint '/Game/2DSideScrollerBP/Maps/2DSideScrollerExampleMap.2DSideScrollerExampleMap:PersistentLevel.2DSideScrollerExampleMap' with GeneratedClass '/Game/2DSideScrollerBP/Maps/2DSideScrollerExampleMap.2DSideScrollerExampleMap_C' with ClassGeneratedBy '/Game/2DSideScrollerBP/Maps/2DSideScrollerExampleMap.2DSideScrollerExampleMap:PersistentLevel.2DSideScrollerExampleMap'
[2017.01.21-09.32.25:669][903]LogBlueprintUserMessages: Late EndPlayMap Detection: Level '/Game/2DSideScrollerBP/Maps/2DSideScrollerExampleMap.2DSideScrollerExampleMap:PersistentLevel' has LevelScriptBlueprint '/Game/2DSideScrollerBP/Maps/2DSideScrollerExampleMap.2DSideScrollerExampleMap:PersistentLevel.2DSideScrollerExampleMap' with GeneratedClass '/Game/2DSideScrollerBP/Maps/2DSideScrollerExampleMap.2DSideScrollerExampleMap_C' with ClassGeneratedBy '/Game/2DSideScrollerBP/Maps/2DSideScrollerExampleMap.2DSideScrollerExampleMap:PersistentLevel.2DSideScrollerExampleMap'
[2017.01.21-09.32.30:700][140]LogEditorViewport: Clicking Background
[2017.01.21-09.32.59:628][811]LogTemp: Repeting last play command: Selected Viewport
[2017.01.21-09.32.59:641][811]LogBlueprintUserMessages: Early PlayInEditor Detection: Level '/Game/2DSideScrollerBP/Maps/2DSideScrollerExampleMap.2DSideScrollerExampleMap:PersistentLevel' has LevelScriptBlueprint '/Game/2DSideScrollerBP/Maps/2DSideScrollerExampleMap.2DSideScrollerExampleMap:PersistentLevel.2DSideScrollerExampleMap' with GeneratedClass '/Game/2DSideScrollerBP/Maps/2DSideScrollerExampleMap.2DSideScrollerExampleMap_C' with ClassGeneratedBy '/Game/2DSideScrollerBP/Maps/2DSideScrollerExampleMap.2DSideScrollerExampleMap:PersistentLevel.2DSideScrollerExampleMap'
[2017.01.21-09.32.59:641][811]LogPlayLevel: PlayLevel: No blueprints needed recompiling
[2017.01.21-09.32.59:641][811]PIE: New page: PIE session: 2DSideScrollerExampleMap (Jan 20, 2017, 5:32:59 PM)
[2017.01.21-09.32.59:641][811]LogPlayLevel: Creating play world package: /Game/2DSideScrollerBP/Maps/UEDPIE_0_2DSideScrollerExampleMap
[2017.01.21-09.32.59:644][811]LogPlayLevel: PIE: StaticDuplicateObject took: (0.002319s)
[2017.01.21-09.32.59:644][811]LogAIModule: Creating AISystem for world 2DSideScrollerExampleMap
[2017.01.21-09.32.59:645][811]LogPlayLevel: PIE: World Init took: (0.000767s)
[2017.01.21-09.32.59:645][811]LogPlayLevel: PIE: Created PIE world by copying editor world from /Game/2DSideScrollerBP/Maps/2DSideScrollerExampleMap.2DSideScrollerExampleMap to /Game/2DSideScrollerBP/Maps/UEDPIE_0_2DSideScrollerExampleMap.2DSideScrollerExampleMap (0.003420s)
[2017.01.21-09.32.59:673][811]LogInit: XAudio2 using 'Speakers (Conexant SmartAudio HD)' : 2 channels at 48 kHz using 32 bits per sample (channel mask 0x3)
[2017.01.21-09.32.59:679][811]LogInit: FAudioDevice initialized.
[2017.01.21-09.32.59:712][811]LogLoad: Game class is '2DSideScrollerGameMode_C'
[2017.01.21-09.32.59:715][811]LogWorld: Bringing World /Game/2DSideScrollerBP/Maps/UEDPIE_0_2DSideScrollerExampleMap.2DSideScrollerExampleMap up for play (max tick rate 60) at 2017.01.21-01.32.59
[2017.01.21-09.32.59:715][811]LogWorld: Bringing up level for play took: 0.001815
[2017.01.21-09.32.59:716][811]PIE: Info Play in editor start time for /Game/2DSideScrollerBP/Maps/UEDPIE_0_2DSideScrollerExampleMap 0.816
[2017.01.21-09.32.59:716][811]LogBlueprintUserMessages: Late PlayInEditor Detection: Level '/Game/2DSideScrollerBP/Maps/2DSideScrollerExampleMap.2DSideScrollerExampleMap:PersistentLevel' has LevelScriptBlueprint '/Game/2DSideScrollerBP/Maps/2DSideScrollerExampleMap.2DSideScrollerExampleMap:PersistentLevel.2DSideScrollerExampleMap' with GeneratedClass '/Game/2DSideScrollerBP/Maps/2DSideScrollerExampleMap.2DSideScrollerExampleMap_C' with ClassGeneratedBy '/Game/2DSideScrollerBP/Maps/2DSideScrollerExampleMap.2DSideScrollerExampleMap:PersistentLevel.2DSideScrollerExampleMap'
[2017.01.21-09.33.00:839][878]LogBlueprintUserMessages: Early EndPlayMap Detection: Level '/Game/2DSideScrollerBP/Maps/2DSideScrollerExampleMap.2DSideScrollerExampleMap:PersistentLevel' has LevelScriptBlueprint '/Game/2DSideScrollerBP/Maps/2DSideScrollerExampleMap.2DSideScrollerExampleMap:PersistentLevel.2DSideScrollerExampleMap' with GeneratedClass '/Game/2DSideScrollerBP/Maps/2DSideScrollerExampleMap.2DSideScrollerExampleMap_C' with ClassGeneratedBy '/Game/2DSideScrollerBP/Maps/2DSideScrollerExampleMap.2DSideScrollerExampleMap:PersistentLevel.2DSideScrollerExampleMap'
[2017.01.21-09.33.00:874][878]LogBlueprintUserMessages: Late EndPlayMap Detection: Level '/Game/2DSideScrollerBP/Maps/2DSideScrollerExampleMap.2DSideScrollerExampleMap:PersistentLevel' has LevelScriptBlueprint '/Game/2DSideScrollerBP/Maps/2DSideScrollerExampleMap.2DSideScrollerExampleMap:PersistentLevel.2DSideScrollerExampleMap' with GeneratedClass '/Game/2DSideScrollerBP/Maps/2DSideScrollerExampleMap.2DSideScrollerExampleMap_C' with ClassGeneratedBy '/Game/2DSideScrollerBP/Maps/2DSideScrollerExampleMap.2DSideScrollerExampleMap:PersistentLevel.2DSideScrollerExampleMap'
[2017.01.21-09.33.28:955][599]LogEditorViewport: Clicking on Actor (LMB): 2DSideScrollerCharacter_C (2DSideScrollerCharacter)
[2017.01.21-09.33.56:005][904]LogEditorViewport: Clicking on Actor (context menu): PaperSpriteActor (Background_Sprite)
[2017.01.21-09.34.05:274][444]LogEditorViewport: Clicking on Actor (LMB): PaperSpriteActor (Background_Sprite)
[2017.01.21-09.34.10:391][736]LogEditorViewport: Clicking on Actor (LMB): PaperSpriteActor (Background_Sprite)
[2017.01.21-09.34.15:440][ 15]LogEditorViewport: Clicking on Actor (LMB): PaperSpriteActor (Background_Sprite)
[2017.01.21-09.34.36:232][210]LogEditorViewport: Clicking on Actor (context menu): PaperSpriteActor (Background_Sprite)
[2017.01.21-09.34.47:571][708]LogContentBrowser: Native class hierarchy updated for 'BlueprintGraph' in 0.0012 seconds. Added 111 classes and 0 folders.
[2017.01.21-09.34.50:192][708]LogTexture:Display: Building textures: TilePatine_N (BC5)
[2017.01.21-09.34.50:410][708]LogTexture:Display: Building textures: TilePatine_D (AutoDXT)
[2017.01.21-09.37.00:550][946]Cmd: TRANSACTION UNDO
[2017.01.21-09.37.00:565][946]LogEditorTransaction: Undo Move Actors
[2017.01.21-09.37.10:092][353]LogEditorViewport: Clicking on Actor (LMB): 2DSideScrollerCharacter_C (2DSideScrollerCharacter)
[2017.01.21-09.37.19:299][786]LogEditorViewport: Clicking on Actor (LMB): PaperSpriteActor (Ledge_14)
[2017.01.21-09.37.26:301][ 70]LogEditorViewport: Clicking on Actor (LMB): PaperSpriteActor (Ledge_34)
[2017.01.21-09.37.29:521][236]LogEditorViewport: Clicking on Actor (LMB): PaperSpriteActor (Ledge_14)
[2017.01.21-09.37.31:701][328]LogEditorViewport: Clicking on Actor (LMB): 2DSideScrollerCharacter_C (2DSideScrollerCharacter)
[2017.01.21-09.37.42:873][851]LogEditorViewport: Clicking Background
[2017.01.21-09.37.45:679][ 10]LogTemp: Repeting last play command: Selected Viewport
[2017.01.21-09.37.45:704][ 10]LogBlueprintUserMessages: Early PlayInEditor Detection: Level '/Game/2DSideScrollerBP/Maps/2DSideScrollerExampleMap.2DSideScrollerExampleMap:PersistentLevel' has LevelScriptBlueprint '/Game/2DSideScrollerBP/Maps/2DSideScrollerExampleMap.2DSideScrollerExampleMap:PersistentLevel.2DSideScrollerExampleMap' with GeneratedClass '/Game/2DSideScrollerBP/Maps/2DSideScrollerExampleMap.2DSideScrollerExampleMap_C' with ClassGeneratedBy '/Game/2DSideScrollerBP/Maps/2DSideScrollerExampleMap.2DSideScrollerExampleMap:PersistentLevel.2DSideScrollerExampleMap'
[2017.01.21-09.37.45:704][ 10]LogPlayLevel: PlayLevel: No blueprints needed recompiling
[2017.01.21-09.37.45:705][ 10]PIE: New page: PIE session: 2DSideScrollerExampleMap (Jan 20, 2017, 5:37:45 PM)
[2017.01.21-09.37.45:705][ 10]LogPlayLevel: Creating play world package: /Game/2DSideScrollerBP/Maps/UEDPIE_0_2DSideScrollerExampleMap
[2017.01.21-09.37.45:709][ 10]LogPlayLevel: PIE: StaticDuplicateObject took: (0.004192s)
[2017.01.21-09.37.45:710][ 10]LogAIModule: Creating AISystem for world 2DSideScrollerExampleMap
[2017.01.21-09.37.45:710][ 10]LogPlayLevel: PIE: World Init took: (0.000860s)
[2017.01.21-09.37.45:710][ 10]LogPlayLevel: PIE: Created PIE world by copying editor world from /Game/2DSideScrollerBP/Maps/2DSideScrollerExampleMap.2DSideScrollerExampleMap to /Game/2DSideScrollerBP/Maps/UEDPIE_0_2DSideScrollerExampleMap.2DSideScrollerExampleMap (0.005304s)
[2017.01.21-09.37.45:841][ 10]LogInit: XAudio2 using 'Speakers (Conexant SmartAudio HD)' : 2 channels at 48 kHz using 32 bits per sample (channel mask 0x3)
[2017.01.21-09.37.45:849][ 10]LogInit: FAudioDevice initialized.
[2017.01.21-09.37.45:880][ 10]LogLoad: Game class is '2DSideScrollerGameMode_C'
[2017.01.21-09.37.45:883][ 10]LogWorld: Bringing World /Game/2DSideScrollerBP/Maps/UEDPIE_0_2DSideScrollerExampleMap.2DSideScrollerExampleMap up for play (max tick rate 60) at 2017.01.21-01.37.45
[2017.01.21-09.37.45:884][ 10]LogWorld: Bringing up level for play took: 0.003198
[2017.01.21-09.37.45:923][ 10]PIE: Info Play in editor start time for /Game/2DSideScrollerBP/Maps/UEDPIE_0_2DSideScrollerExampleMap 1.024
[2017.01.21-09.37.45:923][ 10]LogBlueprintUserMessages: Late PlayInEditor Detection: Level '/Game/2DSideScrollerBP/Maps/2DSideScrollerExampleMap.2DSideScrollerExampleMap:PersistentLevel' has LevelScriptBlueprint '/Game/2DSideScrollerBP/Maps/2DSideScrollerExampleMap.2DSideScrollerExampleMap:PersistentLevel.2DSideScrollerExampleMap' with GeneratedClass '/Game/2DSideScrollerBP/Maps/2DSideScrollerExampleMap.2DSideScrollerExampleMap_C' with ClassGeneratedBy '/Game/2DSideScrollerBP/Maps/2DSideScrollerExampleMap.2DSideScrollerExampleMap:PersistentLevel.2DSideScrollerExampleMap'
[2017.01.21-09.38.19:670][964]LogBlueprintUserMessages: Early EndPlayMap Detection: Level '/Game/2DSideScrollerBP/Maps/2DSideScrollerExampleMap.2DSideScrollerExampleMap:PersistentLevel' has LevelScriptBlueprint '/Game/2DSideScrollerBP/Maps/2DSideScrollerExampleMap.2DSideScrollerExampleMap:PersistentLevel.2DSideScrollerExampleMap' with GeneratedClass '/Game/2DSideScrollerBP/Maps/2DSideScrollerExampleMap.2DSideScrollerExampleMap_C' with ClassGeneratedBy '/Game/2DSideScrollerBP/Maps/2DSideScrollerExampleMap.2DSideScrollerExampleMap:PersistentLevel.2DSideScrollerExampleMap'
[2017.01.21-09.38.19:722][964]LogBlueprintUserMessages: Late EndPlayMap Detection: Level '/Game/2DSideScrollerBP/Maps/2DSideScrollerExampleMap.2DSideScrollerExampleMap:PersistentLevel' has LevelScriptBlueprint '/Game/2DSideScrollerBP/Maps/2DSideScrollerExampleMap.2DSideScrollerExampleMap:PersistentLevel.2DSideScrollerExampleMap' with GeneratedClass '/Game/2DSideScrollerBP/Maps/2DSideScrollerExampleMap.2DSideScrollerExampleMap_C' with ClassGeneratedBy '/Game/2DSideScrollerBP/Maps/2DSideScrollerExampleMap.2DSideScrollerExampleMap:PersistentLevel.2DSideScrollerExampleMap'
[2017.01.21-09.40.38:785][489]LogRenderer: Reallocating scene render targets to support 1016x580 NumSamples 1 (Frame:34994).
[2017.01.21-09.41.47:939][586]LogSavePackage: Save=210.02ms
[2017.01.21-09.41.47:939][586]LogSavePackage: Moving '../../../../TSUNAMI SMACKDOWN/GGJ-2017-Wave/TSUNAMI_SMACKDOWN/Saved/2DSideScrollerExampleMap_Auto1BAC7611341888E909557EEB6EAB6FCF5.tmp' to '../../../../TSUNAMI SMACKDOWN/GGJ-2017-Wave/TSUNAMI_SMACKDOWN/Saved/Autosaves/Game/2DSideScrollerBP/Maps/2DSideScrollerExampleMap_Auto1.umap'
[2017.01.21-09.41.47:942][586]LogSavePackage:Display: Finished SavePackage ../../../../TSUNAMI SMACKDOWN/GGJ-2017-Wave/TSUNAMI_SMACKDOWN/Saved/Autosaves/Game/2DSideScrollerBP/Maps/2DSideScrollerExampleMap_Auto1.umap
[2017.01.21-09.41.47:945][586]LogFileHelpers: Editor autosave (incl. sublevels) for '/Game/2DSideScrollerBP/Maps/2DSideScrollerExampleMap' took 0.311
[2017.01.21-09.41.47:945][586]LogFileHelpers: Editor autosave (incl. sublevels) for all levels took 0.311
[2017.01.21-09.41.47:951][586]OBJ SavePackage: Generating thumbnails for [0] asset(s) in package [/Game/2DSideScrollerBP/Blueprints/2DSideScrollerCharacter] ([1] browsable assets)...
[2017.01.21-09.41.47:951][586]OBJ SavePackage: Finished generating thumbnails for package [/Game/2DSideScrollerBP/Blueprints/2DSideScrollerCharacter]
[2017.01.21-09.41.48:096][586]LogSavePackage: Save=126.92ms
[2017.01.21-09.41.48:096][586]LogSavePackage: Moving '../../../../TSUNAMI SMACKDOWN/GGJ-2017-Wave/TSUNAMI_SMACKDOWN/Saved/2DSideScrollerCharacter_Auto179BAF98D418F366338F493B4202BB36D.tmp' to '../../../../TSUNAMI SMACKDOWN/GGJ-2017-Wave/TSUNAMI_SMACKDOWN/Saved/Autosaves/Game/2DSideScrollerBP/Blueprints/2DSideScrollerCharacter_Auto1.uasset'
[2017.01.21-09.41.48:098][586]LogSavePackage:Display: Finished SavePackage ../../../../TSUNAMI SMACKDOWN/GGJ-2017-Wave/TSUNAMI_SMACKDOWN/Saved/Autosaves/Game/2DSideScrollerBP/Blueprints/2DSideScrollerCharacter_Auto1.uasset
[2017.01.21-09.41.48:098][586]LogFileHelpers: Auto-saving content packages took 0.152
[2017.01.21-09.58.20:751][156]LogSavePackage: Save=66.78ms
[2017.01.21-09.58.20:751][156]LogSavePackage: Moving '../../../../TSUNAMI SMACKDOWN/GGJ-2017-Wave/TSUNAMI_SMACKDOWN/Saved/2DSideScrollerCharacter08214FCB43C997A8429958AAA75970A9.tmp' to '../../../../TSUNAMI SMACKDOWN/GGJ-2017-Wave/TSUNAMI_SMACKDOWN/Content/2DSideScrollerBP/Blueprints/2DSideScrollerCharacter.uasset'
[2017.01.21-09.58.20:755][156]LogSavePackage:Display: Finished SavePackage ../../../../TSUNAMI SMACKDOWN/GGJ-2017-Wave/TSUNAMI_SMACKDOWN/Content/2DSideScrollerBP/Blueprints/2DSideScrollerCharacter.uasset
[2017.01.21-09.58.21:166][156]LogSavePackage: Save=158.62ms
[2017.01.21-09.58.21:166][156]LogSavePackage: Moving '../../../../TSUNAMI SMACKDOWN/GGJ-2017-Wave/TSUNAMI_SMACKDOWN/Saved/2DSideScrollerExampleMapA227A2734B5A189BD7811E9E39C7DD04.tmp' to '../../../../TSUNAMI SMACKDOWN/GGJ-2017-Wave/TSUNAMI_SMACKDOWN/Content/2DSideScrollerBP/Maps/2DSideScrollerExampleMap.umap'
[2017.01.21-09.58.21:170][156]LogSavePackage:Display: Finished SavePackage ../../../../TSUNAMI SMACKDOWN/GGJ-2017-Wave/TSUNAMI_SMACKDOWN/Content/2DSideScrollerBP/Maps/2DSideScrollerExampleMap.umap
[2017.01.21-09.58.21:211][156]LogFileHelpers: Saving map '2DSideScrollerExampleMap' took 0.455
[2017.01.21-09.58.21:416][156]LogSavePackage: Save=7.99ms
[2017.01.21-09.58.21:416][156]LogSavePackage: Moving '../../../../TSUNAMI SMACKDOWN/GGJ-2017-Wave/TSUNAMI_SMACKDOWN/Saved/Rhythm0C580DAF4BFC76C6574E70A7F6374709.tmp' to '../../../../TSUNAMI SMACKDOWN/GGJ-2017-Wave/TSUNAMI_SMACKDOWN/Content/2DSideScrollerBP/Maps/Rhythm.umap'
[2017.01.21-09.58.21:419][156]LogSavePackage:Display: Finished SavePackage ../../../../TSUNAMI SMACKDOWN/GGJ-2017-Wave/TSUNAMI_SMACKDOWN/Content/2DSideScrollerBP/Maps/Rhythm.umap
[2017.01.21-09.58.27:078][156]LogFileHelpers: Saving map 'Rhythm' took 5.866
[2017.01.21-09.58.27:114][156]Cmd: MAP LOAD FILE="../../../../TSUNAMI SMACKDOWN/GGJ-2017-Wave/TSUNAMI_SMACKDOWN/Content/2DSideScrollerBP/Maps/Rhythm.umap" TEMPLATE=0 SHOWPROGRESS=1 FEATURELEVEL=3
[2017.01.21-09.58.27:114][156]LightingResults: New page: Lighting Build
[2017.01.21-09.58.27:115][156]LoadErrors: New page: Loading map: Rhythm.umap
[2017.01.21-09.58.27:117][156]MapCheck: New page: Map Check
[2017.01.21-09.58.27:117][156]LightingResults: New page: Lighting Build
[2017.01.21-09.58.27:225][156]LogEditorServer: Finished looking for orphan Actors (0.000 secs)
[2017.01.21-09.58.27:271][156]LogAIModule: Creating AISystem for world Rhythm
[2017.01.21-09.58.27:332][156]Cmd: MAP CHECKDEP NOCLEARLOG
[2017.01.21-09.58.27:469][156]MapCheck: Info Map check complete: 0 Error(s), 0 Warning(s), took 136.907ms to complete.
[2017.01.21-09.58.27:469][156]LogFileHelpers: Loading map 'Rhythm' took 0.387
[2017.01.21-10.01.41:939][ 40]LogEditorViewport: Clicking on Actor (LMB): PaperSpriteActor (Background_Sprite)
[2017.01.21-10.01.42:624][ 80]LogEditorViewport: Clicking on Actor (LMB): PaperSpriteActor (Background_Sprite)
[2017.01.21-10.01.42:753][ 84]LogEditorViewport: Clicking on Component (LMB): PaperSpriteComponent (RenderComponent)
[2017.01.21-10.02.17:680][587]LogSlate: Only BGRA pngs, bmps or icos are supported in by External Image Picker
[2017.01.21-10.02.18:430][590]LogTemp:Display: Executing iPhonePackager certificates Engine -bundlename com.YourCompany.TSUNAMISMACKDOWN

[2017.01.21-10.02.18:430][590]LogTemp:Display: CWD: C:\Program Files (x86)\Epic Games\4.14\Engine\Binaries\DotNet\IOS

[2017.01.21-10.02.18:430][590]LogTemp:Display: Initial Dir: C:\Program Files (x86)\Epic Games\4.14

[2017.01.21-10.02.18:430][590]LogTemp:Display: Env CWD: C:\Program Files (x86)\Epic Games\4.14\Engine\Binaries\DotNet\IOS

[2017.01.21-10.02.18:448][591]LogTemp:Display: BranchPath = TJANDRAPC/C/Program Files (x86)/Epic Games/4.14/Engine/Binaries --- GameBranchPath = TJANDRAPC/C/Program Files (x86)/Epic Games/4.14/Engine/Binaries

[2017.01.21-10.02.18:508][593]LogTemp:Display: IPP ERROR: Application exception: System.IO.DirectoryNotFoundException: Could not find a part of the path 'C:\Users\Daniel\AppData\Local\Apple Computer\MobileDevice\Provisioning Profiles'.

[2017.01.21-10.02.18:508][593]LogTemp:Display:    at System.IO.__Error.WinIOError(Int32 errorCode, String maybeFullPath)

[2017.01.21-10.02.18:508][593]LogTemp:Display:    at System.IO.FileSystemEnumerableIterator`1.CommonInit()

[2017.01.21-10.02.18:508][593]LogTemp:Display:    at System.IO.Directory.EnumerateFiles(String path, String searchPattern)

[2017.01.21-10.02.18:508][593]LogTemp:Display:    at iPhonePackager.CodeSignatureBuilder.FindProvisions(String CFBundleIdentifier)

[2017.01.21-10.02.18:508][593]LogTemp:Display:    at iPhonePackager.Program.Main(String[] args)

[2017.01.21-10.07.36:198][296]LogSavePackage: Save=8.55ms
[2017.01.21-10.07.36:198][296]LogSavePackage: Moving '../../../../TSUNAMI SMACKDOWN/GGJ-2017-Wave/TSUNAMI_SMACKDOWN/Saved/Rhythm065E29C640DED53A5FFD50B6490D2AED.tmp' to '../../../../TSUNAMI SMACKDOWN/GGJ-2017-Wave/TSUNAMI_SMACKDOWN/Content/2DSideScrollerBP/Maps/Rhythm.umap'
[2017.01.21-10.07.36:201][296]LogSavePackage:Display: Finished SavePackage ../../../../TSUNAMI SMACKDOWN/GGJ-2017-Wave/TSUNAMI_SMACKDOWN/Content/2DSideScrollerBP/Maps/Rhythm.umap
[2017.01.21-10.26.45:079][375]LogEditorViewport: Clicking on Actor (context menu): PaperSpriteActor (Background_Sprite)
[2017.01.21-10.26.46:146][429]LogEditorViewport: Clicking Background
[2017.01.21-10.27.37:501][ 37]Cmd: BRUSH ADD SELECTNEWBRUSH
[2017.01.21-10.27.41:804][266]Cmd: TRANSACTION UNDO
[2017.01.21-10.27.41:804][266]LogEditorTransaction: Undo Brush Add
[2017.01.21-10.28.19:135][402]LogEditorViewport: Clicking on Actor (LMB): PaperFlipbookActor (IdleAnimation)
[2017.01.21-10.28.27:734][897]LogEditorViewport: Clicking on Actor (LMB): PaperFlipbookActor (IdleAnimation)
[2017.01.21-10.28.47:520][795]LogEditorViewport: Clicking on Actor (LMB): PaperFlipbookActor (IdleAnimation)
[2017.01.21-10.29.25:351][989]LogEditorViewport: Clicking on Actor (context menu): PaperFlipbookActor (IdleAnimation)
[2017.01.21-10.29.27:357][101]LogEditorViewport: Clicking on Actor (LMB): PaperFlipbookActor (IdleAnimation)
[2017.01.21-10.29.27:987][138]LogEditorViewport: Clicking on Actor (context menu): PaperFlipbookActor (IdleAnimation)
[2017.01.21-10.29.34:230][426]LogEditorViewport: Clicking on Actor (LMB): PaperFlipbookActor (IdleAnimation)
[2017.01.21-10.29.34:704][454]LogEditorViewport: Clicking on Actor (context menu): PaperFlipbookActor (IdleAnimation)
[2017.01.21-10.29.46:547][103]LogEditorViewport: Clicking on Actor (LMB): PaperFlipbookActor (IdleAnimation)
[2017.01.21-10.29.52:298][398]LogEditorViewport: Clicking on Actor (context menu): PaperFlipbookActor (IdleAnimation)
[2017.01.21-10.30.02:030][943]LogEditorViewport: Clicking on Actor (LMB): PaperFlipbookActor (IdleAnimation)
[2017.01.21-10.30.02:742][983]Cmd: DELETE
[2017.01.21-10.30.02:742][983]Cmd: ACTOR DELETE
[2017.01.21-10.30.02:794][983]LogEditorActor: Deleted Actor: PaperFlipbookActor
[2017.01.21-10.30.02:893][983]LogEditorActor: Deleted 1 Actors (0.150 secs)
[2017.01.21-10.30.28:456][571]LogSavePackage: Save=10.38ms
[2017.01.21-10.30.28:456][571]LogSavePackage: Moving '../../../../TSUNAMI SMACKDOWN/GGJ-2017-Wave/TSUNAMI_SMACKDOWN/Saved/Rhythm_Auto28F17B41C4E90A78FBF375C86F742B2DF.tmp' to '../../../../TSUNAMI SMACKDOWN/GGJ-2017-Wave/TSUNAMI_SMACKDOWN/Saved/Autosaves/Game/2DSideScrollerBP/Maps/Rhythm_Auto2.umap'
[2017.01.21-10.30.28:458][571]LogSavePackage:Display: Finished SavePackage ../../../../TSUNAMI SMACKDOWN/GGJ-2017-Wave/TSUNAMI_SMACKDOWN/Saved/Autosaves/Game/2DSideScrollerBP/Maps/Rhythm_Auto2.umap
[2017.01.21-10.30.28:460][571]LogFileHelpers: Editor autosave (incl. sublevels) for '/Game/2DSideScrollerBP/Maps/Rhythm' took 0.051
[2017.01.21-10.30.28:460][571]LogFileHelpers: Editor autosave (incl. sublevels) for all levels took 0.051
[2017.01.21-10.30.28:463][571]OBJ SavePackage: Generating thumbnails for [0] asset(s) in package [/Game/2DSideScrollerBP/Blueprints/NewBlueprint] ([1] browsable assets)...
[2017.01.21-10.30.28:463][571]OBJ SavePackage: Finished generating thumbnails for package [/Game/2DSideScrollerBP/Blueprints/NewBlueprint]
[2017.01.21-10.30.28:472][571]LogSavePackage: Save=7.46ms
[2017.01.21-10.30.28:472][571]LogSavePackage: Moving '../../../../TSUNAMI SMACKDOWN/GGJ-2017-Wave/TSUNAMI_SMACKDOWN/Saved/NewBlueprint_Auto2330CFA1D47C396EA4C0C25A89C20DBF7.tmp' to '../../../../TSUNAMI SMACKDOWN/GGJ-2017-Wave/TSUNAMI_SMACKDOWN/Saved/Autosaves/Game/2DSideScrollerBP/Blueprints/NewBlueprint_Auto2.uasset'
[2017.01.21-10.30.28:474][571]LogSavePackage:Display: Finished SavePackage ../../../../TSUNAMI SMACKDOWN/GGJ-2017-Wave/TSUNAMI_SMACKDOWN/Saved/Autosaves/Game/2DSideScrollerBP/Blueprints/NewBlueprint_Auto2.uasset
[2017.01.21-10.30.28:474][571]LogFileHelpers: Auto-saving content packages took 0.012
[2017.01.21-10.30.37:940][937]SourceControl: Info On branch dtjandra
[2017.01.21-10.30.37:940][937]SourceControl: Info Changes to be committed:
[2017.01.21-10.30.37:940][937]SourceControl: Info   (use "git reset HEAD <file>..." to unstage)
[2017.01.21-10.30.37:940][937]SourceControl: Info 	new file:   TSUNAMI_SMACKDOWN/Content/2DSideScrollerBP/Maps/Rhythm.umap
[2017.01.21-10.30.37:940][937]SourceControl: Info Changes not staged for commit:
[2017.01.21-10.30.37:940][937]SourceControl: Info   (use "git add <file>..." to update what will be committed)
[2017.01.21-10.30.37:940][937]SourceControl: Info   (use "git checkout -- <file>..." to discard changes in working directory)
[2017.01.21-10.30.37:940][937]SourceControl: Info 	modified:   TSUNAMI_SMACKDOWN/Config/DefaultInput.ini
[2017.01.21-10.30.37:940][937]SourceControl: Info 	modified:   TSUNAMI_SMACKDOWN/Content/2DSideScrollerBP/Blueprints/2DSideScrollerCharacter.uasset
[2017.01.21-10.30.37:940][937]SourceControl: Info 	modified:   TSUNAMI_SMACKDOWN/Content/2DSideScrollerBP/Maps/2DSideScrollerExampleMap.umap
[2017.01.21-10.30.37:940][937]SourceControl: Info 	modified:   TSUNAMI_SMACKDOWN/Content/2DSideScrollerBP/Maps/Rhythm.umap
[2017.01.21-10.30.37:940][937]SourceControl: Info 	modified:   TSUNAMI_SMACKDOWN/Intermediate/Config/CoalescedSourceConfigs/Input.ini
[2017.01.21-10.30.37:940][937]SourceControl: Info 	modified:   TSUNAMI_SMACKDOWN/Saved/Autosaves/PackageRestoreData.json
[2017.01.21-10.30.37:940][937]SourceControl: Info 	modified:   TSUNAMI_SMACKDOWN/Saved/Config/Windows/EditorPerProjectUserSettings.ini
[2017.01.21-10.30.37:940][937]SourceControl: Info Untracked files:
[2017.01.21-10.30.37:940][937]SourceControl: Info   (use "git add <file>..." to include in what will be committed)
[2017.01.21-10.30.37:940][937]SourceControl: Info 	TSUNAMI_SMACKDOWN/Saved/Autosaves/Game/2DSideScrollerBP/Blueprints/NewBlueprint_Auto2.uasset
[2017.01.21-10.30.37:940][937]SourceControl: Info 	TSUNAMI_SMACKDOWN/Saved/Autosaves/Game/2DSideScrollerBP/Maps/Rhythm_Auto2.umap
[2017.01.21-10.30.37:940][937]SourceControl: Info 	TSUNAMI_SMACKDOWN/Saved/Backup/2DSideScrollerCharacter_2017-01-21-01-58-20.uasset
[2017.01.21-10.30.37:940][937]SourceControl: Info 	TSUNAMI_SMACKDOWN/Saved/Backup/2DSideScrollerExampleMap_2017-01-21-01-58-21.umap
[2017.01.21-10.30.37:940][937]SourceControl: Info 	TSUNAMI_SMACKDOWN/Saved/Backup/Rhythm_2017-01-21-02-07-36.umap
[2017.01.21-10.30.37:940][937]SourceControl: Info 	TSUNAMI_SMACKDOWN/Saved/Backup/Rhythm_2017-01-21-02-30-28.umap
[2017.01.21-10.30.37:940][937]SourceControl: Info 	TSUNAMI_SMACKDOWN/Saved/Config/WorldState/1640671126.json
[2017.01.21-10.30.46:516][937]LogMetaData: Removing '/Game/2DSideScrollerBP/Blueprints/Rhyth.Rhyth:UserConstructionScript.K2Node_FunctionEntry_0' ref from Metadata '/Game/2DSideScrollerBP/Blueprints/NewBlueprint.PackageMetaData'
[2017.01.21-10.30.46:516][937]LogMetaData: Removing '/Game/2DSideScrollerBP/Blueprints/Rhyth.SKEL_Rhyth_C' ref from Metadata '/Game/2DSideScrollerBP/Blueprints/NewBlueprint.PackageMetaData'
[2017.01.21-10.30.46:516][937]LogMetaData: Removing '/Game/2DSideScrollerBP/Blueprints/Rhyth.Rhyth_C' ref from Metadata '/Game/2DSideScrollerBP/Blueprints/NewBlueprint.PackageMetaData'
[2017.01.21-10.30.46:516][937]LogMetaData: Removing '/Game/2DSideScrollerBP/Blueprints/Rhyth.Rhyth:EventGraph.K2Node_Event_0' ref from Metadata '/Game/2DSideScrollerBP/Blueprints/NewBlueprint.PackageMetaData'
[2017.01.21-10.30.46:516][937]LogMetaData: Removing '/Game/2DSideScrollerBP/Blueprints/Rhyth.Rhyth:EventGraph.K2Node_Event_1' ref from Metadata '/Game/2DSideScrollerBP/Blueprints/NewBlueprint.PackageMetaData'
[2017.01.21-10.30.46:516][937]LogMetaData: Removing '/Game/2DSideScrollerBP/Blueprints/Rhyth.Rhyth:EventGraph.K2Node_Event_2' ref from Metadata '/Game/2DSideScrollerBP/Blueprints/NewBlueprint.PackageMetaData'
[2017.01.21-10.30.46:612][937]Cmd: OBJ SAVEPACKAGE PACKAGE="/Game/2DSideScrollerBP/Blueprints/Rhyth" FILE="../../../../TSUNAMI SMACKDOWN/GGJ-2017-Wave/TSUNAMI_SMACKDOWN/Content/2DSideScrollerBP/Blueprints/Rhyth.uasset" SILENT=true
[2017.01.21-10.30.46:624][937]LogSavePackage: Save=8.22ms
[2017.01.21-10.30.46:624][937]LogSavePackage: Moving '../../../../TSUNAMI SMACKDOWN/GGJ-2017-Wave/TSUNAMI_SMACKDOWN/Saved/RhythE7DA45DA49D882742E4B87A8793118D7.tmp' to '../../../../TSUNAMI SMACKDOWN/GGJ-2017-Wave/TSUNAMI_SMACKDOWN/Content/2DSideScrollerBP/Blueprints/Rhyth.uasset'
[2017.01.21-10.30.46:627][937]LogSavePackage:Display: Finished SavePackage ../../../../TSUNAMI SMACKDOWN/GGJ-2017-Wave/TSUNAMI_SMACKDOWN/Content/2DSideScrollerBP/Blueprints/Rhyth.uasset
[2017.01.21-10.31.29:393][886]LogTexture:Display: Building textures: CameraActor_64x (BGRA8)
[2017.01.21-10.31.29:431][886]LogTexture:Display: Building textures: BlueprintInterface_64x (BGRA8)
[2017.01.21-10.31.29:470][886]LogTexture:Display: Building textures: BlueprintMacroLibrary_64x (BGRA8)
[2017.01.21-10.31.29:826][886]LogTexture:Display: Building textures: IOS (BGRA8)
[2017.01.21-10.31.29:862][886]LogTexture:Display: Building textures: android_Icon (BGRA8)
[2017.01.21-10.31.29:887][886]LogTexture:Display: Building textures: Paper2DFlipbook_TutorialIcon (BGRA8)
[2017.01.21-10.33.25:316][589]LogEditorTransaction: Undo Delete current selection
[2017.01.21-10.40.29:221][497]LogFileHelpers: Editor autosave (incl. sublevels) for '/Game/2DSideScrollerBP/Maps/Rhythm' took 0.040
[2017.01.21-10.40.29:247][497]LogSavePackage: Save=1.70ms
[2017.01.21-10.40.29:247][497]LogSavePackage: Moving '../../../../TSUNAMI SMACKDOWN/GGJ-2017-Wave/TSUNAMI_SMACKDOWN/Saved/NewBlueprint_Auto38257ED0D4DD5C118BE0377BC69283801.tmp' to '../../../../TSUNAMI SMACKDOWN/GGJ-2017-Wave/TSUNAMI_SMACKDOWN/Saved/Autosaves/Game/2DSideScrollerBP/Blueprints/NewBlueprint_Auto3.uasset'
[2017.01.21-10.40.29:249][497]LogSavePackage:Display: Finished SavePackage ../../../../TSUNAMI SMACKDOWN/GGJ-2017-Wave/TSUNAMI_SMACKDOWN/Saved/Autosaves/Game/2DSideScrollerBP/Blueprints/NewBlueprint_Auto3.uasset
[2017.01.21-10.40.29:250][497]OBJ SavePackage: Generating thumbnails for [0] asset(s) in package [/Game/2DSideScrollerBP/Blueprints/Rhyth] ([1] browsable assets)...
[2017.01.21-10.40.29:250][497]OBJ SavePackage: Finished generating thumbnails for package [/Game/2DSideScrollerBP/Blueprints/Rhyth]
[2017.01.21-10.40.29:267][497]LogSavePackage: Save=12.00ms
[2017.01.21-10.40.29:267][497]LogSavePackage: Moving '../../../../TSUNAMI SMACKDOWN/GGJ-2017-Wave/TSUNAMI_SMACKDOWN/Saved/Rhyth_Auto380226D0C40BF0B3E60A7F794410CEBAE.tmp' to '../../../../TSUNAMI SMACKDOWN/GGJ-2017-Wave/TSUNAMI_SMACKDOWN/Saved/Autosaves/Game/2DSideScrollerBP/Blueprints/Rhyth_Auto3.uasset'
[2017.01.21-10.40.29:270][497]LogSavePackage:Display: Finished SavePackage ../../../../TSUNAMI SMACKDOWN/GGJ-2017-Wave/TSUNAMI_SMACKDOWN/Saved/Autosaves/Game/2DSideScrollerBP/Blueprints/Rhyth_Auto3.uasset
[2017.01.21-10.40.29:270][497]LogFileHelpers: Auto-saving content packages took 0.027
[2017.01.21-11.42.50:253][825]LogSavePackage: Save=15.01ms
[2017.01.21-11.42.50:253][825]LogSavePackage: Moving '../../../../TSUNAMI SMACKDOWN/GGJ-2017-Wave/TSUNAMI_SMACKDOWN/Saved/RhythmF99410804C31FEE3BD172F9AC31760BE.tmp' to '../../../../TSUNAMI SMACKDOWN/GGJ-2017-Wave/TSUNAMI_SMACKDOWN/Content/2DSideScrollerBP/Maps/Rhythm.umap'
[2017.01.21-11.42.50:256][825]LogSavePackage:Display: Finished SavePackage ../../../../TSUNAMI SMACKDOWN/GGJ-2017-Wave/TSUNAMI_SMACKDOWN/Content/2DSideScrollerBP/Maps/Rhythm.umap
[2017.01.21-11.42.59:000][931]LogSavePackage: Save=1.18ms
[2017.01.21-11.42.59:000][931]LogSavePackage: Moving '../../../../TSUNAMI SMACKDOWN/GGJ-2017-Wave/TSUNAMI_SMACKDOWN/Saved/NewBlueprintE1C18D9D40C737164CD6DE924534E557.tmp' to '../../../../TSUNAMI SMACKDOWN/GGJ-2017-Wave/TSUNAMI_SMACKDOWN/Content/2DSideScrollerBP/Blueprints/NewBlueprint.uasset'
[2017.01.21-11.42.59:004][931]LogSavePackage:Display: Finished SavePackage ../../../../TSUNAMI SMACKDOWN/GGJ-2017-Wave/TSUNAMI_SMACKDOWN/Content/2DSideScrollerBP/Blueprints/NewBlueprint.uasset
[2017.01.21-11.43.04:679][931]Cmd: OBJ SAVEPACKAGE PACKAGE="/Game/2DSideScrollerBP/Blueprints/Rhyth" FILE="../../../../TSUNAMI SMACKDOWN/GGJ-2017-Wave/TSUNAMI_SMACKDOWN/Content/2DSideScrollerBP/Blueprints/Rhyth.uasset" SILENT=true
[2017.01.21-11.43.04:695][931]LogSavePackage: Save=11.42ms
[2017.01.21-11.43.04:695][931]LogSavePackage: Moving '../../../../TSUNAMI SMACKDOWN/GGJ-2017-Wave/TSUNAMI_SMACKDOWN/Saved/Rhyth0927BEA64E43261C5466F28265BF5BDE.tmp' to '../../../../TSUNAMI SMACKDOWN/GGJ-2017-Wave/TSUNAMI_SMACKDOWN/Content/2DSideScrollerBP/Blueprints/Rhyth.uasset'
[2017.01.21-11.43.04:698][931]LogSavePackage:Display: Finished SavePackage ../../../../TSUNAMI SMACKDOWN/GGJ-2017-Wave/TSUNAMI_SMACKDOWN/Content/2DSideScrollerBP/Blueprints/Rhyth.uasset
[2017.01.21-11.43.05:002][931]LogWindowsTextInputMethodSystem:Display: IME system now deactivated.
[2017.01.21-11.43.06:119][932]Cmd: QUIT_EDITOR
[2017.01.21-11.43.06:988][932]LogExit: Preparing to exit.
[2017.01.21-11.43.08:386][932]LogDirectoryWatcher: A directory notification for 'C:/Program Files (x86)/Epic Games/TSUNAMI SMACKDOWN/GGJ-2017-Wave/TSUNAMI_SMACKDOWN/Content/' was aborted.
[2017.01.21-11.43.08:722][932]LogExit: Editor shut down
