Log file open, 01/21/17 19:10:12
LogInit:Display: Running engine for game: TSUNAMI_SMACKDOWN
LogPlatformFile: Not using cached read wrapper
LogInit:Display: RandInit(-1663882753) SRandInit(-1663882753).
LogTaskGraph: Started task graph with 5 named threads and 6 total threads with 1 sets of task threads.
LogStats: Stats thread started at 0.091955
LogPluginManager: Loaded Plugin Paper2D, From C:/Program Files (x86)/Epic Games/4.14/Engine/Plugins/2D/Paper2D/Paper2D.uplugin
LogPluginManager: Loaded Plugin LightPropagationVolume, From C:/Program Files (x86)/Epic Games/4.14/Engine/Plugins/Blendables/LightPropagationVolume/LightPropagationVolume.uplugin
LogPluginManager: Loaded Plugin BlankPlugin, From C:/Program Files (x86)/Epic Games/4.14/Engine/Plugins/Developer/BlankPlugin/BlankPlugin.uplugin
LogPluginManager: Loaded Plugin CodeLiteSourceCodeAccess, From C:/Program Files (x86)/Epic Games/4.14/Engine/Plugins/Developer/CodeLiteSourceCodeAccess/CodeLiteSourceCodeAccess.uplugin
LogPluginManager: Loaded Plugin GitSourceControl, From C:/Program Files (x86)/Epic Games/4.14/Engine/Plugins/Developer/GitSourceControl/GitSourceControl.uplugin
LogPluginManager: Loaded Plugin KDevelopSourceCodeAccess, From C:/Program Files (x86)/Epic Games/4.14/Engine/Plugins/Developer/KDevelopSourceCodeAccess/KDevelopSourceCodeAccess.uplugin
LogPluginManager: Loaded Plugin NullSourceCodeAccess, From C:/Program Files (x86)/Epic Games/4.14/Engine/Plugins/Developer/NullSourceCodeAccess/NullSourceCodeAccess.uplugin
LogPluginManager: Loaded Plugin OneSkyLocalizationService, From C:/Program Files (x86)/Epic Games/4.14/Engine/Plugins/Developer/OneSkyLocalizationService/OneSkyLocalizationService.uplugin
LogPluginManager: Loaded Plugin PerforceSourceControl, From C:/Program Files (x86)/Epic Games/4.14/Engine/Plugins/Developer/PerforceSourceControl/PerforceSourceControl.uplugin
LogPluginManager: Loaded Plugin SubversionSourceControl, From C:/Program Files (x86)/Epic Games/4.14/Engine/Plugins/Developer/SubversionSourceControl/SubversionSourceControl.uplugin
LogPluginManager: Loaded Plugin UObjectPlugin, From C:/Program Files (x86)/Epic Games/4.14/Engine/Plugins/Developer/UObjectPlugin/UObjectPlugin.uplugin
LogPluginManager: Loaded Plugin VisualStudioSourceCodeAccess, From C:/Program Files (x86)/Epic Games/4.14/Engine/Plugins/Developer/VisualStudioSourceCodeAccess/VisualStudioSourceCodeAccess.uplugin
LogPluginManager: Loaded Plugin XCodeSourceCodeAccess, From C:/Program Files (x86)/Epic Games/4.14/Engine/Plugins/Developer/XCodeSourceCodeAccess/XCodeSourceCodeAccess.uplugin
LogPluginManager: Loaded Plugin AudioCapture, From C:/Program Files (x86)/Epic Games/4.14/Engine/Plugins/Editor/AudioCapture/AudioCapture.uplugin
LogPluginManager: Loaded Plugin EpicSurvey, From C:/Program Files (x86)/Epic Games/4.14/Engine/Plugins/Editor/EpicSurvey/EpicSurvey.uplugin
LogPluginManager: Loaded Plugin MacGraphicsSwitching, From C:/Program Files (x86)/Epic Games/4.14/Engine/Plugins/Editor/MacGraphicsSwitching/MacGraphicsSwitching.uplugin
LogPluginManager: Loaded Plugin MobileLauncherProfileWizard, From C:/Program Files (x86)/Epic Games/4.14/Engine/Plugins/Editor/MobileLauncherProfileWizard/MobileLauncherProfileWizard.uplugin
LogPluginManager: Loaded Plugin PluginBrowser, From C:/Program Files (x86)/Epic Games/4.14/Engine/Plugins/Editor/PluginBrowser/PluginBrowser.uplugin
LogPluginManager: Loaded Plugin SpeedTreeImporter, From C:/Program Files (x86)/Epic Games/4.14/Engine/Plugins/Editor/SpeedTreeImporter/SpeedTreeImporter.uplugin
LogPluginManager: Loaded Plugin SuperSearchEditor, From C:/Program Files (x86)/Epic Games/4.14/Engine/Plugins/Editor/SuperSearchEditor/SuperSearchEditor.uplugin
LogPluginManager: Loaded Plugin AlembicImporter, From C:/Program Files (x86)/Epic Games/4.14/Engine/Plugins/Experimental/AlembicImporter/AlembicImporter.uplugin
LogPluginManager: Loaded Plugin BlueprintStats, From C:/Program Files (x86)/Epic Games/4.14/Engine/Plugins/Experimental/BlueprintStats/BlueprintStats.uplugin
LogPluginManager: Loaded Plugin CharacterAI, From C:/Program Files (x86)/Epic Games/4.14/Engine/Plugins/Experimental/CharacterAI/CharacterAI.uplugin
LogPluginManager: Loaded Plugin CodeEditor, From C:/Program Files (x86)/Epic Games/4.14/Engine/Plugins/Experimental/CodeEditor/CodeEditor.uplugin
LogPluginManager: Loaded Plugin CodeView, From C:/Program Files (x86)/Epic Games/4.14/Engine/Plugins/Experimental/CodeView/CodeView.uplugin
LogPluginManager: Loaded Plugin HTML5Networking, From C:/Program Files (x86)/Epic Games/4.14/Engine/Plugins/Experimental/HTML5Networking/HTML5Networking.uplugin
LogPluginManager: Loaded Plugin OSVR, From C:/Program Files (x86)/Epic Games/4.14/Engine/Plugins/Experimental/OSVR/OSVR.uplugin
LogPluginManager: Loaded Plugin Phya, From C:/Program Files (x86)/Epic Games/4.14/Engine/Plugins/Experimental/Phya/Phya.uplugin
LogPluginManager: Loaded Plugin SignificanceManager, From C:/Program Files (x86)/Epic Games/4.14/Engine/Plugins/Experimental/SignificanceManager/SignificanceManager.uplugin
LogPluginManager: Loaded Plugin SimpleHMD, From C:/Program Files (x86)/Epic Games/4.14/Engine/Plugins/Experimental/SimpleHMD/SimpleHMD.uplugin
LogPluginManager: Loaded Plugin StereoPanorama, From C:/Program Files (x86)/Epic Games/4.14/Engine/Plugins/Experimental/StereoPanorama/StereoPanorama.uplugin
LogPluginManager: Loaded Plugin StructBox, From C:/Program Files (x86)/Epic Games/4.14/Engine/Plugins/Experimental/StructBox/StructBox.uplugin
LogPluginManager: Loaded Plugin AndroidMedia, From C:/Program Files (x86)/Epic Games/4.14/Engine/Plugins/Media/AndroidMedia/AndroidMedia.uplugin
LogPluginManager: Loaded Plugin AvfMedia, From C:/Program Files (x86)/Epic Games/4.14/Engine/Plugins/Media/AvfMedia/AvfMedia.uplugin
LogPluginManager: Loaded Plugin MediaPlayerEditor, From C:/Program Files (x86)/Epic Games/4.14/Engine/Plugins/Media/MediaPlayerEditor/MediaPlayerEditor.uplugin
LogPluginManager: Loaded Plugin WmfMedia, From C:/Program Files (x86)/Epic Games/4.14/Engine/Plugins/Media/WmfMedia/WmfMedia.uplugin
LogPluginManager: Loaded Plugin MessagingDebugger, From C:/Program Files (x86)/Epic Games/4.14/Engine/Plugins/Messaging/MessagingDebugger/MessagingDebugger.uplugin
LogPluginManager: Loaded Plugin TcpMessaging, From C:/Program Files (x86)/Epic Games/4.14/Engine/Plugins/Messaging/TcpMessaging/TcpMessaging.uplugin
LogPluginManager: Loaded Plugin UdpMessaging, From C:/Program Files (x86)/Epic Games/4.14/Engine/Plugins/Messaging/UdpMessaging/UdpMessaging.uplugin
LogPluginManager: Loaded Plugin LevelSequenceEditor, From C:/Program Files (x86)/Epic Games/4.14/Engine/Plugins/MovieScene/LevelSequenceEditor/LevelSequenceEditor.uplugin
LogPluginManager: Loaded Plugin MatineeToLevelSequence, From C:/Program Files (x86)/Epic Games/4.14/Engine/Plugins/MovieScene/MatineeToLevelSequence/MatineeToLevelSequence.uplugin
LogPluginManager: Loaded Plugin NetcodeUnitTest, From C:/Program Files (x86)/Epic Games/4.14/Engine/Plugins/NetcodeUnitTest/NetcodeUnitTest/NetcodeUnitTest.uplugin
LogPluginManager: Loaded Plugin NUTUnrealEngine4, From C:/Program Files (x86)/Epic Games/4.14/Engine/Plugins/NetcodeUnitTest/NUTUnrealEngine4/NUTUnrealEngine4.uplugin
LogPluginManager: Loaded Plugin OnlineSubsystemGameCircle, From C:/Program Files (x86)/Epic Games/4.14/Engine/Plugins/Online/Android/OnlineSubsystemGameCircle/OnlineSubsystemGameCircle.uplugin
LogPluginManager: Loaded Plugin OnlineSubsystemGooglePlay, From C:/Program Files (x86)/Epic Games/4.14/Engine/Plugins/Online/Android/OnlineSubsystemGooglePlay/OnlineSubsystemGooglePlay.uplugin
LogPluginManager: Loaded Plugin OnlineSubsystemIOS, From C:/Program Files (x86)/Epic Games/4.14/Engine/Plugins/Online/IOS/OnlineSubsystemIOS/OnlineSubsystemIOS.uplugin
LogPluginManager: Loaded Plugin OnlineFramework, From C:/Program Files (x86)/Epic Games/4.14/Engine/Plugins/Online/OnlineFramework/OnlineFramework.uplugin
LogPluginManager: Loaded Plugin OnlineSubsystem, From C:/Program Files (x86)/Epic Games/4.14/Engine/Plugins/Online/OnlineSubsystem/OnlineSubsystem.uplugin
LogPluginManager: Loaded Plugin OnlineSubsystemAmazon, From C:/Program Files (x86)/Epic Games/4.14/Engine/Plugins/Online/OnlineSubsystemAmazon/OnlineSubsystemAmazon.uplugin
LogPluginManager: Loaded Plugin OnlineSubsystemFacebook, From C:/Program Files (x86)/Epic Games/4.14/Engine/Plugins/Online/OnlineSubsystemFacebook/OnlineSubsystemFacebook.uplugin
LogPluginManager: Loaded Plugin OnlineSubsystemNull, From C:/Program Files (x86)/Epic Games/4.14/Engine/Plugins/Online/OnlineSubsystemNull/OnlineSubsystemNull.uplugin
LogPluginManager: Loaded Plugin OnlineSubsystemOculus, From C:/Program Files (x86)/Epic Games/4.14/Engine/Plugins/Online/OnlineSubsystemOculus/OnlineSubsystemOculus.uplugin
LogPluginManager: Loaded Plugin OnlineSubsystemSteam, From C:/Program Files (x86)/Epic Games/4.14/Engine/Plugins/Online/OnlineSubsystemSteam/OnlineSubsystemSteam.uplugin
LogPluginManager: Loaded Plugin OnlineSubsystemUtils, From C:/Program Files (x86)/Epic Games/4.14/Engine/Plugins/Online/OnlineSubsystemUtils/OnlineSubsystemUtils.uplugin
LogPluginManager: Loaded Plugin IOSTapJoy, From C:/Program Files (x86)/Epic Games/4.14/Engine/Plugins/Runtime/Advertising/IOSTapJoy/IOSTapJoy.uplugin
LogPluginManager: Loaded Plugin AnalyticsBlueprintLibrary, From C:/Program Files (x86)/Epic Games/4.14/Engine/Plugins/Runtime/Analytics/AnalyticsBlueprintLibrary/AnalyticsBlueprintLibrary.uplugin
LogPluginManager: Loaded Plugin AnalyticsMulticast, From C:/Program Files (x86)/Epic Games/4.14/Engine/Plugins/Runtime/Analytics/AnalyticsMulticast/AnalyticsMulticast.uplugin
LogPluginManager: Loaded Plugin Apsalar, From C:/Program Files (x86)/Epic Games/4.14/Engine/Plugins/Runtime/Analytics/Apsalar/Apsalar.uplugin
LogPluginManager: Loaded Plugin FileLogging, From C:/Program Files (x86)/Epic Games/4.14/Engine/Plugins/Runtime/Analytics/FileLogging/FileLogging.uplugin
LogPluginManager: Loaded Plugin Flurry, From C:/Program Files (x86)/Epic Games/4.14/Engine/Plugins/Runtime/Analytics/Flurry/Flurry.uplugin
LogPluginManager: Loaded Plugin AndroidDeviceProfileSelector, From C:/Program Files (x86)/Epic Games/4.14/Engine/Plugins/Runtime/AndroidDeviceProfileSelector/AndroidDeviceProfileSelector.uplugin
LogPluginManager: Loaded Plugin AndroidMoviePlayer, From C:/Program Files (x86)/Epic Games/4.14/Engine/Plugins/Runtime/AndroidMoviePlayer/AndroidMoviePlayer.uplugin
LogPluginManager: Loaded Plugin AppleMoviePlayer, From C:/Program Files (x86)/Epic Games/4.14/Engine/Plugins/Runtime/AppleMoviePlayer/AppleMoviePlayer.uplugin
LogPluginManager: Loaded Plugin ArchVisCharacter, From C:/Program Files (x86)/Epic Games/4.14/Engine/Plugins/Runtime/ArchVisCharacter/ArchVisCharacter.uplugin
LogPluginManager: Loaded Plugin CableComponent, From C:/Program Files (x86)/Epic Games/4.14/Engine/Plugins/Runtime/CableComponent/CableComponent.uplugin
LogPluginManager: Loaded Plugin CustomMeshComponent, From C:/Program Files (x86)/Epic Games/4.14/Engine/Plugins/Runtime/CustomMeshComponent/CustomMeshComponent.uplugin
LogPluginManager: Loaded Plugin ExampleDeviceProfileSelector, From C:/Program Files (x86)/Epic Games/4.14/Engine/Plugins/Runtime/ExampleDeviceProfileSelector/ExampleDeviceProfileSelector.uplugin
LogPluginManager: Loaded Plugin GearVR, From C:/Program Files (x86)/Epic Games/4.14/Engine/Plugins/Runtime/GearVR/GearVR.uplugin
LogPluginManager: Loaded Plugin GoogleVRController, From C:/Program Files (x86)/Epic Games/4.14/Engine/Plugins/Runtime/GoogleVR/GoogleVRController/GoogleVRController.uplugin
LogPluginManager: Loaded Plugin GoogleVRHMD, From C:/Program Files (x86)/Epic Games/4.14/Engine/Plugins/Runtime/GoogleVR/GoogleVRHMD/GoogleVRHMD.uplugin
LogPluginManager: Loaded Plugin IOSDeviceProfileSelector, From C:/Program Files (x86)/Epic Games/4.14/Engine/Plugins/Runtime/IOSDeviceProfileSelector/IOSDeviceProfileSelector.uplugin
LogPluginManager: Loaded Plugin LeapMotion, From C:/Program Files (x86)/Epic Games/4.14/Engine/Plugins/Runtime/LeapMotion/LeapMotion.uplugin
LogPluginManager: Loaded Plugin LinuxDeviceProfileSelector, From C:/Program Files (x86)/Epic Games/4.14/Engine/Plugins/Runtime/LinuxDeviceProfileSelector/LinuxDeviceProfileSelector.uplugin
LogPluginManager: Loaded Plugin MIDIDevice, From C:/Program Files (x86)/Epic Games/4.14/Engine/Plugins/Runtime/MIDIDevice/MIDIDevice.uplugin
LogPluginManager: Loaded Plugin MobilePatchingUtils, From C:/Program Files (x86)/Epic Games/4.14/Engine/Plugins/Runtime/MobilePatchingUtils/MobilePatchingUtils.uplugin
LogPluginManager: Loaded Plugin Ansel, From C:/Program Files (x86)/Epic Games/4.14/Engine/Plugins/Runtime/Nvidia/Ansel/Ansel.uplugin
LogPluginManager: Loaded Plugin OculusAudio, From C:/Program Files (x86)/Epic Games/4.14/Engine/Plugins/Runtime/OculusAudio/OculusAudio.uplugin
LogPluginManager: Loaded Plugin OculusInput, From C:/Program Files (x86)/Epic Games/4.14/Engine/Plugins/Runtime/OculusInput/OculusInput.uplugin
LogPluginManager: Loaded Plugin OculusLibrary, From C:/Program Files (x86)/Epic Games/4.14/Engine/Plugins/Runtime/OculusLibrary/OculusLibrary.uplugin
LogPluginManager: Loaded Plugin OculusRift, From C:/Program Files (x86)/Epic Games/4.14/Engine/Plugins/Runtime/OculusRift/OculusRift.uplugin
LogPluginManager: Loaded Plugin Oodle, From C:/Program Files (x86)/Epic Games/4.14/Engine/Plugins/Runtime/PacketHandlers/CompressionComponents/Oodle/Oodle.uplugin
LogPluginManager: Loaded Plugin ProceduralMeshComponent, From C:/Program Files (x86)/Epic Games/4.14/Engine/Plugins/Runtime/ProceduralMeshComponent/ProceduralMeshComponent.uplugin
LogPluginManager: Loaded Plugin SoundMod, From C:/Program Files (x86)/Epic Games/4.14/Engine/Plugins/Runtime/SoundMod/SoundMod.uplugin
LogPluginManager: Loaded Plugin SoundVisualizations, From C:/Program Files (x86)/Epic Games/4.14/Engine/Plugins/Runtime/SoundVisualizations/SoundVisualizations.uplugin
LogPluginManager: Loaded Plugin SteamController, From C:/Program Files (x86)/Epic Games/4.14/Engine/Plugins/Runtime/Steam/SteamController/SteamController.uplugin
LogPluginManager: Loaded Plugin SteamVR, From C:/Program Files (x86)/Epic Games/4.14/Engine/Plugins/Runtime/Steam/SteamVR/SteamVR.uplugin
LogPluginManager: Loaded Plugin WebBrowserWidget, From C:/Program Files (x86)/Epic Games/4.14/Engine/Plugins/Runtime/WebBrowserWidget/WebBrowserWidget.uplugin
LogPluginManager: Loaded Plugin WindowsDeviceProfileSelector, From C:/Program Files (x86)/Epic Games/4.14/Engine/Plugins/Runtime/WindowsDeviceProfileSelector/WindowsDeviceProfileSelector.uplugin
LogPluginManager: Loaded Plugin WindowsMoviePlayer, From C:/Program Files (x86)/Epic Games/4.14/Engine/Plugins/Runtime/WindowsMoviePlayer/WindowsMoviePlayer.uplugin
LogPluginManager: Loaded Plugin ScriptPlugin, From C:/Program Files (x86)/Epic Games/4.14/Engine/Plugins/ScriptPlugin/ScriptPlugin.uplugin
LogPluginManager: Loaded Plugin SlateRemote, From C:/Program Files (x86)/Epic Games/4.14/Engine/Plugins/Slate/SlateRemote/SlateRemote.uplugin
LogPluginManager: Loaded Plugin EditorTests, From C:/Program Files (x86)/Epic Games/4.14/Engine/Plugins/Tests/EditorTests/EditorTests.uplugin
LogPluginManager: Loaded Plugin FbxAutomationTestBuilder, From C:/Program Files (x86)/Epic Games/4.14/Engine/Plugins/Tests/FbxAutomationTestBuilder/FbxAutomationTestBuilder.uplugin
LogPluginManager: Loaded Plugin FunctionalTestingEditor, From C:/Program Files (x86)/Epic Games/4.14/Engine/Plugins/Tests/FunctionalTestingEditor/FunctionalTestingEditor.uplugin
LogPluginManager: Loaded Plugin RuntimeTests, From C:/Program Files (x86)/Epic Games/4.14/Engine/Plugins/Tests/RuntimeTests/RuntimeTests.uplugin
LogPluginManager: Loaded Plugin ScreenshotTools, From C:/Program Files (x86)/Epic Games/4.14/Engine/Plugins/Tests/ScreenshotTools/ScreenshotTools.uplugin
LogInit: Using libcurl 7.47.1
LogInit:  - built for x86_64-pc-win32
LogInit:  - supports SSL with OpenSSL/1.0.2g
LogInit:  - supports HTTP deflate (compression) using libz 1.2.8
LogInit:  - other features:
LogInit:      CURL_VERSION_SSL
LogInit:      CURL_VERSION_LIBZ
LogInit:      CURL_VERSION_IPV6
LogInit:      CURL_VERSION_ASYNCHDNS
LogInit:      CURL_VERSION_LARGEFILE
LogInit:      CURL_VERSION_IDN
LogInit:  CurlRequestOptions (configurable via config and command line):
LogInit:  - bVerifyPeer = false  - Libcurl will NOT verify peer certificate
LogInit:  - bUseHttpProxy = false  - Libcurl will NOT use HTTP proxy
LogInit:  - bDontReuseConnections = false  - Libcurl will reuse connections
LogInit:  - CertBundlePath = nullptr  - Libcurl will use whatever was configured at build time.
LogInit: Build: ++UE4+Release-4.14-CL-3249277
LogInit: Engine Version: 4.14.3-3249277+++UE4+Release-4.14
LogInit: Compatible Engine Version: 4.14.0-3195953+++UE4+Release-4.14
LogInit: Net CL: 3195953
LogDevObjectVersion: Number of dev versions registered: 13
LogDevObjectVersion:   Dev-Blueprints (B0D832E4-1F89-4F0D-ACCF-7EB736FD4AA2): 7
LogDevObjectVersion:   Dev-Build (E1C64328-A22C-4D53-A36C-8E866417BD8C): 0
LogDevObjectVersion:   Dev-Core (375EC13C-06E4-48FB-B500-84F0262A717E): 1
LogDevObjectVersion:   Dev-Editor (E4B068ED-F494-42E9-A231-DA0B2E46BB41): 8
LogDevObjectVersion:   Dev-Framework (CFFC743F-43B0-4480-9391-14DF171D2073): 17
LogDevObjectVersion:   Dev-Mobile (B02B49B5-BB20-44E9-A304-32B752E40360): 0
LogDevObjectVersion:   Dev-Networking (A4E4105C-59A1-49B5-A7C5-40C4547EDFEE): 0
LogDevObjectVersion:   Dev-Online (39C831C9-5AE6-47DC-9A44-9C173E1C8E7C): 0
LogDevObjectVersion:   Dev-Physics (78F01B33-EBEA-4F98-B9B4-84EACCB95AA2): 0
LogDevObjectVersion:   Dev-Platform (6631380F-2D4D-43E0-8009-CF276956A95A): 0
LogDevObjectVersion:   Dev-Rendering (12F88B9F-8875-4AFC-A67C-D90C383ABD29): 12
LogDevObjectVersion:   Dev-Sequencer (7B5AE74C-D270-4C10-A958-57980B212A5A): 1
LogDevObjectVersion:   Dev-VR (D7296918-1DD6-4BDD-9DE2-64A83CC13884): 0
LogInit: Compiled (64-bit): Jan  6 2017 10:49:43
LogInit: Compiled with Visual C++: 19.00.23026.00
LogInit: Build Configuration: Development
LogInit: Branch Name: ++UE4+Release-4.14
LogInit: Command line: 
LogInit: Base directory: C:/Program Files (x86)/Epic Games/4.14/Engine/Binaries/Win64/
LogInit: Installed Engine Build: 1
LogInit: Presizing for max 8388607 objects, including 0 objects not considered by GC, pre-allocating 0 bytes for permanent pool.
LogInit: Object subsystem initialized
[2017.01.22-03.10.12:719][  0]LogInit: Selected Device Profile: [Windows]
[2017.01.22-03.10.12:719][  0]LogInit: Applying CVar settings loaded from the selected device profile: [Windows]
[2017.01.22-03.10.12:729][  0]LogInit: Computer: TJANDRAPC
[2017.01.22-03.10.12:729][  0]LogInit: User: Daniel
[2017.01.22-03.10.12:729][  0]LogInit: CPU Page size=65536, Cores=2
[2017.01.22-03.10.12:729][  0]LogInit: High frequency timer resolution =2.533198 MHz
[2017.01.22-03.10.12:730][  0]LogMemory: Memory total: Physical=7.9GB (8GB approx)
[2017.01.22-03.10.12:730][  0]LogMemory: Platform Memory Stats for Windows
[2017.01.22-03.10.12:730][  0]LogMemory: Process Physical Memory: 264.00 MB used, 264.00 MB peak
[2017.01.22-03.10.12:730][  0]LogMemory: Process Virtual Memory: 262.43 MB used, 262.43 MB peak
[2017.01.22-03.10.12:730][  0]LogMemory: Physical Memory: 5374.84 MB used,  2709.43 MB free, 8084.27 MB total
[2017.01.22-03.10.12:730][  0]LogMemory: Virtual Memory: 674.54 MB used,  2709.43 MB free, 134217728.00 MB total
[2017.01.22-03.10.12:770][  0]LogTextLocalizationManager: No specific translations for ('en-US') exist, so ('en') translations will be used.
[2017.01.22-03.10.13:753][  0]LogD3D11RHI: D3D11 adapters:
[2017.01.22-03.10.13:782][  0]LogD3D11RHI:    0. 'NVIDIA GeForce GT 820M' (Feature Level 11_0)
[2017.01.22-03.10.13:782][  0]LogD3D11RHI:       1999/0/4042 MB DedicatedVideo/DedicatedSystem/SharedSystem, Outputs:2, VendorId:0x10de
[2017.01.22-03.10.13:790][  0]LogD3D11RHI:    1. 'Intel(R) HD Graphics Family' (Feature Level 11_0)
[2017.01.22-03.10.13:790][  0]LogD3D11RHI:       112/0/2048 MB DedicatedVideo/DedicatedSystem/SharedSystem, Outputs:0, VendorId:0x8086
[2017.01.22-03.10.13:792][  0]LogD3D11RHI:    2. 'Microsoft Basic Render Driver' (Feature Level 11_0)
[2017.01.22-03.10.13:792][  0]LogD3D11RHI:       0/0/4042 MB DedicatedVideo/DedicatedSystem/SharedSystem, Outputs:0, VendorId:0x1414
[2017.01.22-03.10.13:793][  0]LogD3D11RHI: Chosen D3D11 Adapter: 0
[2017.01.22-03.10.13:799][  0]LogD3D11RHI: Creating new Direct3DDevice
[2017.01.22-03.10.13:799][  0]LogD3D11RHI:     GPU DeviceId: 0x1140 (for the marketing name, search the web for "GPU Device Id")
[2017.01.22-03.10.13:799][  0]LogWindows: EnumDisplayDevices:
[2017.01.22-03.10.13:799][  0]LogWindows:    0. 'Intel(R) HD Graphics Family' (P:1 D:1)
[2017.01.22-03.10.13:799][  0]LogWindows:    1. 'Intel(R) HD Graphics Family' (P:0 D:1)
[2017.01.22-03.10.13:799][  0]LogWindows:    2. 'Intel(R) HD Graphics Family' (P:0 D:0)
[2017.01.22-03.10.13:799][  0]LogWindows: DebugString: PrimaryIsNotTheChoosenAdapter PrimaryIsNotTheChoosenAdapter PrimaryIsNotTheChoosenAdapter FoundDriverCount:0 
[2017.01.22-03.10.13:799][  0]LogD3D11RHI:     Adapter Name: NVIDIA GeForce GT 820M
[2017.01.22-03.10.13:799][  0]LogD3D11RHI:   Driver Version: Unknown (internal:Unknown, unified:Unknown)
[2017.01.22-03.10.13:799][  0]LogD3D11RHI:      Driver Date: Unknown
[2017.01.22-03.10.13:800][  0]LogRHI: Texture pool is 1361 MB (70% of 1945 MB)
[2017.01.22-03.10.13:817][  0]LogD3D11RHI:Warning: Timestamp queries are currently disabled on this hardware due to instability. Realtime GPU stats will not be available. You can override this behaviour by setting r.NVIDIATimestampWorkaround to 0
[2017.01.22-03.10.13:817][  0]LogD3D11RHI: Async texture creation enabled
[2017.01.22-03.10.13:829][  0]LogD3D11RHI: GPU Timing Frequency: 1000.000000 (Debug: 2 1)
[2017.01.22-03.10.13:829][  0]LogShaderCompilers: Guid format shader working directory is -15 characters bigger than the processId version (../../../../TSUNAMI SMACKDOWN/GGJ-2017-Wave/TSUNAMI_SMACKDOWN/Intermediate/Shaders/WorkingDirectory/12060/).
[2017.01.22-03.10.13:829][  0]LogShaderCompilers: Cleaned the shader compiler working directory 'C:/Users/Daniel/AppData/Local/Temp/UnrealShaderWorkingDir/01320BB34A406A2AE5BF94A355B2DCA6/'.
[2017.01.22-03.10.13:829][  0]LogShaderCompilers:Display: Using Local Shader Compiler.
[2017.01.22-03.10.16:751][  0]LogTemp:Display: Loaded TP AllDesktopTargetPlatform
[2017.01.22-03.10.16:856][  0]LogTemp:Display: Loaded TP MacClientTargetPlatform
[2017.01.22-03.10.16:961][  0]LogTemp:Display: Loaded TP MacNoEditorTargetPlatform
[2017.01.22-03.10.17:072][  0]LogTemp:Display: Loaded TP MacServerTargetPlatform
[2017.01.22-03.10.17:178][  0]LogTemp:Display: Loaded TP MacTargetPlatform
[2017.01.22-03.10.17:284][  0]LogTemp:Display: Loaded TP WindowsClientTargetPlatform
[2017.01.22-03.10.17:396][  0]LogTemp:Display: Loaded TP WindowsNoEditorTargetPlatform
[2017.01.22-03.10.17:505][  0]LogTemp:Display: Loaded TP WindowsServerTargetPlatform
[2017.01.22-03.10.17:605][  0]LogTemp:Display: Loaded TP WindowsTargetPlatform
[2017.01.22-03.10.17:708][  0]LogTemp:Display: Loaded TP AndroidTargetPlatform
[2017.01.22-03.10.17:814][  0]LogTemp:Display: Loaded TP Android_ASTCTargetPlatform
[2017.01.22-03.10.17:926][  0]LogTemp:Display: Loaded TP Android_ATCTargetPlatform
[2017.01.22-03.10.18:037][  0]LogTemp:Display: Loaded TP Android_DXTTargetPlatform
[2017.01.22-03.10.18:145][  0]LogTemp:Display: Loaded TP Android_ETC1TargetPlatform
[2017.01.22-03.10.18:252][  0]LogTemp:Display: Loaded TP Android_ETC2TargetPlatform
[2017.01.22-03.10.18:464][  0]LogTemp:Display: Loaded TP Android_MultiTargetPlatform
[2017.01.22-03.10.18:464][  0]LogTemp:Display: Loaded TP Android_PVRTCTargetPlatform
[2017.01.22-03.10.18:548][  0]LogTemp:Display: Loaded TP HTML5TargetPlatform
[2017.01.22-03.10.18:706][  0]LogTemp:Display: Loaded TP IOSTargetPlatform
[2017.01.22-03.10.18:766][  0]LogTemp:Display: Loaded TP TVOSTargetPlatform
[2017.01.22-03.10.18:864][  0]LogTemp:Display: Loaded TP LinuxClientTargetPlatform
[2017.01.22-03.10.18:965][  0]LogTemp:Display: Loaded TP LinuxNoEditorTargetPlatform
[2017.01.22-03.10.19:075][  0]LogTemp:Display: Loaded TP LinuxServerTargetPlatform
[2017.01.22-03.10.19:175][  0]LogTemp:Display: Loaded TP LinuxTargetPlatform
[2017.01.22-03.10.19:175][  0]LogTargetPlatformManager:Display: Building Assets For Windows
[2017.01.22-03.10.20:015][  0]LogDerivedDataCache:Display: Max Cache Size: 512 MB
[2017.01.22-03.10.20:082][  0]LogDerivedDataCache: Loaded boot cache 0.07s 50MB C:/Users/Daniel/AppData/Local/UnrealEngine/4.14/DerivedDataCache/Boot.ddc.
[2017.01.22-03.10.20:082][  0]LogDerivedDataCache:Display: Loaded Boot cache: C:/Users/Daniel/AppData/Local/UnrealEngine/4.14/DerivedDataCache/Boot.ddc
[2017.01.22-03.10.20:082][  0]LogDerivedDataCache: FDerivedDataBackendGraph:  Pak pak cache file ../../../../TSUNAMI SMACKDOWN/GGJ-2017-Wave/TSUNAMI_SMACKDOWN/DerivedDataCache/DDC.ddp not found, will not use a pak cache.
[2017.01.22-03.10.20:082][  0]LogDerivedDataCache: Unable to find inner node Pak for hierarchical cache Hierarchy.
[2017.01.22-03.10.20:082][  0]LogDerivedDataCache: FDerivedDataBackendGraph:  CompressedPak pak cache file ../../../../TSUNAMI SMACKDOWN/GGJ-2017-Wave/TSUNAMI_SMACKDOWN/DerivedDataCache/Compressed.ddp not found, will not use a pak cache.
[2017.01.22-03.10.20:082][  0]LogDerivedDataCache: Unable to find inner node CompressedPak for hierarchical cache Hierarchy.
[2017.01.22-03.10.20:108][  0]LogDerivedDataCache:Display: Pak cache opened for reading ../../../Engine/DerivedDataCache/Compressed.ddp.
[2017.01.22-03.10.20:121][  0]LogDerivedDataCache: Using Local data cache path C:/Users/Daniel/AppData/Local/UnrealEngine/Common/DerivedDataCache: Writable
[2017.01.22-03.10.20:411][  0]LogInit: Selected Device Profile: [Windows]
[2017.01.22-03.10.20:414][  0]LogContentStreaming: Texture pool size is 0.00 MB
[2017.01.22-03.10.20:778][  0]LogMeshUtilities: Using QuadricMeshReduction for automatic static mesh reduction
[2017.01.22-03.10.20:868][  0]LogSimplygon: Simplygon DLL not present - disabling.
[2017.01.22-03.10.20:969][  0]LogMeshUtilities: Using SimplygonSwarm for distributed automatic mesh merging
[2017.01.22-03.10.20:969][  0]LogMeshUtilities: No automatic skeletal mesh reduction module available
[2017.01.22-03.10.20:969][  0]LogMeshUtilities: No automatic mesh merging module available
[2017.01.22-03.10.21:729][  0]LogNetVersion: GetLocalNetworkVersion: CL: 3195953, ProjectName: tsunami_smackdown, ProjectVersion: , EngineNetworkVersion: 2, GameNetworkVersion: 0, NetworkChecksum: 218061758
[2017.01.22-03.10.21:812][  0]LogAssetRegistry: FAssetRegistry took 0.0211 seconds to start up
[2017.01.22-03.10.21:902][  0]LogPackageLocalizationCache: Processed 3 localized package path(s) for 2 prioritized culture(s) in 0.036859 seconds
[2017.01.22-03.10.21:913][  0]LogUObjectArray: 31946 objects as part of root set at end of initial load.
[2017.01.22-03.10.21:913][  0]LogUObjectAllocator: 6935840 out of 0 bytes used by permanent object pool.
[2017.01.22-03.10.21:913][  0]LogUObjectArray: CloseDisregardForGC: 0/0 objects in disregard for GC pool
[2017.01.22-03.10.22:107][  0]LogInit: WinSock: version 1.1 (2.2), MaxSocks=32767, MaxUdp=65467
[2017.01.22-03.10.24:425][  0]LogSlate: Using Freetype 2.6.0
[2017.01.22-03.10.24:427][  0]LogSlate: SlateFontCache - WITH_FREETYPE: 1, WITH_HARFBUZZ: 1
[2017.01.22-03.10.24:427][  0]LogSlate: SlateFontCache - WITH_FREETYPE: 1, WITH_HARFBUZZ: 1
[2017.01.22-03.10.26:348][  0]LogTcpMessaging: Initializing TcpMessaging bridge
[2017.01.22-03.10.26:416][  0]LogUdpMessaging: Initializing bridge on interface 0.0.0.0:0 to multicast group 230.0.0.1:6666.
[2017.01.22-03.10.26:994][  0]LogMaterial: Uniform references updated for custom material expression Custom.
[2017.01.22-03.10.27:771][  0]SourceControl: Info Source control is disabled
[2017.01.22-03.11.06:915][  0]LogEngine: Initializing Engine...
[2017.01.22-03.11.06:915][  0]LogHMD: Failed to initialize OpenVR with code 110
[2017.01.22-03.11.07:332][  0]LogAIModule: Creating AISystem for world Untitled
[2017.01.22-03.11.07:345][  0]LogInit: XAudio2 using 'Speakers (Conexant SmartAudio HD)' : 2 channels at 48 kHz using 32 bits per sample (channel mask 0x3)
[2017.01.22-03.11.07:357][  0]LogInit: FAudioDevice initialized.
[2017.01.22-03.11.07:393][  0]LogDerivedDataCache: Saved boot cache 0.04s 50MB C:/Users/Daniel/AppData/Local/UnrealEngine/4.14/DerivedDataCache/Boot.ddc.
[2017.01.22-03.11.07:402][  0]LogInit: Texture streaming: Enabled
[2017.01.22-03.11.07:762][  0]LogInit: Transaction tracking system initialized
[2017.01.22-03.11.08:530][  0]BlueprintLog: New page: Editor Load
[2017.01.22-03.11.10:623][  0]LocalizationService: Info Localization service is disabled
[2017.01.22-03.11.12:049][  0]LogConsoleResponse:Display: 
[2017.01.22-03.11.12:281][  0]LogCook:Display: Max memory allowance for cook 16384mb min free memory 0mb
[2017.01.22-03.11.12:281][  0]LogCook:Display: Mobile HDR setting 1
[2017.01.22-03.11.13:115][  0]LogFileCache: Scanning file cache for directory 'C:/Program Files (x86)/Epic Games/TSUNAMI SMACKDOWN/GGJ-2017-Wave/TSUNAMI_SMACKDOWN/Content/' took 0.02s
[2017.01.22-03.11.57:258][  0]LogWindowsTextInputMethodSystem:Display: IME system now deactivated.
[2017.01.22-03.11.57:272][  0]LogWindowsTextInputMethodSystem:Display: IME system now deactivated.
[2017.01.22-03.12.02:785][  0]LogWindowsTextInputMethodSystem:Display: IME system now deactivated.
[2017.01.22-03.12.02:795][  0]LogWindowsTextInputMethodSystem:Display: IME system now deactivated.
[2017.01.22-03.12.02:796][  0]Cmd: MAP LOAD FILE="../../../../TSUNAMI SMACKDOWN/GGJ-2017-Wave/TSUNAMI_SMACKDOWN/Content/2DSideScrollerBP/Maps/Rhythm.umap" TEMPLATE=0 SHOWPROGRESS=1 FEATURELEVEL=3
[2017.01.22-03.12.02:797][  0]LightingResults: New page: Lighting Build
[2017.01.22-03.12.02:954][  0]MapCheck: New page: Map Check
[2017.01.22-03.12.02:954][  0]LightingResults: New page: Lighting Build
[2017.01.22-03.12.03:054][  0]LogAIModule: Creating AISystem for world Rhythm
[2017.01.22-03.12.03:057][  0]LogEditorServer: Finished looking for orphan Actors (0.000 secs)
[2017.01.22-03.12.03:059][  0]Cmd: MAP CHECKDEP NOCLEARLOG
[2017.01.22-03.12.03:213][  0]MapCheck: Info Map check complete: 0 Error(s), 0 Warning(s), took 153.609ms to complete.
[2017.01.22-03.12.03:213][  0]LogFileHelpers: Loading map 'Rhythm' took 0.417
[2017.01.22-03.12.03:341][  0]LogStats:Warning: MetaData mismatch. Did you assign a stat to two groups? New //STATGROUP_Threads//SplashScreenThread///Thread_1840_0///####STATCAT_Advanced#### old //STATGROUP_Threads//SplashScreenThread///Thread_2930_0///####STATCAT_Advanced####
[2017.01.22-03.12.03:341][  0]LogCollectionManager: Loaded 0 collections in 0.002648 seconds
[2017.01.22-03.12.03:465][  0]LogFileCache: Scanning file cache for directory 'C:/Program Files (x86)/Epic Games/TSUNAMI SMACKDOWN/GGJ-2017-Wave/TSUNAMI_SMACKDOWN/Saved/Collections/' took 0.01s
[2017.01.22-03.12.03:465][  0]LogFileCache: Scanning file cache for directory 'C:/Program Files (x86)/Epic Games/TSUNAMI SMACKDOWN/GGJ-2017-Wave/TSUNAMI_SMACKDOWN/Content/Developers/Daniel/Collections/' took 0.01s
[2017.01.22-03.12.03:465][  0]LogFileCache: Scanning file cache for directory 'C:/Program Files (x86)/Epic Games/TSUNAMI SMACKDOWN/GGJ-2017-Wave/TSUNAMI_SMACKDOWN/Content/Collections/' took 0.01s
[2017.01.22-03.12.03:465][  0]LogCollectionManager: Rebuilt the GUID cache for 0 collections in 0.000002 seconds
[2017.01.22-03.12.03:475][  0]LogContentBrowser: Native class hierarchy populated in 0.0095 seconds. Added 2190 classes and 428 folders.
[2017.01.22-03.12.03:569][  0]LogStats: UGameplayTagsManager::ConstructGameplayTagTree: Construct from data asset -  0.000 s
[2017.01.22-03.12.03:569][  0]LogStats: UGameplayTagsManager::ConstructGameplayTagTree: GameplayTagTreeChangedEvent.Broadcast -  0.000 s
[2017.01.22-03.12.03:570][  0]LogContentBrowser: Native class hierarchy updated for 'GameplayTags' in 0.0007 seconds. Added 13 classes and 0 folders.
[2017.01.22-03.12.03:713][  0]LogContentBrowser: Native class hierarchy updated for 'WidgetCarousel' in 0.0005 seconds. Added 0 classes and 0 folders.
[2017.01.22-03.12.03:803][  0]LogContentBrowser: Native class hierarchy updated for 'AddContentDialog' in 0.0006 seconds. Added 0 classes and 0 folders.
[2017.01.22-03.12.03:908][  0]LogContentBrowser: Native class hierarchy updated for 'SceneOutliner' in 0.0010 seconds. Added 1 classes and 2 folders.
[2017.01.22-03.12.03:974][  0]LogCrashTracker: Crashtracker disabled due to settings.
[2017.01.22-03.12.03:981][  0]LogUObjectGlobals:Warning: Failed to find object 'Class None.'
[2017.01.22-03.12.04:096][  0]LogContentBrowser: Native class hierarchy updated for 'HierarchicalLODOutliner' in 0.0008 seconds. Added 1 classes and 2 folders.
[2017.01.22-03.12.04:096][  0]LogLoad: (Engine Initialization) Total time: 113.99 seconds
[2017.01.22-03.12.04:096][  0]LogLoad: (Engine Initialization) Total Blueprint compile time: 0.13 seconds
[2017.01.22-03.12.04:096][  0]LogExternalProfiler: Found external profiler: VSPerf
[2017.01.22-03.12.04:096][  0]LogExternalProfiler: Using external profiler: VSPerf
[2017.01.22-03.12.04:113][  0]LogOcInput: OculusInput pre-init called
[2017.01.22-03.12.04:133][  0]LogContentStreaming: Texture pool size now 1000 MB
[2017.01.22-03.12.04:290][  0]LogRenderer: Reallocating scene render targets to support 804x368 NumSamples 1 (Frame:2).
[2017.01.22-03.12.04:393][  1]LogAssetRegistry: Asset discovery search completed in 102.6019 seconds
[2017.01.22-03.12.04:393][  1]LogCollectionManager: Rebuilt the object cache for 0 collections in 0.000001 seconds (found 0 objects)
[2017.01.22-03.12.04:393][  1]LogCollectionManager: Fixed up redirectors for 0 collections in 0.000016 seconds (updated 0 objects)
[2017.01.22-03.12.06:075][ 82]SourceControl: Info On branch dtjandra
[2017.01.22-03.12.06:075][ 82]SourceControl: Info Changes to be committed:
[2017.01.22-03.12.06:075][ 82]SourceControl: Info   (use "git reset HEAD <file>..." to unstage)
[2017.01.22-03.12.06:075][ 82]SourceControl: Info 	new file:   TSUNAMI_SMACKDOWN/Content/2DSideScrollerBP/Blueprints/BeatL.uasset
[2017.01.22-03.12.06:075][ 82]SourceControl: Info 	new file:   TSUNAMI_SMACKDOWN/Content/2DSideScrollerBP/Blueprints/BeatSpawn.uasset
[2017.01.22-03.12.06:075][ 82]SourceControl: Info 	new file:   TSUNAMI_SMACKDOWN/Content/2DSideScrollerBP/Blueprints/NewBlueprint.uasset
[2017.01.22-03.12.06:075][ 82]SourceControl: Info 	new file:   TSUNAMI_SMACKDOWN/Content/2DSideScrollerBP/Blueprints/Rhyth.uasset
[2017.01.22-03.12.06:075][ 82]SourceControl: Info 	new file:   TSUNAMI_SMACKDOWN/Content/2DSideScrollerBP/Maps/Rhythm.umap
[2017.01.22-03.12.06:075][ 82]SourceControl: Info Changes not staged for commit:
[2017.01.22-03.12.06:075][ 82]SourceControl: Info   (use "git add/rm <file>..." to update what will be committed)
[2017.01.22-03.12.06:075][ 82]SourceControl: Info   (use "git checkout -- <file>..." to discard changes in working directory)
[2017.01.22-03.12.06:075][ 82]SourceControl: Info 	modified:   TSUNAMI_SMACKDOWN/Config/DefaultEngine.ini
[2017.01.22-03.12.06:075][ 82]SourceControl: Info 	modified:   TSUNAMI_SMACKDOWN/Config/DefaultInput.ini
[2017.01.22-03.12.06:075][ 82]SourceControl: Info 	modified:   TSUNAMI_SMACKDOWN/Content/2DSideScrollerBP/Blueprints/2DSideScrollerCharacter.uasset
[2017.01.22-03.12.06:075][ 82]SourceControl: Info 	modified:   TSUNAMI_SMACKDOWN/Content/2DSideScrollerBP/Blueprints/2DSideScrollerGameMode.uasset
[2017.01.22-03.12.06:075][ 82]SourceControl: Info 	modified:   TSUNAMI_SMACKDOWN/Content/2DSideScrollerBP/Blueprints/BeatL.uasset
[2017.01.22-03.12.06:075][ 82]SourceControl: Info 	modified:   TSUNAMI_SMACKDOWN/Content/2DSideScrollerBP/Blueprints/Rhyth.uasset
[2017.01.22-03.12.06:075][ 82]SourceControl: Info 	modified:   TSUNAMI_SMACKDOWN/Content/2DSideScrollerBP/Maps/2DSideScrollerExampleMap.umap
[2017.01.22-03.12.06:075][ 82]SourceControl: Info 	modified:   TSUNAMI_SMACKDOWN/Content/2DSideScrollerBP/Maps/2DSideScrollerExampleMap_BuiltData.uasset
[2017.01.22-03.12.06:075][ 82]SourceControl: Info 	modified:   TSUNAMI_SMACKDOWN/Content/2DSideScrollerBP/Maps/Rhythm.umap
[2017.01.22-03.12.06:075][ 82]SourceControl: Info 	modified:   TSUNAMI_SMACKDOWN/Intermediate/CachedAssetRegistry.bin
[2017.01.22-03.12.06:075][ 82]SourceControl: Info 	modified:   TSUNAMI_SMACKDOWN/Intermediate/Config/CoalescedSourceConfigs/Engine.ini
[2017.01.22-03.12.06:075][ 82]SourceControl: Info 	modified:   TSUNAMI_SMACKDOWN/Intermediate/Config/CoalescedSourceConfigs/Input.ini
[2017.01.22-03.12.06:075][ 82]SourceControl: Info 	modified:   TSUNAMI_SMACKDOWN/Saved/AutoScreenshot.png
[2017.01.22-03.12.06:075][ 82]SourceControl: Info 	modified:   TSUNAMI_SMACKDOWN/Saved/Autosaves/PackageRestoreData.json
[2017.01.22-03.12.06:075][ 82]SourceControl: Info 	modified:   TSUNAMI_SMACKDOWN/Saved/Config/Windows/Editor.ini
[2017.01.22-03.12.06:075][ 82]SourceControl: Info 	modified:   TSUNAMI_SMACKDOWN/Saved/Config/Windows/EditorPerProjectUserSettings.ini
[2017.01.22-03.12.06:075][ 82]SourceControl: Info 	modified:   TSUNAMI_SMACKDOWN/Saved/Config/Windows/Engine.ini
[2017.01.22-03.12.06:075][ 82]SourceControl: Info 	deleted:    TSUNAMI_SMACKDOWN/Saved/Logs/TSUNAMI_SMACKDOWN-backup-2017.01.20-23.01.11.log
[2017.01.22-03.12.06:075][ 82]SourceControl: Info 	deleted:    TSUNAMI_SMACKDOWN/Saved/Logs/TSUNAMI_SMACKDOWN-backup-2017.01.20-23.27.47.log
[2017.01.22-03.12.06:075][ 82]SourceControl: Info 	deleted:    TSUNAMI_SMACKDOWN/Saved/Logs/TSUNAMI_SMACKDOWN-backup-2017.01.21-00.15.59.log
[2017.01.22-03.12.06:075][ 82]SourceControl: Info 	deleted:    TSUNAMI_SMACKDOWN/Saved/Logs/TSUNAMI_SMACKDOWN-backup-2017.01.21-00.37.59.log
[2017.01.22-03.12.06:075][ 82]SourceControl: Info 	modified:   TSUNAMI_SMACKDOWN/Saved/Logs/TSUNAMI_SMACKDOWN.log
[2017.01.22-03.12.06:075][ 82]SourceControl: Info 	modified:   TSUNAMI_SMACKDOWN/Saved/Logs/TSUNAMI_SMACKDOWN_2.log
[2017.01.22-03.12.06:075][ 82]SourceControl: Info 	modified:   TSUNAMI_SMACKDOWN/Saved/Logs/cef3.log
[2017.01.22-03.12.06:075][ 82]SourceControl: Info 	modified:   TSUNAMI_SMACKDOWN/TSUNAMI_SMACKDOWN.uproject
[2017.01.22-03.12.06:075][ 82]SourceControl: Info Untracked files:
[2017.01.22-03.12.06:076][ 82]SourceControl: Info   (use "git add <file>..." to include in what will be committed)
[2017.01.22-03.12.06:076][ 82]SourceControl: Info 	TSUNAMI_SMACKDOWN/Content/2DSideScrollerBP/Blueprints/Beat.uasset
[2017.01.22-03.12.06:076][ 82]SourceControl: Info 	TSUNAMI_SMACKDOWN/Content/2DSideScrollerBP/Blueprints/BeatR.uasset
[2017.01.22-03.12.06:076][ 82]SourceControl: Info 	TSUNAMI_SMACKDOWN/Saved/Autosaves/Game/2DSideScrollerBP/Blueprints/BeatL_Auto6.uasset
[2017.01.22-03.12.06:076][ 82]SourceControl: Info 	TSUNAMI_SMACKDOWN/Saved/Autosaves/Game/2DSideScrollerBP/Blueprints/BeatL_Auto7.uasset
[2017.01.22-03.12.06:076][ 82]SourceControl: Info 	TSUNAMI_SMACKDOWN/Saved/Autosaves/Game/2DSideScrollerBP/Blueprints/BeatR_Auto7.uasset
[2017.01.22-03.12.06:076][ 82]SourceControl: Info 	TSUNAMI_SMACKDOWN/Saved/Autosaves/Game/2DSideScrollerBP/Blueprints/BeatSpawn_Auto1.uasset
[2017.01.22-03.12.06:076][ 82]SourceControl: Info 	TSUNAMI_SMACKDOWN/Saved/Autosaves/Game/2DSideScrollerBP/Blueprints/BeatSpawn_Auto2.uasset
[2017.01.22-03.12.06:076][ 82]SourceControl: Info 	TSUNAMI_SMACKDOWN/Saved/Autosaves/Game/2DSideScrollerBP/Blueprints/BeatSpawn_Auto3.uasset
[2017.01.22-03.12.06:076][ 82]SourceControl: Info 	TSUNAMI_SMACKDOWN/Saved/Autosaves/Game/2DSideScrollerBP/Blueprints/BeatSpawn_Auto4.uasset
[2017.01.22-03.12.06:076][ 82]SourceControl: Info 	TSUNAMI_SMACKDOWN/Saved/Autosaves/Game/2DSideScrollerBP/Blueprints/Beat_Auto1.uasset
[2017.01.22-03.12.06:076][ 82]SourceControl: Info 	TSUNAMI_SMACKDOWN/Saved/Autosaves/Game/2DSideScrollerBP/Blueprints/Beat_Auto4.uasset
[2017.01.22-03.12.06:076][ 82]SourceControl: Info 	TSUNAMI_SMACKDOWN/Saved/Autosaves/Game/2DSideScrollerBP/Blueprints/NewBlueprint_Auto2.uasset
[2017.01.22-03.12.06:076][ 82]SourceControl: Info 	TSUNAMI_SMACKDOWN/Saved/Autosaves/Game/2DSideScrollerBP/Blueprints/NewBlueprint_Auto3.uasset
[2017.01.22-03.12.06:076][ 82]SourceControl: Info 	TSUNAMI_SMACKDOWN/Saved/Autosaves/Game/2DSideScrollerBP/Blueprints/Rhyth_Auto3.uasset
[2017.01.22-03.12.06:076][ 82]SourceControl: Info 	TSUNAMI_SMACKDOWN/Saved/Autosaves/Game/2DSideScrollerBP/Maps/Rhythm_Auto1.umap
[2017.01.22-03.12.06:076][ 82]SourceControl: Info 	TSUNAMI_SMACKDOWN/Saved/Autosaves/Game/2DSideScrollerBP/Maps/Rhythm_Auto2.umap
[2017.01.22-03.12.06:076][ 82]SourceControl: Info 	TSUNAMI_SMACKDOWN/Saved/Autosaves/Game/2DSideScrollerBP/Maps/Rhythm_Auto3.umap
[2017.01.22-03.12.06:076][ 82]SourceControl: Info 	TSUNAMI_SMACKDOWN/Saved/Autosaves/Game/2DSideScrollerBP/Maps/Rhythm_Auto4.umap
[2017.01.22-03.12.06:076][ 82]SourceControl: Info 	TSUNAMI_SMACKDOWN/Saved/Autosaves/Game/2DSideScrollerBP/Maps/Rhythm_Auto5.umap
[2017.01.22-03.12.06:076][ 82]SourceControl: Info 	TSUNAMI_SMACKDOWN/Saved/Autosaves/Game/2DSideScrollerBP/Maps/Rhythm_Auto6.umap
[2017.01.22-03.12.06:076][ 82]SourceControl: Info 	TSUNAMI_SMACKDOWN/Saved/Autosaves/Game/2DSideScrollerBP/Maps/Rhythm_Auto7.umap
[2017.01.22-03.12.06:076][ 82]SourceControl: Info 	TSUNAMI_SMACKDOWN/Saved/Autosaves/Game/2DSideScrollerBP/Maps/UEDPC2DSideScrollerExampleMap.umap
[2017.01.22-03.12.06:076][ 82]SourceControl: Info 	TSUNAMI_SMACKDOWN/Saved/Autosaves/Game/2DSideScrollerBP/Maps/UEDPCRhythm.umap
[2017.01.22-03.12.06:076][ 82]SourceControl: Info 	TSUNAMI_SMACKDOWN/Saved/Backup/2DSideScrollerCharacter_2017-01-21-01-58-20.uasset
[2017.01.22-03.12.06:076][ 82]SourceControl: Info 	TSUNAMI_SMACKDOWN/Saved/Backup/2DSideScrollerExampleMap_2017-01-21-01-58-21.umap
[2017.01.22-03.12.06:076][ 82]SourceControl: Info 	TSUNAMI_SMACKDOWN/Saved/Backup/2DSideScrollerExampleMap_2017-01-21-15-39-04.umap
[2017.01.22-03.12.06:076][ 82]SourceControl: Info 	TSUNAMI_SMACKDOWN/Saved/Backup/2DSideScrollerExampleMap_BuiltData_2017-01-21-15-39-07.uasset
[2017.01.22-03.12.06:076][ 82]SourceControl: Info 	TSUNAMI_SMACKDOWN/Saved/Backup/2DSideScrollerGameMode_2017-01-21-15-34-02.uasset
[2017.01.22-03.12.06:076][ 82]SourceControl: Info 	TSUNAMI_SMACKDOWN/Saved/Backup/BeatL_2017-01-21-17-00-12.uasset
[2017.01.22-03.12.06:076][ 82]SourceControl: Info 	TSUNAMI_SMACKDOWN/Saved/Backup/BeatL_2017-01-21-17-13-55.uasset
[2017.01.22-03.12.06:076][ 82]SourceControl: Info 	TSUNAMI_SMACKDOWN/Saved/Backup/BeatSpawn_2017-01-21-14-56-22.uasset
[2017.01.22-03.12.06:076][ 82]SourceControl: Info 	TSUNAMI_SMACKDOWN/Saved/Backup/BeatSpawn_2017-01-21-15-17-29.uasset
[2017.01.22-03.12.06:076][ 82]SourceControl: Info 	TSUNAMI_SMACKDOWN/Saved/Backup/BeatSpawn_2017-01-21-15-35-46.uasset
[2017.01.22-03.12.06:076][ 82]SourceControl: Info 	TSUNAMI_SMACKDOWN/Saved/Backup/BeatSpawn_2017-01-21-16-07-42.uasset
[2017.01.22-03.12.06:076][ 82]SourceControl: Info 	TSUNAMI_SMACKDOWN/Saved/Backup/BeatSpawn_2017-01-21-16-18-46.uasset
[2017.01.22-03.12.06:076][ 82]SourceControl: Info 	TSUNAMI_SMACKDOWN/Saved/Backup/BeatSpawn_2017-01-21-16-29-52.uasset
[2017.01.22-03.12.06:076][ 82]SourceControl: Info 	TSUNAMI_SMACKDOWN/Saved/Backup/BeatSpawn_2017-01-21-16-40-11.uasset
[2017.01.22-03.12.06:076][ 82]SourceControl: Info 	TSUNAMI_SMACKDOWN/Saved/Backup/Beat_2017-01-21-15-17-29.uasset
[2017.01.22-03.12.06:076][ 82]SourceControl: Info 	TSUNAMI_SMACKDOWN/Saved/Backup/Beat_2017-01-21-15-35-46.uasset
[2017.01.22-03.12.06:076][ 82]SourceControl: Info 	TSUNAMI_SMACKDOWN/Saved/Backup/Beat_2017-01-21-16-41-42.uasset
[2017.01.22-03.12.06:076][ 82]SourceControl: Info 	TSUNAMI_SMACKDOWN/Saved/Backup/Rhyth_2017-01-21-02-40-29.uasset
[2017.01.22-03.12.06:076][ 82]SourceControl: Info 	TSUNAMI_SMACKDOWN/Saved/Backup/Rhyth_2017-01-21-03-43-04.uasset
[2017.01.22-03.12.06:076][ 82]SourceControl: Info 	TSUNAMI_SMACKDOWN/Saved/Backup/Rhythm_2017-01-21-02-07-36.umap
[2017.01.22-03.12.06:077][ 82]SourceControl: Info 	TSUNAMI_SMACKDOWN/Saved/Backup/Rhythm_2017-01-21-02-30-28.umap
[2017.01.22-03.12.06:077][ 82]SourceControl: Info 	TSUNAMI_SMACKDOWN/Saved/Backup/Rhythm_2017-01-21-03-42-50.umap
[2017.01.22-03.12.06:077][ 82]SourceControl: Info 	TSUNAMI_SMACKDOWN/Saved/Backup/Rhythm_2017-01-21-14-56-22.umap
[2017.01.22-03.12.06:077][ 82]SourceControl: Info 	TSUNAMI_SMACKDOWN/Saved/Backup/Rhythm_2017-01-21-15-17-29.umap
[2017.01.22-03.12.06:077][ 82]SourceControl: Info 	TSUNAMI_SMACKDOWN/Saved/Backup/Rhythm_2017-01-21-15-28-24.umap
[2017.01.22-03.12.06:077][ 82]SourceControl: Info 	TSUNAMI_SMACKDOWN/Saved/Backup/Rhythm_2017-01-21-15-59-36.umap
[2017.01.22-03.12.06:077][ 82]SourceControl: Info 	TSUNAMI_SMACKDOWN/Saved/Backup/Rhythm_2017-01-21-16-07-42.umap
[2017.01.22-03.12.06:077][ 82]SourceControl: Info 	TSUNAMI_SMACKDOWN/Saved/Backup/Rhythm_2017-01-21-16-29-52.umap
[2017.01.22-03.12.06:077][ 82]SourceControl: Info 	TSUNAMI_SMACKDOWN/Saved/Backup/Rhythm_2017-01-21-16-40-11.umap
[2017.01.22-03.12.06:077][ 82]SourceControl: Info 	TSUNAMI_SMACKDOWN/Saved/Backup/Rhythm_2017-01-21-16-50-11.umap
[2017.01.22-03.12.06:077][ 82]SourceControl: Info 	TSUNAMI_SMACKDOWN/Saved/Backup/Rhythm_2017-01-21-17-00-12.umap
[2017.01.22-03.12.06:077][ 82]SourceControl: Info 	TSUNAMI_SMACKDOWN/Saved/Backup/Rhythm_2017-01-21-17-13-55.umap
[2017.01.22-03.12.06:077][ 82]SourceControl: Info 	TSUNAMI_SMACKDOWN/Saved/Config/WorldState/1640671126.json
[2017.01.22-03.12.06:077][ 82]SourceControl: Info 	TSUNAMI_SMACKDOWN/Saved/Cooked/
[2017.01.22-03.12.06:077][ 82]SourceControl: Info 	TSUNAMI_SMACKDOWN/Saved/Logs/TSUNAMI_SMACKDOWN-backup-2017.01.21-14.59.58.log
[2017.01.22-03.12.06:077][ 82]SourceControl: Info 	TSUNAMI_SMACKDOWN/Saved/Logs/TSUNAMI_SMACKDOWN-backup-2017.01.21-15.44.38.log
[2017.01.22-03.12.06:077][ 82]SourceControl: Info 	TSUNAMI_SMACKDOWN/Saved/Logs/TSUNAMI_SMACKDOWN-backup-2017.01.21-15.59.50.log
[2017.01.22-03.12.06:077][ 82]SourceControl: Info 	TSUNAMI_SMACKDOWN/Saved/Logs/TSUNAMI_SMACKDOWN-backup-2017.01.21-16.00.06.log
[2017.01.22-03.12.06:077][ 82]SourceControl: Info 	TSUNAMI_SMACKDOWN/Saved/Logs/TSUNAMI_SMACKDOWN-backup-2017.01.21-19.10.12.log
[2017.01.22-03.12.06:077][ 82]SourceControl: Info 	TSUNAMI_SMACKDOWN/Saved/Logs/TSUNAMI_SMACKDOWN_2-backup-2017.01.21-15.39.27.log
[2017.01.22-03.12.06:077][ 82]SourceControl: Info 	TSUNAMI_SMACKDOWN/Saved/Logs/TSUNAMI_SMACKDOWN_2-backup-2017.01.21-15.48.32.log
[2017.01.22-03.12.06:077][ 82]SourceControl: Info 	TSUNAMI_SMACKDOWN/Saved/Logs/UE4CC-Windows-1AC27439450D65D2B9A78C863327C469/
[2017.01.22-03.12.06:077][ 82]SourceControl: Info 	TSUNAMI_SMACKDOWN/Saved/Logs/UE4CC-Windows-1AC27439450D65D2B9A78C863327C469_0000/
[2017.01.22-03.12.06:077][ 82]SourceControl: Info 	TSUNAMI_SMACKDOWN/Saved/Logs/UE4CC-Windows-48D219724A666D85D2E9AC999890B410/
[2017.01.22-03.12.06:077][ 82]SourceControl: Info 	TSUNAMI_SMACKDOWN/Saved/Logs/UE4CC-Windows-494DBE7F456A967C6F074B9EB8558F42/
[2017.01.22-03.12.06:077][ 82]SourceControl: Info 	TSUNAMI_SMACKDOWN/Saved/Logs/UE4CC-Windows-494DBE7F456A967C6F074B9EB8558F42_0000/
[2017.01.22-03.12.06:077][ 82]SourceControl: Info 	TSUNAMI_SMACKDOWN/Saved/Logs/UE4CC-Windows-55E920F2440B71BAB24973B9C7F5E8C5/
[2017.01.22-03.12.06:077][ 82]SourceControl: Info 	TSUNAMI_SMACKDOWN/Saved/Logs/UE4CC-Windows-A523CF34403077622FBFB984095D9CFB/
[2017.01.22-03.12.06:077][ 82]SourceControl: Info 	TSUNAMI_SMACKDOWN/Saved/Logs/UE4CC-Windows-A523CF34403077622FBFB984095D9CFB_0000/
[2017.01.22-03.31.04:819][341]LogHttp:Warning: 00000206110B8A00: request failed, libcurl error: 0 (No error)
[2017.01.22-03.31.04:819][341]LogHttp:Warning: 00000206110B8A00: libcurl info message cache 0 (Found bundle for host datarouter.ol.epicgames.com: 0x20667784b68 [can pipeline])
[2017.01.22-03.31.04:819][341]LogHttp:Warning: 00000206110B8A00: libcurl info message cache 1 (Re-using existing connection! (#6) with host datarouter.ol.epicgames.com)
[2017.01.22-03.31.04:819][341]LogHttp:Warning: 00000206110B8A00: libcurl info message cache 2 (Connected to datarouter.ol.epicgames.com (34.192.111.22) port 443 (#6))
[2017.01.22-03.31.04:819][341]LogHttp:Warning: 00000206110B8A00: libcurl info message cache 3 (upload completely sent off: 607 out of 607 bytes)
[2017.01.22-03.31.04:819][341]LogHttp:Warning: 00000206110B8A00: libcurl info message cache 4 (Closing connection 6)
[2017.01.22-03.31.04:819][341]LogHttp:Warning: 00000206110B8A00: libcurl info message cache 5 (TLSv1.2 (OUT), TLS alert, Client hello (1):)
[2017.01.22-03.37.05:210][943]LogHttp:Warning: 00000206110B8B80: request failed, libcurl error: 0 (No error)
[2017.01.22-03.37.05:210][943]LogHttp:Warning: 00000206110B8B80: libcurl info message cache 0 (Connection 7 seems to be dead!)
[2017.01.22-03.37.05:210][943]LogHttp:Warning: 00000206110B8B80: libcurl info message cache 1 (Closing connection 7)
[2017.01.22-03.37.05:210][943]LogHttp:Warning: 00000206110B8B80: libcurl info message cache 2 (TLSv1.2 (OUT), TLS alert, Client hello (1):)
[2017.01.22-03.37.05:210][943]LogHttp:Warning: 00000206110B8B80: libcurl info message cache 3 (  Trying 34.192.111.22...)
[2017.01.22-03.37.05:210][943]LogHttp:Warning: 00000206110B8B80: libcurl info message cache 4 (Connected to datarouter.ol.epicgames.com (34.192.111.22) port 443 (#8))
[2017.01.22-03.37.05:210][943]LogHttp:Warning: 00000206110B8B80: libcurl info message cache 5 (ALPN, offering http/1.1)
[2017.01.22-03.37.05:210][943]LogHttp:Warning: 00000206110B8B80: libcurl info message cache 6 (Cipher selection: ALL:!EXPORT:!EXPORT40:!EXPORT56:!aNULL:!LOW:!RC4:@STRENGTH)
[2017.01.22-03.37.05:210][943]LogHttp:Warning: 00000206110B8B80: libcurl info message cache 7 (SSL re-using session ID)
[2017.01.22-03.37.05:210][943]LogHttp:Warning: 00000206110B8B80: libcurl info message cache 8 (TLSv1.2 (OUT), TLS handshake, Client hello (1):)
[2017.01.22-03.37.05:210][943]LogHttp:Warning: 00000206110B8B80: libcurl info message cache 9 (Closing connection 8)
[2017.01.22-03.40.05:735][407]LogHttp:Warning: 00000206110B9180: request failed, libcurl error: 0 (No error)
[2017.01.22-03.40.05:735][407]LogHttp:Warning: 00000206110B9180: libcurl info message cache 0 (Found bundle for host datarouter.ol.epicgames.com: 0x206078f70a0 [can pipeline])
[2017.01.22-03.40.05:735][407]LogHttp:Warning: 00000206110B9180: libcurl info message cache 1 (Re-using existing connection! (#9) with host datarouter.ol.epicgames.com)
[2017.01.22-03.40.05:735][407]LogHttp:Warning: 00000206110B9180: libcurl info message cache 2 (Connected to datarouter.ol.epicgames.com (34.192.111.22) port 443 (#9))
[2017.01.22-03.40.05:735][407]LogHttp:Warning: 00000206110B9180: libcurl info message cache 3 (upload completely sent off: 608 out of 608 bytes)
[2017.01.22-03.40.05:735][407]LogHttp:Warning: 00000206110B9180: libcurl info message cache 4 (Closing connection 9)
[2017.01.22-03.40.05:735][407]LogHttp:Warning: 00000206110B9180: libcurl info message cache 5 (TLSv1.2 (OUT), TLS alert, Client hello (1):)
[2017.01.22-03.45.15:985][387]LogRenderer: Reallocating scene render targets to support 848x404 NumSamples 1 (Frame:100234).
[2017.01.22-03.45.31:600][855]LogContentBrowser: Native class hierarchy updated for 'BlueprintGraph' in 0.0015 seconds. Added 111 classes and 0 folders.
[2017.01.22-03.46.57:622][983]LogRenderer: Reallocating scene render targets to support 848x580 NumSamples 1 (Frame:101497).
[2017.01.22-03.47.47:588][  9]LogFileHelpers: Editor autosave (incl. sublevels) for '/Game/2DSideScrollerBP/Maps/Rhythm' took 0.059
[2017.01.22-03.47.47:594][  9]OBJ SavePackage: Generating thumbnails for [1] asset(s) in package [/Game/2DSideScrollerBP/Blueprints/BeatL] ([1] browsable assets)...
[2017.01.22-03.47.47:637][  9]OBJ SavePackage:     Rendered thumbnail for [Blueprint /Game/2DSideScrollerBP/Blueprints/BeatL.BeatL]
[2017.01.22-03.47.47:637][  9]OBJ SavePackage: Finished generating thumbnails for package [/Game/2DSideScrollerBP/Blueprints/BeatL]
[2017.01.22-03.47.47:677][  9]LogSavePackage: Save=24.42ms
[2017.01.22-03.47.47:677][  9]LogSavePackage: Moving '../../../../TSUNAMI SMACKDOWN/GGJ-2017-Wave/TSUNAMI_SMACKDOWN/Saved/BeatL_Auto11DBAC77A4A0F497F0FF87692BFF2C198.tmp' to '../../../../TSUNAMI SMACKDOWN/GGJ-2017-Wave/TSUNAMI_SMACKDOWN/Saved/Autosaves/Game/2DSideScrollerBP/Blueprints/BeatL_Auto1.uasset'
[2017.01.22-03.47.47:679][  9]LogSavePackage:Display: Finished SavePackage ../../../../TSUNAMI SMACKDOWN/GGJ-2017-Wave/TSUNAMI_SMACKDOWN/Saved/Autosaves/Game/2DSideScrollerBP/Blueprints/BeatL_Auto1.uasset
[2017.01.22-03.47.47:679][  9]LogFileHelpers: Auto-saving content packages took 0.090
[2017.01.22-03.51.52:589][659]BlueprintLog: New page: Compile BeatL
[2017.01.22-03.51.58:737][914]LogTemp: Repeting last play command: Selected Viewport
[2017.01.22-03.51.58:751][914]LogBlueprintUserMessages: Early PlayInEditor Detection: Level '/Game/2DSideScrollerBP/Maps/Rhythm.Rhythm:PersistentLevel' has LevelScriptBlueprint '/Game/2DSideScrollerBP/Maps/Rhythm.Rhythm:PersistentLevel.Rhythm' with GeneratedClass '/Game/2DSideScrollerBP/Maps/Rhythm.Rhythm_C' with ClassGeneratedBy '/Game/2DSideScrollerBP/Maps/Rhythm.Rhythm:PersistentLevel.Rhythm'
[2017.01.22-03.51.58:751][914]LogPlayLevel: PlayLevel: No blueprints needed recompiling
[2017.01.22-03.51.58:752][914]PIE: New page: PIE session: Rhythm (Jan 21, 2017, 11:51:58 AM)
[2017.01.22-03.51.58:752][914]LogPlayLevel: Creating play world package: /Game/2DSideScrollerBP/Maps/UEDPIE_0_Rhythm
[2017.01.22-03.51.58:754][914]LogPlayLevel: PIE: StaticDuplicateObject took: (0.001640s)
[2017.01.22-03.51.58:754][914]LogAIModule: Creating AISystem for world Rhythm
[2017.01.22-03.51.58:754][914]LogPlayLevel: PIE: World Init took: (0.000825s)
[2017.01.22-03.51.58:755][914]LogPlayLevel: PIE: Created PIE world by copying editor world from /Game/2DSideScrollerBP/Maps/Rhythm.Rhythm to /Game/2DSideScrollerBP/Maps/UEDPIE_0_Rhythm.Rhythm (0.002744s)
[2017.01.22-03.51.58:791][914]LogInit: XAudio2 using 'Speakers (Conexant SmartAudio HD)' : 2 channels at 48 kHz using 32 bits per sample (channel mask 0x3)
[2017.01.22-03.51.58:797][914]LogInit: FAudioDevice initialized.
[2017.01.22-03.51.58:848][914]LogLoad: Game class is '2DSideScrollerGameMode_C'
[2017.01.22-03.51.58:850][914]LogWorld: Bringing World /Game/2DSideScrollerBP/Maps/UEDPIE_0_Rhythm.Rhythm up for play (max tick rate 60) at 2017.01.21-19.51.58
[2017.01.22-03.51.58:850][914]LogWorld: Bringing up level for play took: 0.001029
[2017.01.22-03.51.58:943][914]LogContentBrowser: Native class hierarchy updated for 'MovieSceneCapture' in 0.0009 seconds. Added 11 classes and 0 folders.
[2017.01.22-03.51.58:944][914]PIE: Info Play in editor start time for /Game/2DSideScrollerBP/Maps/UEDPIE_0_Rhythm 1.055
[2017.01.22-03.51.58:945][914]LogBlueprintUserMessages: Late PlayInEditor Detection: Level '/Game/2DSideScrollerBP/Maps/Rhythm.Rhythm:PersistentLevel' has LevelScriptBlueprint '/Game/2DSideScrollerBP/Maps/Rhythm.Rhythm:PersistentLevel.Rhythm' with GeneratedClass '/Game/2DSideScrollerBP/Maps/Rhythm.Rhythm_C' with ClassGeneratedBy '/Game/2DSideScrollerBP/Maps/Rhythm.Rhythm:PersistentLevel.Rhythm'
[2017.01.22-03.52.05:302][285]LogBlueprintUserMessages: Early EndPlayMap Detection: Level '/Game/2DSideScrollerBP/Maps/Rhythm.Rhythm:PersistentLevel' has LevelScriptBlueprint '/Game/2DSideScrollerBP/Maps/Rhythm.Rhythm:PersistentLevel.Rhythm' with GeneratedClass '/Game/2DSideScrollerBP/Maps/Rhythm.Rhythm_C' with ClassGeneratedBy '/Game/2DSideScrollerBP/Maps/Rhythm.Rhythm:PersistentLevel.Rhythm'
[2017.01.22-03.52.05:429][285]LogBlueprintUserMessages: Late EndPlayMap Detection: Level '/Game/2DSideScrollerBP/Maps/Rhythm.Rhythm:PersistentLevel' has LevelScriptBlueprint '/Game/2DSideScrollerBP/Maps/Rhythm.Rhythm:PersistentLevel.Rhythm' with GeneratedClass '/Game/2DSideScrollerBP/Maps/Rhythm.Rhythm_C' with ClassGeneratedBy '/Game/2DSideScrollerBP/Maps/Rhythm.Rhythm:PersistentLevel.Rhythm'
[2017.01.22-03.55.31:267][860]LogEditorViewport: Clicking on Actor (LMB): BeatL_C (BeatL)
[2017.01.22-03.57.11:977][559]LogD3D11RHI: Timed out while waiting for GPU to catch up. (0.5 s)
[2017.01.22-03.57.14:388][666]BlueprintLog: New page: Compile BeatL
[2017.01.22-03.57.17:431][839]LogTemp: Repeting last play command: Selected Viewport
[2017.01.22-03.57.17:452][839]LogBlueprintUserMessages: Early PlayInEditor Detection: Level '/Game/2DSideScrollerBP/Maps/Rhythm.Rhythm:PersistentLevel' has LevelScriptBlueprint '/Game/2DSideScrollerBP/Maps/Rhythm.Rhythm:PersistentLevel.Rhythm' with GeneratedClass '/Game/2DSideScrollerBP/Maps/Rhythm.Rhythm_C' with ClassGeneratedBy '/Game/2DSideScrollerBP/Maps/Rhythm.Rhythm:PersistentLevel.Rhythm'
[2017.01.22-03.57.17:452][839]LogPlayLevel: PlayLevel: No blueprints needed recompiling
[2017.01.22-03.57.17:452][839]PIE: New page: PIE session: Rhythm (Jan 21, 2017, 11:57:17 AM)
[2017.01.22-03.57.17:452][839]LogPlayLevel: Creating play world package: /Game/2DSideScrollerBP/Maps/UEDPIE_0_Rhythm
[2017.01.22-03.57.17:454][839]LogPlayLevel: PIE: StaticDuplicateObject took: (0.001684s)
[2017.01.22-03.57.17:454][839]LogAIModule: Creating AISystem for world Rhythm
[2017.01.22-03.57.17:454][839]LogPlayLevel: PIE: World Init took: (0.000715s)
[2017.01.22-03.57.17:454][839]LogPlayLevel: PIE: Created PIE world by copying editor world from /Game/2DSideScrollerBP/Maps/Rhythm.Rhythm to /Game/2DSideScrollerBP/Maps/UEDPIE_0_Rhythm.Rhythm (0.002619s)
[2017.01.22-03.57.17:490][839]LogInit: XAudio2 using 'Speakers (Conexant SmartAudio HD)' : 2 channels at 48 kHz using 32 bits per sample (channel mask 0x3)
[2017.01.22-03.57.17:496][839]LogInit: FAudioDevice initialized.
[2017.01.22-03.57.17:526][839]LogLoad: Game class is '2DSideScrollerGameMode_C'
[2017.01.22-03.57.17:528][839]LogWorld: Bringing World /Game/2DSideScrollerBP/Maps/UEDPIE_0_Rhythm.Rhythm up for play (max tick rate 60) at 2017.01.21-19.57.17
[2017.01.22-03.57.17:528][839]LogWorld: Bringing up level for play took: 0.001286
[2017.01.22-03.57.17:529][839]PIE: Info Play in editor start time for /Game/2DSideScrollerBP/Maps/UEDPIE_0_Rhythm -0.36
[2017.01.22-03.57.17:529][839]LogBlueprintUserMessages: Late PlayInEditor Detection: Level '/Game/2DSideScrollerBP/Maps/Rhythm.Rhythm:PersistentLevel' has LevelScriptBlueprint '/Game/2DSideScrollerBP/Maps/Rhythm.Rhythm:PersistentLevel.Rhythm' with GeneratedClass '/Game/2DSideScrollerBP/Maps/Rhythm.Rhythm_C' with ClassGeneratedBy '/Game/2DSideScrollerBP/Maps/Rhythm.Rhythm:PersistentLevel.Rhythm'
[2017.01.22-03.57.29:613][564]LogBlueprintUserMessages: Early EndPlayMap Detection: Level '/Game/2DSideScrollerBP/Maps/Rhythm.Rhythm:PersistentLevel' has LevelScriptBlueprint '/Game/2DSideScrollerBP/Maps/Rhythm.Rhythm:PersistentLevel.Rhythm' with GeneratedClass '/Game/2DSideScrollerBP/Maps/Rhythm.Rhythm_C' with ClassGeneratedBy '/Game/2DSideScrollerBP/Maps/Rhythm.Rhythm:PersistentLevel.Rhythm'
[2017.01.22-03.57.29:658][564]LogBlueprintUserMessages: Late EndPlayMap Detection: Level '/Game/2DSideScrollerBP/Maps/Rhythm.Rhythm:PersistentLevel' has LevelScriptBlueprint '/Game/2DSideScrollerBP/Maps/Rhythm.Rhythm:PersistentLevel.Rhythm' with GeneratedClass '/Game/2DSideScrollerBP/Maps/Rhythm.Rhythm_C' with ClassGeneratedBy '/Game/2DSideScrollerBP/Maps/Rhythm.Rhythm:PersistentLevel.Rhythm'
[2017.01.22-03.58.09:848][947]LogSavePackage: Save=107.16ms
[2017.01.22-03.58.09:848][947]LogSavePackage: Moving '../../../../TSUNAMI SMACKDOWN/GGJ-2017-Wave/TSUNAMI_SMACKDOWN/Saved/Rhythm_Auto2ED70BBB840DB0C73BCA1B2A9D0310A47.tmp' to '../../../../TSUNAMI SMACKDOWN/GGJ-2017-Wave/TSUNAMI_SMACKDOWN/Saved/Autosaves/Game/2DSideScrollerBP/Maps/Rhythm_Auto2.umap'
[2017.01.22-03.58.09:850][947]LogSavePackage:Display: Finished SavePackage ../../../../TSUNAMI SMACKDOWN/GGJ-2017-Wave/TSUNAMI_SMACKDOWN/Saved/Autosaves/Game/2DSideScrollerBP/Maps/Rhythm_Auto2.umap
[2017.01.22-03.58.09:852][947]LogFileHelpers: Editor autosave (incl. sublevels) for '/Game/2DSideScrollerBP/Maps/Rhythm' took 0.178
[2017.01.22-03.58.09:852][947]LogFileHelpers: Editor autosave (incl. sublevels) for all levels took 0.178
[2017.01.22-03.58.09:855][947]OBJ SavePackage: Generating thumbnails for [1] asset(s) in package [/Game/2DSideScrollerBP/Blueprints/BeatL] ([1] browsable assets)...
[2017.01.22-03.58.09:896][947]OBJ SavePackage:     Rendered thumbnail for [Blueprint /Game/2DSideScrollerBP/Blueprints/BeatL.BeatL]
[2017.01.22-03.58.09:896][947]OBJ SavePackage: Finished generating thumbnails for package [/Game/2DSideScrollerBP/Blueprints/BeatL]
[2017.01.22-03.58.09:921][947]LogSavePackage: Save=17.12ms
[2017.01.22-03.58.09:921][947]LogSavePackage: Moving '../../../../TSUNAMI SMACKDOWN/GGJ-2017-Wave/TSUNAMI_SMACKDOWN/Saved/BeatL_Auto2E177B99C4D2AE1F9C8E4D78407664B1D.tmp' to '../../../../TSUNAMI SMACKDOWN/GGJ-2017-Wave/TSUNAMI_SMACKDOWN/Saved/Autosaves/Game/2DSideScrollerBP/Blueprints/BeatL_Auto2.uasset'
[2017.01.22-03.58.09:923][947]LogSavePackage:Display: Finished SavePackage ../../../../TSUNAMI SMACKDOWN/GGJ-2017-Wave/TSUNAMI_SMACKDOWN/Saved/Autosaves/Game/2DSideScrollerBP/Blueprints/BeatL_Auto2.uasset
[2017.01.22-03.58.09:923][947]LogFileHelpers: Auto-saving content packages took 0.069
[2017.01.22-03.58.23:171][736]LogTemp: Repeting last play command: Selected Viewport
[2017.01.22-03.58.23:185][736]LogBlueprintUserMessages: Early PlayInEditor Detection: Level '/Game/2DSideScrollerBP/Maps/Rhythm.Rhythm:PersistentLevel' has LevelScriptBlueprint '/Game/2DSideScrollerBP/Maps/Rhythm.Rhythm:PersistentLevel.Rhythm' with GeneratedClass '/Game/2DSideScrollerBP/Maps/Rhythm.Rhythm_C' with ClassGeneratedBy '/Game/2DSideScrollerBP/Maps/Rhythm.Rhythm:PersistentLevel.Rhythm'
[2017.01.22-03.58.23:185][736]BlueprintLog: New page: Pre-Play auto-recompile
[2017.01.22-03.58.23:185][736]LogPlayLevel: [PlayLevel] Compiling BeatL before play...
[2017.01.22-03.58.23:308][736]LogPlayLevel: PlayLevel: Blueprint regeneration took 122 ms (1 blueprints)
[2017.01.22-03.58.23:308][736]PIE: New page: PIE session: Rhythm (Jan 21, 2017, 11:58:23 AM)
[2017.01.22-03.58.23:308][736]LogPlayLevel: Creating play world package: /Game/2DSideScrollerBP/Maps/UEDPIE_0_Rhythm
[2017.01.22-03.58.23:310][736]LogPlayLevel: PIE: StaticDuplicateObject took: (0.002576s)
[2017.01.22-03.58.23:311][736]LogAIModule: Creating AISystem for world Rhythm
[2017.01.22-03.58.23:311][736]LogPlayLevel: PIE: World Init took: (0.000705s)
[2017.01.22-03.58.23:311][736]LogPlayLevel: PIE: Created PIE world by copying editor world from /Game/2DSideScrollerBP/Maps/Rhythm.Rhythm to /Game/2DSideScrollerBP/Maps/UEDPIE_0_Rhythm.Rhythm (0.003546s)
[2017.01.22-03.58.23:351][736]LogInit: XAudio2 using 'Speakers (Conexant SmartAudio HD)' : 2 channels at 48 kHz using 32 bits per sample (channel mask 0x3)
[2017.01.22-03.58.23:358][736]LogInit: FAudioDevice initialized.
[2017.01.22-03.58.23:388][736]LogLoad: Game class is '2DSideScrollerGameMode_C'
[2017.01.22-03.58.23:390][736]LogWorld: Bringing World /Game/2DSideScrollerBP/Maps/UEDPIE_0_Rhythm.Rhythm up for play (max tick rate 60) at 2017.01.21-19.58.23
[2017.01.22-03.58.23:390][736]LogWorld: Bringing up level for play took: 0.001511
[2017.01.22-03.58.23:391][736]PIE: Info Play in editor start time for /Game/2DSideScrollerBP/Maps/UEDPIE_0_Rhythm -0.498
[2017.01.22-03.58.23:392][736]LogBlueprintUserMessages: Late PlayInEditor Detection: Level '/Game/2DSideScrollerBP/Maps/Rhythm.Rhythm:PersistentLevel' has LevelScriptBlueprint '/Game/2DSideScrollerBP/Maps/Rhythm.Rhythm:PersistentLevel.Rhythm' with GeneratedClass '/Game/2DSideScrollerBP/Maps/Rhythm.Rhythm_C' with ClassGeneratedBy '/Game/2DSideScrollerBP/Maps/Rhythm.Rhythm:PersistentLevel.Rhythm'
[2017.01.22-03.58.58:107][740]LogBlueprintUserMessages: Early EndPlayMap Detection: Level '/Game/2DSideScrollerBP/Maps/Rhythm.Rhythm:PersistentLevel' has LevelScriptBlueprint '/Game/2DSideScrollerBP/Maps/Rhythm.Rhythm:PersistentLevel.Rhythm' with GeneratedClass '/Game/2DSideScrollerBP/Maps/Rhythm.Rhythm_C' with ClassGeneratedBy '/Game/2DSideScrollerBP/Maps/Rhythm.Rhythm:PersistentLevel.Rhythm'
[2017.01.22-03.58.58:175][740]LogBlueprintUserMessages: Late EndPlayMap Detection: Level '/Game/2DSideScrollerBP/Maps/Rhythm.Rhythm:PersistentLevel' has LevelScriptBlueprint '/Game/2DSideScrollerBP/Maps/Rhythm.Rhythm:PersistentLevel.Rhythm' with GeneratedClass '/Game/2DSideScrollerBP/Maps/Rhythm.Rhythm_C' with ClassGeneratedBy '/Game/2DSideScrollerBP/Maps/Rhythm.Rhythm:PersistentLevel.Rhythm'
[2017.01.22-03.59.06:645][243]LogEditorViewport: Clicking on Actor (LMB): BeatL_C (BeatL)
[2017.01.22-03.59.57:197][243]BlueprintLog: New page: Compile BeatL
[2017.01.22-04.00.02:718][539]LogBlueprint:Warning: [Compiler 2DSideScrollerCharacter] Warning InputAction Event references unknown Action 'Jump' for  K2Node_InputAction_67
[2017.01.22-04.00.02:722][539]LogBlueprint:Warning: [Compiler 2DSideScrollerCharacter] Warning [2992.61] Compile of 2DSideScrollerCharacter successful, but with 1 Warning(s) [in 11 ms] (/Game/2DSideScrollerBP/Blueprints/2DSideScrollerCharacter.2DSideScrollerCharacter)
[2017.01.22-04.00.02:722][539]LogBlueprint:Warning: [Compiler 2DSideScrollerCharacter] Warning [2992.61] Compile of 2DSideScrollerCharacter successful, but with 2 Warning(s) [in 0 ms] (/Game/2DSideScrollerBP/Blueprints/2DSideScrollerCharacter.2DSideScrollerCharacter)
[2017.01.22-04.00.02:722][539]LogBlueprint:Warning: [Compiler 2DSideScrollerCharacter] Warning [2992.61] Compile of 2DSideScrollerCharacter successful, but with 3 Warning(s) [in 0 ms] (/Game/2DSideScrollerBP/Blueprints/2DSideScrollerCharacter.2DSideScrollerCharacter)
[2017.01.22-04.00.02:731][539]LogBlueprint:Warning: [Compiler 2DSideScrollerCharacter] Warning InputAction Event references unknown Action 'Jump' for  K2Node_InputAction_67
[2017.01.22-04.00.02:735][539]LogBlueprint:Warning: [Compiler 2DSideScrollerCharacter] Warning [2992.62] Compile of 2DSideScrollerCharacter successful, but with 1 Warning(s) [in 10 ms] (/Game/2DSideScrollerBP/Blueprints/2DSideScrollerCharacter.2DSideScrollerCharacter)
[2017.01.22-04.00.02:735][539]LogBlueprint:Warning: [Compiler 2DSideScrollerCharacter] Warning [2992.62] Compile of 2DSideScrollerCharacter successful, but with 2 Warning(s) [in 0 ms] (/Game/2DSideScrollerBP/Blueprints/2DSideScrollerCharacter.2DSideScrollerCharacter)
[2017.01.22-04.00.02:735][539]LogBlueprint:Warning: [Compiler 2DSideScrollerCharacter] Warning [2992.62] Compile of 2DSideScrollerCharacter successful, but with 3 Warning(s) [in 0 ms] (/Game/2DSideScrollerBP/Blueprints/2DSideScrollerCharacter.2DSideScrollerCharacter)
[2017.01.22-04.00.04:175][606]LogTemp: Repeting last play command: Selected Viewport
[2017.01.22-04.00.04:190][606]LogBlueprintUserMessages: Early PlayInEditor Detection: Level '/Game/2DSideScrollerBP/Maps/Rhythm.Rhythm:PersistentLevel' has LevelScriptBlueprint '/Game/2DSideScrollerBP/Maps/Rhythm.Rhythm:PersistentLevel.Rhythm' with GeneratedClass '/Game/2DSideScrollerBP/Maps/Rhythm.Rhythm_C' with ClassGeneratedBy '/Game/2DSideScrollerBP/Maps/Rhythm.Rhythm:PersistentLevel.Rhythm'
[2017.01.22-04.00.04:190][606]LogPlayLevel: PlayLevel: No blueprints needed recompiling
[2017.01.22-04.00.04:190][606]PIE: New page: PIE session: Rhythm (Jan 21, 2017, 12:00:04 PM)
[2017.01.22-04.00.04:190][606]LogPlayLevel: Creating play world package: /Game/2DSideScrollerBP/Maps/UEDPIE_0_Rhythm
[2017.01.22-04.00.04:194][606]LogPlayLevel: PIE: StaticDuplicateObject took: (0.004077s)
[2017.01.22-04.00.04:195][606]LogAIModule: Creating AISystem for world Rhythm
[2017.01.22-04.00.04:195][606]LogPlayLevel: PIE: World Init took: (0.000789s)
[2017.01.22-04.00.04:195][606]LogPlayLevel: PIE: Created PIE world by copying editor world from /Game/2DSideScrollerBP/Maps/Rhythm.Rhythm to /Game/2DSideScrollerBP/Maps/UEDPIE_0_Rhythm.Rhythm (0.005197s)
[2017.01.22-04.00.04:263][606]LogInit: XAudio2 using 'Speakers (Conexant SmartAudio HD)' : 2 channels at 48 kHz using 32 bits per sample (channel mask 0x3)
[2017.01.22-04.00.04:269][606]LogInit: FAudioDevice initialized.
[2017.01.22-04.00.04:303][606]LogLoad: Game class is '2DSideScrollerGameMode_C'
[2017.01.22-04.00.04:304][606]LogWorld: Bringing World /Game/2DSideScrollerBP/Maps/UEDPIE_0_Rhythm.Rhythm up for play (max tick rate 60) at 2017.01.21-20.00.04
[2017.01.22-04.00.04:444][606]LogWorld: Bringing up level for play took: 0.140269
[2017.01.22-04.00.04:445][606]PIE: Info Play in editor start time for /Game/2DSideScrollerBP/Maps/UEDPIE_0_Rhythm 0.556
[2017.01.22-04.00.04:445][606]LogBlueprintUserMessages: Late PlayInEditor Detection: Level '/Game/2DSideScrollerBP/Maps/Rhythm.Rhythm:PersistentLevel' has LevelScriptBlueprint '/Game/2DSideScrollerBP/Maps/Rhythm.Rhythm:PersistentLevel.Rhythm' with GeneratedClass '/Game/2DSideScrollerBP/Maps/Rhythm.Rhythm_C' with ClassGeneratedBy '/Game/2DSideScrollerBP/Maps/Rhythm.Rhythm:PersistentLevel.Rhythm'
[2017.01.22-04.00.08:781][865]LogBlueprintUserMessages: Early EndPlayMap Detection: Level '/Game/2DSideScrollerBP/Maps/Rhythm.Rhythm:PersistentLevel' has LevelScriptBlueprint '/Game/2DSideScrollerBP/Maps/Rhythm.Rhythm:PersistentLevel.Rhythm' with GeneratedClass '/Game/2DSideScrollerBP/Maps/Rhythm.Rhythm_C' with ClassGeneratedBy '/Game/2DSideScrollerBP/Maps/Rhythm.Rhythm:PersistentLevel.Rhythm'
[2017.01.22-04.00.08:854][865]LogBlueprintUserMessages: Late EndPlayMap Detection: Level '/Game/2DSideScrollerBP/Maps/Rhythm.Rhythm:PersistentLevel' has LevelScriptBlueprint '/Game/2DSideScrollerBP/Maps/Rhythm.Rhythm:PersistentLevel.Rhythm' with GeneratedClass '/Game/2DSideScrollerBP/Maps/Rhythm.Rhythm_C' with ClassGeneratedBy '/Game/2DSideScrollerBP/Maps/Rhythm.Rhythm:PersistentLevel.Rhythm'
[2017.01.22-04.00.31:657][  5]BlueprintLog: New page: Compile BeatL
[2017.01.22-04.00.33:033][ 80]LogTemp: Repeting last play command: Selected Viewport
[2017.01.22-04.00.33:046][ 80]LogBlueprintUserMessages: Early PlayInEditor Detection: Level '/Game/2DSideScrollerBP/Maps/Rhythm.Rhythm:PersistentLevel' has LevelScriptBlueprint '/Game/2DSideScrollerBP/Maps/Rhythm.Rhythm:PersistentLevel.Rhythm' with GeneratedClass '/Game/2DSideScrollerBP/Maps/Rhythm.Rhythm_C' with ClassGeneratedBy '/Game/2DSideScrollerBP/Maps/Rhythm.Rhythm:PersistentLevel.Rhythm'
[2017.01.22-04.00.33:046][ 80]LogPlayLevel: PlayLevel: No blueprints needed recompiling
[2017.01.22-04.00.33:046][ 80]PIE: New page: PIE session: Rhythm (Jan 21, 2017, 12:00:33 PM)
[2017.01.22-04.00.33:046][ 80]LogPlayLevel: Creating play world package: /Game/2DSideScrollerBP/Maps/UEDPIE_0_Rhythm
[2017.01.22-04.00.33:048][ 80]LogPlayLevel: PIE: StaticDuplicateObject took: (0.001947s)
[2017.01.22-04.00.33:049][ 80]LogAIModule: Creating AISystem for world Rhythm
[2017.01.22-04.00.33:049][ 80]LogPlayLevel: PIE: World Init took: (0.000651s)
[2017.01.22-04.00.33:049][ 80]LogPlayLevel: PIE: Created PIE world by copying editor world from /Game/2DSideScrollerBP/Maps/Rhythm.Rhythm to /Game/2DSideScrollerBP/Maps/UEDPIE_0_Rhythm.Rhythm (0.002834s)
[2017.01.22-04.00.33:115][ 80]LogInit: XAudio2 using 'Speakers (Conexant SmartAudio HD)' : 2 channels at 48 kHz using 32 bits per sample (channel mask 0x3)
[2017.01.22-04.00.33:120][ 80]LogInit: FAudioDevice initialized.
[2017.01.22-04.00.33:155][ 80]LogLoad: Game class is '2DSideScrollerGameMode_C'
[2017.01.22-04.00.33:157][ 80]LogWorld: Bringing World /Game/2DSideScrollerBP/Maps/UEDPIE_0_Rhythm.Rhythm up for play (max tick rate 60) at 2017.01.21-20.00.33
[2017.01.22-04.00.33:157][ 80]LogWorld: Bringing up level for play took: 0.001532
[2017.01.22-04.00.33:158][ 80]PIE: Info Play in editor start time for /Game/2DSideScrollerBP/Maps/UEDPIE_0_Rhythm -0.732
[2017.01.22-04.00.33:158][ 80]LogBlueprintUserMessages: Late PlayInEditor Detection: Level '/Game/2DSideScrollerBP/Maps/Rhythm.Rhythm:PersistentLevel' has LevelScriptBlueprint '/Game/2DSideScrollerBP/Maps/Rhythm.Rhythm:PersistentLevel.Rhythm' with GeneratedClass '/Game/2DSideScrollerBP/Maps/Rhythm.Rhythm_C' with ClassGeneratedBy '/Game/2DSideScrollerBP/Maps/Rhythm.Rhythm:PersistentLevel.Rhythm'
[2017.01.22-04.00.38:105][377]LogBlueprintUserMessages: Early EndPlayMap Detection: Level '/Game/2DSideScrollerBP/Maps/Rhythm.Rhythm:PersistentLevel' has LevelScriptBlueprint '/Game/2DSideScrollerBP/Maps/Rhythm.Rhythm:PersistentLevel.Rhythm' with GeneratedClass '/Game/2DSideScrollerBP/Maps/Rhythm.Rhythm_C' with ClassGeneratedBy '/Game/2DSideScrollerBP/Maps/Rhythm.Rhythm:PersistentLevel.Rhythm'
[2017.01.22-04.00.38:183][377]LogBlueprintUserMessages: Late EndPlayMap Detection: Level '/Game/2DSideScrollerBP/Maps/Rhythm.Rhythm:PersistentLevel' has LevelScriptBlueprint '/Game/2DSideScrollerBP/Maps/Rhythm.Rhythm:PersistentLevel.Rhythm' with GeneratedClass '/Game/2DSideScrollerBP/Maps/Rhythm.Rhythm_C' with ClassGeneratedBy '/Game/2DSideScrollerBP/Maps/Rhythm.Rhythm:PersistentLevel.Rhythm'
[2017.01.22-04.00.51:457][160]BlueprintLog: New page: Compile BeatL
[2017.01.22-04.00.52:918][240]LogTemp: Repeting last play command: Selected Viewport
[2017.01.22-04.00.52:931][240]LogBlueprintUserMessages: Early PlayInEditor Detection: Level '/Game/2DSideScrollerBP/Maps/Rhythm.Rhythm:PersistentLevel' has LevelScriptBlueprint '/Game/2DSideScrollerBP/Maps/Rhythm.Rhythm:PersistentLevel.Rhythm' with GeneratedClass '/Game/2DSideScrollerBP/Maps/Rhythm.Rhythm_C' with ClassGeneratedBy '/Game/2DSideScrollerBP/Maps/Rhythm.Rhythm:PersistentLevel.Rhythm'
[2017.01.22-04.00.52:931][240]LogPlayLevel: PlayLevel: No blueprints needed recompiling
[2017.01.22-04.00.52:931][240]PIE: New page: PIE session: Rhythm (Jan 21, 2017, 12:00:52 PM)
[2017.01.22-04.00.52:931][240]LogPlayLevel: Creating play world package: /Game/2DSideScrollerBP/Maps/UEDPIE_0_Rhythm
[2017.01.22-04.00.52:933][240]LogPlayLevel: PIE: StaticDuplicateObject took: (0.001949s)
[2017.01.22-04.00.52:934][240]LogAIModule: Creating AISystem for world Rhythm
[2017.01.22-04.00.52:934][240]LogPlayLevel: PIE: World Init took: (0.000595s)
[2017.01.22-04.00.52:934][240]LogPlayLevel: PIE: Created PIE world by copying editor world from /Game/2DSideScrollerBP/Maps/Rhythm.Rhythm to /Game/2DSideScrollerBP/Maps/UEDPIE_0_Rhythm.Rhythm (0.002846s)
[2017.01.22-04.00.52:998][240]LogInit: XAudio2 using 'Speakers (Conexant SmartAudio HD)' : 2 channels at 48 kHz using 32 bits per sample (channel mask 0x3)
[2017.01.22-04.00.53:004][240]LogInit: FAudioDevice initialized.
[2017.01.22-04.00.53:038][240]LogLoad: Game class is '2DSideScrollerGameMode_C'
[2017.01.22-04.00.53:040][240]LogWorld: Bringing World /Game/2DSideScrollerBP/Maps/UEDPIE_0_Rhythm.Rhythm up for play (max tick rate 60) at 2017.01.21-20.00.53
[2017.01.22-04.00.53:040][240]LogWorld: Bringing up level for play took: 0.001376
[2017.01.22-04.00.53:041][240]PIE: Info Play in editor start time for /Game/2DSideScrollerBP/Maps/UEDPIE_0_Rhythm -0.848
[2017.01.22-04.00.53:041][240]LogBlueprintUserMessages: Late PlayInEditor Detection: Level '/Game/2DSideScrollerBP/Maps/Rhythm.Rhythm:PersistentLevel' has LevelScriptBlueprint '/Game/2DSideScrollerBP/Maps/Rhythm.Rhythm:PersistentLevel.Rhythm' with GeneratedClass '/Game/2DSideScrollerBP/Maps/Rhythm.Rhythm_C' with ClassGeneratedBy '/Game/2DSideScrollerBP/Maps/Rhythm.Rhythm:PersistentLevel.Rhythm'
[2017.01.22-04.01.22:880][967]LogBlueprintUserMessages: Early EndPlayMap Detection: Level '/Game/2DSideScrollerBP/Maps/Rhythm.Rhythm:PersistentLevel' has LevelScriptBlueprint '/Game/2DSideScrollerBP/Maps/Rhythm.Rhythm:PersistentLevel.Rhythm' with GeneratedClass '/Game/2DSideScrollerBP/Maps/Rhythm.Rhythm_C' with ClassGeneratedBy '/Game/2DSideScrollerBP/Maps/Rhythm.Rhythm:PersistentLevel.Rhythm'
[2017.01.22-04.01.22:973][967]LogBlueprintUserMessages: Late EndPlayMap Detection: Level '/Game/2DSideScrollerBP/Maps/Rhythm.Rhythm:PersistentLevel' has LevelScriptBlueprint '/Game/2DSideScrollerBP/Maps/Rhythm.Rhythm:PersistentLevel.Rhythm' with GeneratedClass '/Game/2DSideScrollerBP/Maps/Rhythm.Rhythm_C' with ClassGeneratedBy '/Game/2DSideScrollerBP/Maps/Rhythm.Rhythm:PersistentLevel.Rhythm'
[2017.01.22-04.14.19:317][437]LogSavePackage: Save=148.86ms
[2017.01.22-04.14.19:317][437]LogSavePackage: Moving '../../../../TSUNAMI SMACKDOWN/GGJ-2017-Wave/TSUNAMI_SMACKDOWN/Saved/Rhythm_Auto319933E7E40186310C5E51C9046D1FCA7.tmp' to '../../../../TSUNAMI SMACKDOWN/GGJ-2017-Wave/TSUNAMI_SMACKDOWN/Saved/Autosaves/Game/2DSideScrollerBP/Maps/Rhythm_Auto3.umap'
[2017.01.22-04.14.19:320][437]LogSavePackage:Display: Finished SavePackage ../../../../TSUNAMI SMACKDOWN/GGJ-2017-Wave/TSUNAMI_SMACKDOWN/Saved/Autosaves/Game/2DSideScrollerBP/Maps/Rhythm_Auto3.umap
[2017.01.22-04.14.19:333][437]LogFileHelpers: Editor autosave (incl. sublevels) for '/Game/2DSideScrollerBP/Maps/Rhythm' took 0.213
[2017.01.22-04.14.19:333][437]LogFileHelpers: Editor autosave (incl. sublevels) for all levels took 0.213
[2017.01.22-04.14.19:336][437]OBJ SavePackage: Generating thumbnails for [1] asset(s) in package [/Game/2DSideScrollerBP/Blueprints/BeatL] ([1] browsable assets)...
[2017.01.22-04.14.19:422][437]OBJ SavePackage:     Rendered thumbnail for [Blueprint /Game/2DSideScrollerBP/Blueprints/BeatL.BeatL]
[2017.01.22-04.14.19:422][437]OBJ SavePackage: Finished generating thumbnails for package [/Game/2DSideScrollerBP/Blueprints/BeatL]
[2017.01.22-04.14.19:448][437]LogSavePackage: Save=17.65ms
[2017.01.22-04.14.19:448][437]LogSavePackage: Moving '../../../../TSUNAMI SMACKDOWN/GGJ-2017-Wave/TSUNAMI_SMACKDOWN/Saved/BeatL_Auto3BBCCC5C94A9876332DA1C39697F77175.tmp' to '../../../../TSUNAMI SMACKDOWN/GGJ-2017-Wave/TSUNAMI_SMACKDOWN/Saved/Autosaves/Game/2DSideScrollerBP/Blueprints/BeatL_Auto3.uasset'
[2017.01.22-04.14.19:449][437]LogSavePackage:Display: Finished SavePackage ../../../../TSUNAMI SMACKDOWN/GGJ-2017-Wave/TSUNAMI_SMACKDOWN/Saved/Autosaves/Game/2DSideScrollerBP/Blueprints/BeatL_Auto3.uasset
[2017.01.22-04.14.19:449][437]LogFileHelpers: Auto-saving content packages took 0.115
[2017.01.22-04.23.51:557][464]LogD3D11RHI: Timed out while waiting for GPU to catch up. (0.5 s)
[2017.01.22-04.24.05:805][259]BlueprintLog: New page: Compile BeatL
[2017.01.22-04.24.11:823][395]Cmd: OBJ SAVEPACKAGE PACKAGE="/Game/2DSideScrollerBP/Blueprints/BeatL" FILE="../../../../TSUNAMI SMACKDOWN/GGJ-2017-Wave/TSUNAMI_SMACKDOWN/Content/2DSideScrollerBP/Blueprints/BeatL.uasset" SILENT=true
[2017.01.22-04.24.11:853][395]LogSavePackage: Save=19.79ms
[2017.01.22-04.24.11:853][395]LogSavePackage: Moving '../../../../TSUNAMI SMACKDOWN/GGJ-2017-Wave/TSUNAMI_SMACKDOWN/Saved/BeatLC8314C834C885DA55A1349942E1793A3.tmp' to '../../../../TSUNAMI SMACKDOWN/GGJ-2017-Wave/TSUNAMI_SMACKDOWN/Content/2DSideScrollerBP/Blueprints/BeatL.uasset'
[2017.01.22-04.24.11:856][395]LogSavePackage:Display: Finished SavePackage ../../../../TSUNAMI SMACKDOWN/GGJ-2017-Wave/TSUNAMI_SMACKDOWN/Content/2DSideScrollerBP/Blueprints/BeatL.uasset
[2017.01.22-04.26.43:980][939]LogBlueprint:Warning: [Compiler ] Warning Pasted node  K2Node_Event_0   conflicted with  K2Node_Event_35  and was replaced as a Custom Event!
[2017.01.22-04.26.44:034][939]BlueprintEditorCompileResults:Warning: Warning Pasted node  K2Node_Event_0   conflicted with  K2Node_Event_35  and was replaced as a Custom Event!
[2017.01.22-04.27.44:262][648]BlueprintLog: New page: Compile Rhythm
[2017.01.22-04.27.53:405][158]LogTemp: Repeting last play command: Selected Viewport
[2017.01.22-04.27.53:425][158]LogBlueprintUserMessages: Early PlayInEditor Detection: Level '/Game/2DSideScrollerBP/Maps/Rhythm.Rhythm:PersistentLevel' has LevelScriptBlueprint '/Game/2DSideScrollerBP/Maps/Rhythm.Rhythm:PersistentLevel.Rhythm' with GeneratedClass '/Game/2DSideScrollerBP/Maps/Rhythm.Rhythm_C' with ClassGeneratedBy '/Game/2DSideScrollerBP/Maps/Rhythm.Rhythm:PersistentLevel.Rhythm'
[2017.01.22-04.27.53:425][158]LogPlayLevel: PlayLevel: No blueprints needed recompiling
[2017.01.22-04.27.53:425][158]PIE: New page: PIE session: Rhythm (Jan 21, 2017, 12:27:53 PM)
[2017.01.22-04.27.53:425][158]LogPlayLevel: Creating play world package: /Game/2DSideScrollerBP/Maps/UEDPIE_0_Rhythm
[2017.01.22-04.27.53:509][158]LogPlayLevel: PIE: StaticDuplicateObject took: (0.084158s)
[2017.01.22-04.27.53:513][158]LogAIModule: Creating AISystem for world Rhythm
[2017.01.22-04.27.53:513][158]LogPlayLevel: PIE: World Init took: (0.003981s)
[2017.01.22-04.27.53:514][158]LogPlayLevel: PIE: Created PIE world by copying editor world from /Game/2DSideScrollerBP/Maps/Rhythm.Rhythm to /Game/2DSideScrollerBP/Maps/UEDPIE_0_Rhythm.Rhythm (0.088667s)
[2017.01.22-04.27.53:593][158]LogInit: XAudio2 using 'Speakers (Conexant SmartAudio HD)' : 2 channels at 48 kHz using 32 bits per sample (channel mask 0x3)
[2017.01.22-04.27.53:609][158]LogInit: FAudioDevice initialized.
[2017.01.22-04.27.53:641][158]LogLoad: Game class is '2DSideScrollerGameMode_C'
[2017.01.22-04.27.53:643][158]LogWorld: Bringing World /Game/2DSideScrollerBP/Maps/UEDPIE_0_Rhythm.Rhythm up for play (max tick rate 60) at 2017.01.21-20.27.53
[2017.01.22-04.27.53:644][158]LogWorld: Bringing up level for play took: 0.001843
[2017.01.22-04.27.53:645][158]PIE: Info Play in editor start time for /Game/2DSideScrollerBP/Maps/UEDPIE_0_Rhythm -0.244
[2017.01.22-04.27.53:645][158]LogBlueprintUserMessages: Late PlayInEditor Detection: Level '/Game/2DSideScrollerBP/Maps/Rhythm.Rhythm:PersistentLevel' has LevelScriptBlueprint '/Game/2DSideScrollerBP/Maps/Rhythm.Rhythm:PersistentLevel.Rhythm' with GeneratedClass '/Game/2DSideScrollerBP/Maps/Rhythm.Rhythm_C' with ClassGeneratedBy '/Game/2DSideScrollerBP/Maps/Rhythm.Rhythm:PersistentLevel.Rhythm'
[2017.01.22-04.28.02:708][680]LogBlueprintUserMessages: Early EndPlayMap Detection: Level '/Game/2DSideScrollerBP/Maps/Rhythm.Rhythm:PersistentLevel' has LevelScriptBlueprint '/Game/2DSideScrollerBP/Maps/Rhythm.Rhythm:PersistentLevel.Rhythm' with GeneratedClass '/Game/2DSideScrollerBP/Maps/Rhythm.Rhythm_C' with ClassGeneratedBy '/Game/2DSideScrollerBP/Maps/Rhythm.Rhythm:PersistentLevel.Rhythm'
[2017.01.22-04.28.02:798][680]LogBlueprintUserMessages: Late EndPlayMap Detection: Level '/Game/2DSideScrollerBP/Maps/Rhythm.Rhythm:PersistentLevel' has LevelScriptBlueprint '/Game/2DSideScrollerBP/Maps/Rhythm.Rhythm:PersistentLevel.Rhythm' with GeneratedClass '/Game/2DSideScrollerBP/Maps/Rhythm.Rhythm_C' with ClassGeneratedBy '/Game/2DSideScrollerBP/Maps/Rhythm.Rhythm:PersistentLevel.Rhythm'
[2017.01.22-04.28.07:843][953]LogTemp: Repeting last play command: Selected Viewport
[2017.01.22-04.28.07:856][953]LogBlueprintUserMessages: Early PlayInEditor Detection: Level '/Game/2DSideScrollerBP/Maps/Rhythm.Rhythm:PersistentLevel' has LevelScriptBlueprint '/Game/2DSideScrollerBP/Maps/Rhythm.Rhythm:PersistentLevel.Rhythm' with GeneratedClass '/Game/2DSideScrollerBP/Maps/Rhythm.Rhythm_C' with ClassGeneratedBy '/Game/2DSideScrollerBP/Maps/Rhythm.Rhythm:PersistentLevel.Rhythm'
[2017.01.22-04.28.07:856][953]LogPlayLevel: PlayLevel: No blueprints needed recompiling
[2017.01.22-04.28.07:856][953]PIE: New page: PIE session: Rhythm (Jan 21, 2017, 12:28:07 PM)
[2017.01.22-04.28.07:856][953]LogPlayLevel: Creating play world package: /Game/2DSideScrollerBP/Maps/UEDPIE_0_Rhythm
[2017.01.22-04.28.07:858][953]LogPlayLevel: PIE: StaticDuplicateObject took: (0.002091s)
[2017.01.22-04.28.07:859][953]LogAIModule: Creating AISystem for world Rhythm
[2017.01.22-04.28.07:859][953]LogPlayLevel: PIE: World Init took: (0.000561s)
[2017.01.22-04.28.07:859][953]LogPlayLevel: PIE: Created PIE world by copying editor world from /Game/2DSideScrollerBP/Maps/Rhythm.Rhythm to /Game/2DSideScrollerBP/Maps/UEDPIE_0_Rhythm.Rhythm (0.002873s)
[2017.01.22-04.28.07:939][953]LogInit: XAudio2 using 'Speakers (Conexant SmartAudio HD)' : 2 channels at 48 kHz using 32 bits per sample (channel mask 0x3)
[2017.01.22-04.28.07:945][953]LogInit: FAudioDevice initialized.
[2017.01.22-04.28.07:978][953]LogLoad: Game class is '2DSideScrollerGameMode_C'
[2017.01.22-04.28.07:980][953]LogWorld: Bringing World /Game/2DSideScrollerBP/Maps/UEDPIE_0_Rhythm.Rhythm up for play (max tick rate 60) at 2017.01.21-20.28.07
[2017.01.22-04.28.07:982][953]LogWorld: Bringing up level for play took: 0.002708
[2017.01.22-04.28.07:983][953]PIE: Info Play in editor start time for /Game/2DSideScrollerBP/Maps/UEDPIE_0_Rhythm 0.094
[2017.01.22-04.28.07:983][953]LogBlueprintUserMessages: Late PlayInEditor Detection: Level '/Game/2DSideScrollerBP/Maps/Rhythm.Rhythm:PersistentLevel' has LevelScriptBlueprint '/Game/2DSideScrollerBP/Maps/Rhythm.Rhythm:PersistentLevel.Rhythm' with GeneratedClass '/Game/2DSideScrollerBP/Maps/Rhythm.Rhythm_C' with ClassGeneratedBy '/Game/2DSideScrollerBP/Maps/Rhythm.Rhythm:PersistentLevel.Rhythm'
[2017.01.22-04.28.14:262][322]LogBlueprintUserMessages: Early EndPlayMap Detection: Level '/Game/2DSideScrollerBP/Maps/Rhythm.Rhythm:PersistentLevel' has LevelScriptBlueprint '/Game/2DSideScrollerBP/Maps/Rhythm.Rhythm:PersistentLevel.Rhythm' with GeneratedClass '/Game/2DSideScrollerBP/Maps/Rhythm.Rhythm_C' with ClassGeneratedBy '/Game/2DSideScrollerBP/Maps/Rhythm.Rhythm:PersistentLevel.Rhythm'
[2017.01.22-04.28.14:355][322]LogBlueprintUserMessages: Late EndPlayMap Detection: Level '/Game/2DSideScrollerBP/Maps/Rhythm.Rhythm:PersistentLevel' has LevelScriptBlueprint '/Game/2DSideScrollerBP/Maps/Rhythm.Rhythm:PersistentLevel.Rhythm' with GeneratedClass '/Game/2DSideScrollerBP/Maps/Rhythm.Rhythm_C' with ClassGeneratedBy '/Game/2DSideScrollerBP/Maps/Rhythm.Rhythm:PersistentLevel.Rhythm'
[2017.01.22-04.29.31:994][881]LogSavePackage: Save=171.69ms
[2017.01.22-04.29.31:994][881]LogSavePackage: Moving '../../../../TSUNAMI SMACKDOWN/GGJ-2017-Wave/TSUNAMI_SMACKDOWN/Saved/Rhythm_Auto4083225C84265FC8F171500A23F75D055.tmp' to '../../../../TSUNAMI SMACKDOWN/GGJ-2017-Wave/TSUNAMI_SMACKDOWN/Saved/Autosaves/Game/2DSideScrollerBP/Maps/Rhythm_Auto4.umap'
[2017.01.22-04.29.31:998][881]LogSavePackage:Display: Finished SavePackage ../../../../TSUNAMI SMACKDOWN/GGJ-2017-Wave/TSUNAMI_SMACKDOWN/Saved/Autosaves/Game/2DSideScrollerBP/Maps/Rhythm_Auto4.umap
[2017.01.22-04.29.32:001][881]LogFileHelpers: Editor autosave (incl. sublevels) for '/Game/2DSideScrollerBP/Maps/Rhythm' took 0.239
[2017.01.22-04.29.32:001][881]LogFileHelpers: Editor autosave (incl. sublevels) for all levels took 0.239
[2017.01.22-04.30.17:243][555]LogEditorViewport: Clicking on Actor (LMB): BeatL_C (BeatL)
[2017.01.22-04.30.18:727][636]Cmd: DELETE
[2017.01.22-04.30.18:727][636]Cmd: ACTOR DELETE
[2017.01.22-04.30.18:728][636]LogEditorActor: Deleted Actor: BeatL_C
[2017.01.22-04.30.18:790][636]LogEditorActor: Deleted 1 Actors (0.063 secs)
[2017.01.22-04.30.19:509][678]LogEditorViewport: Clicking on Actor (LMB): 2DSideScrollerCharacter_C (2DSideScrollerCharacter)
[2017.01.22-04.30.21:062][756]Cmd: DELETE
[2017.01.22-04.30.21:063][756]Cmd: ACTOR DELETE
[2017.01.22-04.30.21:063][756]LogEditorActor: Deleted Actor: 2DSideScrollerCharacter_C
[2017.01.22-04.30.21:159][756]LogEditorActor: Deleted 1 Actors (0.096 secs)
[2017.01.22-04.30.23:670][905]LogEditorViewport: Clicking on Actor (LMB): CineCameraActor (CineCameraActor1)
[2017.01.22-04.30.33:708][448]LogEditorViewport: Clicking on Actor (LMB): TargetPoint (TargetPoint)
[2017.01.22-04.30.35:830][562]LogEditorViewport: Clicking on Actor (LMB): CineCameraActor (CineCameraActor1)
[2017.01.22-04.31.14:601][283]LogEditorViewport: Clicking on Actor (LMB): TargetPoint (TargetPoint)
[2017.01.22-04.31.26:184][875]LogEditorViewport: Clicking Background
[2017.01.22-04.31.28:429][992]LogEditorViewport: Clicking Background
[2017.01.22-04.31.40:050][510]LogTemp: Repeting last play command: Selected Viewport
[2017.01.22-04.31.40:072][510]LogBlueprintUserMessages: Early PlayInEditor Detection: Level '/Game/2DSideScrollerBP/Maps/Rhythm.Rhythm:PersistentLevel' has LevelScriptBlueprint '/Game/2DSideScrollerBP/Maps/Rhythm.Rhythm:PersistentLevel.Rhythm' with GeneratedClass '/Game/2DSideScrollerBP/Maps/Rhythm.Rhythm_C' with ClassGeneratedBy '/Game/2DSideScrollerBP/Maps/Rhythm.Rhythm:PersistentLevel.Rhythm'
[2017.01.22-04.31.40:072][510]LogPlayLevel: PlayLevel: No blueprints needed recompiling
[2017.01.22-04.31.40:072][510]PIE: New page: PIE session: Rhythm (Jan 21, 2017, 12:31:40 PM)
[2017.01.22-04.31.40:072][510]LogPlayLevel: Creating play world package: /Game/2DSideScrollerBP/Maps/UEDPIE_0_Rhythm
[2017.01.22-04.31.40:077][510]LogPlayLevel: PIE: StaticDuplicateObject took: (0.004161s)
[2017.01.22-04.31.40:077][510]LogAIModule: Creating AISystem for world Rhythm
[2017.01.22-04.31.40:078][510]LogPlayLevel: PIE: World Init took: (0.000831s)
[2017.01.22-04.31.40:078][510]LogPlayLevel: PIE: Created PIE world by copying editor world from /Game/2DSideScrollerBP/Maps/Rhythm.Rhythm to /Game/2DSideScrollerBP/Maps/UEDPIE_0_Rhythm.Rhythm (0.005288s)
[2017.01.22-04.31.40:147][510]LogInit: XAudio2 using 'Speakers (Conexant SmartAudio HD)' : 2 channels at 48 kHz using 32 bits per sample (channel mask 0x3)
[2017.01.22-04.31.40:153][510]LogInit: FAudioDevice initialized.
[2017.01.22-04.31.40:187][510]LogLoad: Game class is '2DSideScrollerGameMode_C'
[2017.01.22-04.31.40:190][510]LogWorld: Bringing World /Game/2DSideScrollerBP/Maps/UEDPIE_0_Rhythm.Rhythm up for play (max tick rate 60) at 2017.01.21-20.31.40
[2017.01.22-04.31.40:190][510]LogWorld: Bringing up level for play took: 0.001859
[2017.01.22-04.31.40:192][510]PIE: Info Play in editor start time for /Game/2DSideScrollerBP/Maps/UEDPIE_0_Rhythm 0.303
[2017.01.22-04.31.40:192][510]LogBlueprintUserMessages: Late PlayInEditor Detection: Level '/Game/2DSideScrollerBP/Maps/Rhythm.Rhythm:PersistentLevel' has LevelScriptBlueprint '/Game/2DSideScrollerBP/Maps/Rhythm.Rhythm:PersistentLevel.Rhythm' with GeneratedClass '/Game/2DSideScrollerBP/Maps/Rhythm.Rhythm_C' with ClassGeneratedBy '/Game/2DSideScrollerBP/Maps/Rhythm.Rhythm:PersistentLevel.Rhythm'
[2017.01.22-04.31.45:593][815]LogBlueprintUserMessages: Early EndPlayMap Detection: Level '/Game/2DSideScrollerBP/Maps/Rhythm.Rhythm:PersistentLevel' has LevelScriptBlueprint '/Game/2DSideScrollerBP/Maps/Rhythm.Rhythm:PersistentLevel.Rhythm' with GeneratedClass '/Game/2DSideScrollerBP/Maps/Rhythm.Rhythm_C' with ClassGeneratedBy '/Game/2DSideScrollerBP/Maps/Rhythm.Rhythm:PersistentLevel.Rhythm'
